== runtime smoke 2026-04-17T11:01:25Z ==
board=root@10.100.170.226
binary=/home/root/new
true_vendor_root=/home/madejuele/projects/2K0300/true_LS2K0300_Library/Seekfree_LS2K0300_Opensource_Library
[INFO][main.start][1961653] starting ls2k migration runtime
[INFO][profile.loaded][1961660] hardware profile loaded from /home/root/hardware_profile.json
[INFO][params.loaded][1961661] runtime parameters loaded from /home/root/default_params.json
[INFO][profile.camera][1961661] direct-match:phase1-160x120-to-160x128-no-exp-light-control
[INFO][profile.imu][1961661] direct-match:imu-core-device-detect
[INFO][profile.encoder][1961661] direct-match:absolute-count-delta-baseline
[INFO][profile.motor][1961661] direct-match:pwm-gpio-free-function
[INFO][profile.timer][1961661] direct-match:pit-timer-bridge
[INFO][params.critical.apply][1961661] applied startup-critical fields P_Mode and exp_light before adapter bring-up
[INFO][power.init][1961661] power monitor initialized with true_ls2k0300 adc bridge path=/sys/bus/iio/devices/iio:device0/in_voltage7_raw
[INFO][startup.low_voltage.raw][1961661] low-voltage raw check path=/sys/bus/iio/devices/iio:device0/in_voltage7_raw raw=2330 threshold=400
[INFO][startup.low_voltage.clear][1961662] startup low-voltage check is clear
find uvc camera Successfully.
get uvc width = 160.000000.
get uvc height = 120.000000.
get uvc fps = 120.000000.
[INFO][camera.init][1961940] camera initialized through true_ls2k0300 bridge: /dev/video0
[INFO][imu.init][1961942] imu initialized through true_ls2k0300 bridge: resolved IMU resource at /sys/bus/iio/devices/iio:device1
[INFO][imu.detect][1961942] imu detection path selected: imu660ra source=/sys/bus/iio/devices/iio:device1/name
[INFO][imu.calibration.ready][1961984] imu gyro zero-bias calibrated from 32 startup sample(s)
[INFO][encoder.init][1961985] encoder initialized through true_ls2k0300 bridge: left=/dev/zf_encoder_1, right=/dev/zf_encoder_2
[INFO][encoder.normalization][1961985] encoder direct-match normalization keeps logical left=raw_left and logical right=-raw_right
[INFO][motor.init][1961985] motor initialized through true_ls2k0300 bridge: logical_left maps to pwm=/dev/zf_device_pwm_motor_2, gpio=/dev/zf_driver_gpio_motor_2; logical_right maps to pwm=/dev/zf_device_pwm_motor_1, gpio=/dev/zf_driver_gpio_motor_1
[INFO][startup.complete][1961985] startup validated required adapters and applied critical params
[INFO][timer.start.pit][1961985] timer started with true_ls2k0300 pit bridge
[INFO][control.start][1961985] control loop started with PIT-equivalent periodic callback
[INFO][imu.sample.summary][1961991] imu normalized sample acc_z=-4.815556mps2 gyro_z=0.000898radps valid_streak=1
[WARN][encoder.baseline][1961992] encoder baseline established; first absolute sample is not emitted as a delta and logical right-wheel sign is normalized at the adapter boundary
[FAIL_SAFE][control.veto][1961993] vetoing actuator update due to perception_stale
[FAIL_SAFE][control.veto.perception_stale][1961993] dominant control veto reason: perception_stale
[FAIL_SAFE][control.apply.emergency_stop][1961993] emergency-stop command applied to keep actuators fail-safe
[INFO][encoder.delta.summary][1962000] logical encoder delta left=0 right=0 mean=0 diff=0
[WARN][control.veto.sustained][1962195] control remained vetoed for 202 ms with dominant reason=perception_stale
[INFO][imu.continuity.ready][1962201] imu sample stream stayed valid for 32 consecutive reads after bridge normalization
[INFO][control.veto.interval.closed][1962308] previous veto interval closed after 315 ms (reason=perception_stale)
[INFO][control.command.requested_nonzero][1962308] non-zero differential-drive command requested
[INFO][control.apply.drive][1962308] drive command applied to motor adapter
[INFO][control.apply.command][1962308] logical drive command left_pwm=9000 right_pwm=8125
[INFO][control.arm.transition][1962308] actuator armed state transitioned from disarmed to armed (apply_outcome=drive_command_applied)
[INFO][control.unveto.sustained][1962513] control remained non-veto for 205 ms; actuator path stayed eligible for drive application
[INFO][startup.low_voltage.raw][1962665] low-voltage raw check path=/sys/bus/iio/devices/iio:device0/in_voltage7_raw raw=2333 threshold=400
[INFO][imu.sample.summary][1962998] imu normalized sample acc_z=-4.840681mps2 gyro_z=0.000898radps valid_streak=140
[INFO][encoder.delta.summary][1963007] logical encoder delta left=0 right=0 mean=0 diff=0
[INFO][control.command.requested_nonzero][1963309] non-zero differential-drive command requested
[INFO][control.apply.drive][1963309] drive command applied to motor adapter
[INFO][control.apply.command][1963309] logical drive command left_pwm=8663 right_pwm=9000
[INFO][startup.low_voltage.raw][1963666] low-voltage raw check path=/sys/bus/iio/devices/iio:device0/in_voltage7_raw raw=2339 threshold=400
[INFO][imu.sample.summary][1963998] imu normalized sample acc_z=-4.837079mps2 gyro_z=0.001962radps valid_streak=276
[INFO][encoder.delta.summary][1964007] logical encoder delta left=0 right=0 mean=0 diff=0
[INFO][control.command.requested_nonzero][1964315] non-zero differential-drive command requested
[INFO][control.apply.drive][1964315] drive command applied to motor adapter
[INFO][control.apply.command][1964315] logical drive command left_pwm=8879 right_pwm=9000
[INFO][startup.low_voltage.raw][1964667] low-voltage raw check path=/sys/bus/iio/devices/iio:device0/in_voltage7_raw raw=2333 threshold=400
[INFO][imu.sample.summary][1965003] imu normalized sample acc_z=-4.843071mps2 gyro_z=-0.001230radps valid_streak=413
[INFO][encoder.delta.summary][1965012] logical encoder delta left=0 right=0 mean=0 diff=0
[INFO][control.command.requested_nonzero][1965320] non-zero differential-drive command requested
[INFO][control.apply.drive][1965320] drive command applied to motor adapter
[INFO][control.apply.command][1965320] logical drive command left_pwm=9000 right_pwm=8773
[INFO][main.frame_limit][1965615] bounded runtime loop reached LS2K_MAX_FRAMES=400
[INFO][timer.stop][1965619] timer bridge stopped
[INFO][camera.shutdown][1965619] camera adapter shutdown complete
[INFO][imu.shutdown][1965619] imu adapter shutdown complete
[INFO][encoder.shutdown][1965619] encoder adapter shutdown complete
[INFO][motor.shutdown][1965619] motor adapter shutdown complete
[INFO][shutdown.complete][1965619] actuators disabled and resources released
[INFO][main.exit][1965619] runtime exit complete
remote_runtime_exit=0
remote_log_copy_exit=0
remote_runtime_invoked=1
