== runtime smoke 2026-04-17T11:02:28Z ==
board=root@10.100.170.226
binary=/home/root/new
true_vendor_root=/home/madejuele/projects/2K0300/true_LS2K0300_Library/Seekfree_LS2K0300_Opensource_Library
[INFO][main.start][2024342] starting ls2k migration runtime
[INFO][profile.loaded][2024343] hardware profile loaded from /home/root/hardware_profile.json
[INFO][params.loaded][2024344] runtime parameters loaded from /home/root/default_params.json
[INFO][profile.camera][2024344] direct-match:phase1-160x120-to-160x128-no-exp-light-control
[INFO][profile.imu][2024344] direct-match:imu-core-device-detect
[INFO][profile.encoder][2024344] direct-match:absolute-count-delta-baseline
[INFO][profile.motor][2024344] direct-match:pwm-gpio-free-function
[INFO][profile.timer][2024344] direct-match:pit-timer-bridge
[INFO][params.critical.apply][2024344] applied startup-critical fields P_Mode and exp_light before adapter bring-up
[INFO][power.init][2024344] power monitor initialized with true_ls2k0300 adc bridge path=/sys/bus/iio/devices/iio:device0/in_voltage7_raw
[INFO][startup.low_voltage.raw][2024344] low-voltage raw check path=/sys/bus/iio/devices/iio:device0/in_voltage7_raw raw=2344 threshold=400
[INFO][startup.low_voltage.clear][2024345] startup low-voltage check is clear
find uvc camera Successfully.
get uvc width = 160.000000.
get uvc height = 120.000000.
get uvc fps = 120.000000.
[INFO][camera.init][2024615] camera initialized through true_ls2k0300 bridge: /dev/video0
[INFO][imu.init][2024617] imu initialized through true_ls2k0300 bridge: resolved IMU resource at /sys/bus/iio/devices/iio:device1
[INFO][imu.detect][2024617] imu detection path selected: imu660ra source=/sys/bus/iio/devices/iio:device1/name
[INFO][imu.calibration.ready][2024659] imu gyro zero-bias calibrated from 32 startup sample(s)
[INFO][encoder.init][2024659] encoder initialized through true_ls2k0300 bridge: left=/dev/zf_encoder_1, right=/dev/zf_encoder_2
[INFO][encoder.normalization][2024659] encoder direct-match normalization keeps logical left=raw_left and logical right=-raw_right
[INFO][motor.init][2024659] motor initialized through true_ls2k0300 bridge: logical_left maps to pwm=/dev/zf_device_pwm_motor_2, gpio=/dev/zf_driver_gpio_motor_2; logical_right maps to pwm=/dev/zf_device_pwm_motor_1, gpio=/dev/zf_driver_gpio_motor_1
[INFO][startup.complete][2024659] startup validated required adapters and applied critical params
[INFO][timer.start.pit][2024659] timer started with true_ls2k0300 pit bridge
[INFO][control.start][2024659] control loop started with PIT-equivalent periodic callback
[INFO][imu.sample.summary][2024665] imu normalized sample acc_z=-4.843073mps2 gyro_z=0.000831radps valid_streak=1
[WARN][encoder.baseline][2024667] encoder baseline established; first absolute sample is not emitted as a delta and logical right-wheel sign is normalized at the adapter boundary
[FAIL_SAFE][control.veto][2024667] vetoing actuator update due to perception_stale
[FAIL_SAFE][control.veto.perception_stale][2024667] dominant control veto reason: perception_stale
[FAIL_SAFE][control.apply.emergency_stop][2024667] emergency-stop command applied to keep actuators fail-safe
[INFO][encoder.delta.summary][2024675] logical encoder delta left=0 right=0 mean=0 diff=0
[WARN][control.veto.sustained][2024870] control remained vetoed for 203 ms with dominant reason=perception_stale
[INFO][imu.continuity.ready][2024875] imu sample stream stayed valid for 32 consecutive reads after bridge normalization
[INFO][control.veto.interval.closed][2024977] previous veto interval closed after 310 ms (reason=perception_stale)
[INFO][control.command.requested_nonzero][2024977] non-zero differential-drive command requested
[INFO][control.apply.drive][2024977] drive command applied to motor adapter
[INFO][control.apply.command][2024977] logical drive command left_pwm=9000 right_pwm=0
[INFO][control.arm.transition][2024977] actuator armed state transitioned from disarmed to armed (apply_outcome=drive_command_applied)
[INFO][control.unveto.sustained][2025182] control remained non-veto for 205 ms; actuator path stayed eligible for drive application
[INFO][startup.low_voltage.raw][2025345] low-voltage raw check path=/sys/bus/iio/devices/iio:device0/in_voltage7_raw raw=2330 threshold=400
[INFO][imu.sample.summary][2025665] imu normalized sample acc_z=-4.837099mps2 gyro_z=-0.002361radps valid_streak=140
[INFO][encoder.delta.summary][2025681] logical encoder delta left=0 right=0 mean=0 diff=0
[INFO][control.command.requested_nonzero][2025982] non-zero differential-drive command requested
[INFO][control.apply.drive][2025982] drive command applied to motor adapter
[INFO][control.apply.command][2025982] logical drive command left_pwm=9000 right_pwm=8382
[INFO][startup.low_voltage.raw][2026345] low-voltage raw check path=/sys/bus/iio/devices/iio:device0/in_voltage7_raw raw=2334 threshold=400
[INFO][imu.sample.summary][2026671] imu normalized sample acc_z=-4.839508mps2 gyro_z=-0.002361radps valid_streak=277
[INFO][encoder.delta.summary][2026687] logical encoder delta left=0 right=0 mean=0 diff=0
[INFO][control.command.requested_nonzero][2026989] non-zero differential-drive command requested
[INFO][control.apply.drive][2026989] drive command applied to motor adapter
[INFO][control.apply.command][2026989] logical drive command left_pwm=9000 right_pwm=8408
[INFO][startup.low_voltage.raw][2027346] low-voltage raw check path=/sys/bus/iio/devices/iio:device0/in_voltage7_raw raw=2337 threshold=400
[INFO][imu.sample.summary][2027676] imu normalized sample acc_z=-4.846660mps2 gyro_z=0.000831radps valid_streak=414
[INFO][encoder.delta.summary][2027693] logical encoder delta left=0 right=0 mean=0 diff=0
[INFO][control.command.requested_nonzero][2027994] non-zero differential-drive command requested
[INFO][control.apply.drive][2027994] drive command applied to motor adapter
[INFO][control.apply.command][2027994] logical drive command left_pwm=9000 right_pwm=8445
[INFO][main.frame_limit][2028284] bounded runtime loop reached LS2K_MAX_FRAMES=400
[INFO][timer.stop][2028287] timer bridge stopped
[INFO][camera.shutdown][2028287] camera adapter shutdown complete
[INFO][imu.shutdown][2028287] imu adapter shutdown complete
[INFO][encoder.shutdown][2028287] encoder adapter shutdown complete
[INFO][motor.shutdown][2028287] motor adapter shutdown complete
[INFO][shutdown.complete][2028287] actuators disabled and resources released
[INFO][main.exit][2028287] runtime exit complete
remote_runtime_exit=0
remote_log_copy_exit=0
remote_runtime_invoked=1
