== runtime smoke 2026-04-17T11:02:39Z ==
board=root@10.100.170.226
binary=/home/root/new
true_vendor_root=/home/madejuele/projects/2K0300/true_LS2K0300_Library/Seekfree_LS2K0300_Opensource_Library
[INFO][main.start][2035178] starting ls2k migration runtime
[INFO][profile.loaded][2035179] hardware profile loaded from /home/root/hardware_profile.json
[INFO][params.loaded][2035179] runtime parameters loaded from /home/root/default_params.json
[INFO][profile.camera][2035179] direct-match:phase1-160x120-to-160x128-no-exp-light-control
[INFO][profile.imu][2035179] direct-match:imu-core-device-detect
[INFO][profile.encoder][2035179] direct-match:absolute-count-delta-baseline
[INFO][profile.motor][2035179] direct-match:pwm-gpio-free-function
[INFO][profile.timer][2035179] direct-match:pit-timer-bridge
[INFO][params.critical.apply][2035179] applied startup-critical fields P_Mode and exp_light before adapter bring-up
[INFO][power.init][2035180] power monitor initialized with true_ls2k0300 adc bridge path=/sys/bus/iio/devices/iio:device0/in_voltage7_raw
[INFO][startup.low_voltage.raw][2035180] low-voltage raw check path=/sys/bus/iio/devices/iio:device0/in_voltage7_raw raw=2333 threshold=400
[INFO][startup.low_voltage.clear][2035180] startup low-voltage check is clear
find uvc camera Successfully.
get uvc width = 160.000000.
get uvc height = 120.000000.
get uvc fps = 120.000000.
[INFO][camera.init][2035452] camera initialized through true_ls2k0300 bridge: /dev/video0
[INFO][imu.init][2035453] imu initialized through true_ls2k0300 bridge: resolved IMU resource at /sys/bus/iio/devices/iio:device1
[INFO][imu.detect][2035453] imu detection path selected: imu660ra source=/sys/bus/iio/devices/iio:device1/name
[INFO][imu.calibration.ready][2035495] imu gyro zero-bias calibrated from 32 startup sample(s)
[INFO][encoder.init][2035495] encoder initialized through true_ls2k0300 bridge: left=/dev/zf_encoder_1, right=/dev/zf_encoder_2
[INFO][encoder.normalization][2035495] encoder direct-match normalization keeps logical left=raw_left and logical right=-raw_right
[INFO][motor.init][2035496] motor initialized through true_ls2k0300 bridge: logical_left maps to pwm=/dev/zf_device_pwm_motor_2, gpio=/dev/zf_driver_gpio_motor_2; logical_right maps to pwm=/dev/zf_device_pwm_motor_1, gpio=/dev/zf_driver_gpio_motor_1
[INFO][startup.complete][2035496] startup validated required adapters and applied critical params
[INFO][timer.start.pit][2035496] timer started with true_ls2k0300 pit bridge
[INFO][control.start][2035496] control loop started with PIT-equivalent periodic callback
[INFO][imu.sample.summary][2035502] imu normalized sample acc_z=-4.843073mps2 gyro_z=-0.000399radps valid_streak=1
[WARN][encoder.baseline][2035503] encoder baseline established; first absolute sample is not emitted as a delta and logical right-wheel sign is normalized at the adapter boundary
[FAIL_SAFE][control.veto][2035503] vetoing actuator update due to perception_stale
[FAIL_SAFE][control.veto.perception_stale][2035503] dominant control veto reason: perception_stale
[FAIL_SAFE][control.apply.emergency_stop][2035503] emergency-stop command applied to keep actuators fail-safe
[INFO][encoder.delta.summary][2035511] logical encoder delta left=0 right=0 mean=0 diff=0
[WARN][control.veto.sustained][2035706] control remained vetoed for 203 ms with dominant reason=perception_stale
[INFO][imu.continuity.ready][2035711] imu sample stream stayed valid for 32 consecutive reads after bridge normalization
[INFO][control.veto.interval.closed][2035812] previous veto interval closed after 309 ms (reason=perception_stale)
[INFO][control.command.requested_nonzero][2035812] non-zero differential-drive command requested
[INFO][control.apply.drive][2035812] drive command applied to motor adapter
[INFO][control.apply.command][2035812] logical drive command left_pwm=9000 right_pwm=8145
[INFO][control.arm.transition][2035812] actuator armed state transitioned from disarmed to armed (apply_outcome=drive_command_applied)
[INFO][control.unveto.sustained][2036019] control remained non-veto for 207 ms; actuator path stayed eligible for drive application
[INFO][startup.low_voltage.raw][2036184] low-voltage raw check path=/sys/bus/iio/devices/iio:device0/in_voltage7_raw raw=2337 threshold=400
[INFO][imu.sample.summary][2036503] imu normalized sample acc_z=-4.844150mps2 gyro_z=-0.001463radps valid_streak=140
[INFO][encoder.delta.summary][2036511] logical encoder delta left=0 right=0 mean=0 diff=0
[INFO][control.command.requested_nonzero][2036813] non-zero differential-drive command requested
[INFO][control.apply.drive][2036813] drive command applied to motor adapter
[INFO][control.apply.command][2036813] logical drive command left_pwm=9000 right_pwm=7827
[INFO][startup.low_voltage.raw][2037187] low-voltage raw check path=/sys/bus/iio/devices/iio:device0/in_voltage7_raw raw=2331 threshold=400
[INFO][imu.sample.summary][2037503] imu normalized sample acc_z=-4.844234mps2 gyro_z=0.000665radps valid_streak=276
[INFO][encoder.delta.summary][2037513] logical encoder delta left=0 right=0 mean=0 diff=0
[INFO][control.command.requested_nonzero][2037814] non-zero differential-drive command requested
[INFO][control.apply.drive][2037814] drive command applied to motor adapter
[INFO][control.apply.command][2037814] logical drive command left_pwm=9000 right_pwm=8475
[INFO][startup.low_voltage.raw][2038187] low-voltage raw check path=/sys/bus/iio/devices/iio:device0/in_voltage7_raw raw=2331 threshold=400
[INFO][imu.sample.summary][2038504] imu normalized sample acc_z=-4.835942mps2 gyro_z=-0.002527radps valid_streak=412
[INFO][encoder.delta.summary][2038513] logical encoder delta left=0 right=0 mean=0 diff=0
[INFO][control.command.requested_nonzero][2038815] non-zero differential-drive command requested
[INFO][control.apply.drive][2038815] drive command applied to motor adapter
[INFO][control.apply.command][2038815] logical drive command left_pwm=8901 right_pwm=9000
[INFO][main.frame_limit][2039120] bounded runtime loop reached LS2K_MAX_FRAMES=400
[INFO][timer.stop][2039122] timer bridge stopped
[INFO][camera.shutdown][2039122] camera adapter shutdown complete
[INFO][imu.shutdown][2039122] imu adapter shutdown complete
[INFO][encoder.shutdown][2039123] encoder adapter shutdown complete
[INFO][motor.shutdown][2039123] motor adapter shutdown complete
[INFO][shutdown.complete][2039123] actuators disabled and resources released
[INFO][main.exit][2039123] runtime exit complete
remote_runtime_exit=0
remote_log_copy_exit=0
remote_runtime_invoked=1
