sample=01 ax=110
 ay=-551
 az=-4043
 gx=10
 gy=12
 gz=-1
sample=02 ax=15
 ay=-727
 az=-3904
 gx=105
 gy=-44
 gz=-19
sample=03 ax=109
 ay=-642
 az=-4105
 gx=-15
 gy=-15
 gz=-6
sample=04 ax=110
 ay=-583
 az=-3967
 gx=31
 gy=236
 gz=-17
sample=05 ax=109
 ay=-537
 az=-4026
 gx=-5
 gy=17
 gz=-2
sample=06 ax=114
 ay=-539
 az=-4034
 gx=37
 gy=-15
 gz=-1
sample=07 ax=94
 ay=-629
 az=-4083
 gx=-4
 gy=-10
 gz=-9
sample=08 ax=104
 ay=-601
 az=-4059
 gx=-3
 gy=9
 gz=1
sample=09 ax=98
 ay=-640
 az=-4090
 gx=17
 gy=-3
 gz=0
sample=10 ax=108
 ay=-583
 az=-4046
 gx=-7
 gy=-1
 gz=2
sample=11 ax=112
 ay=-536
 az=-4036
 gx=12
 gy=-30
 gz=10
sample=12 ax=