== runtime smoke 2026-04-19T00:11:30Z ==
board=root@10.100.170.226
binary=/home/root/new
params_source=/home/madejuele/projects/2K0300/new/user/../config/default_params.json
profile_source=/home/madejuele/projects/2K0300/new/user/../config/hardware_profile.json
smoke_enable_motor=0
true_vendor_root=/home/madejuele/projects/2K0300/true_LS2K0300_Library/Seekfree_LS2K0300_Opensource_Library
harness_context_begin
LS2K_AUTO_START=1
LS2K_AUTO_START_DELAY_MS=200
LS2K_AUTO_STOP_AFTER_MS=0
LS2K_AUTO_RESET_FAULT=0
SMOKE_MAX_FRAMES=400
LS2K_FAULT_INJECT_DROP_FRAME_EVERY_N=0
LS2K_FAULT_INJECT_IMU_INVALID_EVERY_N=0
LS2K_FAULT_INJECT_ENCODER_INVALID_EVERY_N=0
LS2K_FORCE_LOW_VOLTAGE=unset
harness_context_end
[INFO][main.start][671683] starting ls2k migration runtime
[INFO][profile.loaded][671690] hardware profile loaded from /home/root/hardware_profile.smoke.json
[INFO][params.loaded][671691] runtime parameters loaded from /home/root/default_params.smoke.json
[INFO][profile.camera][671691] direct-match:phase1-160x120-to-160x128-no-exp-light-control
[INFO][profile.imu][671691] direct-match:imu-core-device-detect
[INFO][profile.encoder][671691] direct-match:absolute-count-delta-baseline
[INFO][profile.motor][671691] disabled:smoke-motor-disabled
[INFO][profile.timer][671691] direct-match:pit-timer-bridge
[WARN][startup.mode.degraded][671691] degraded startup mode enabled: non-direct-match profiles may pass startup for diagnostics only
[WARN][startup.profile.motor.degraded][671692] motor profile is disabled:smoke-motor-disabled (allowed only in degraded startup mode)
[INFO][params.critical.apply][671692] applied startup-critical fields P_Mode and exp_light before adapter bring-up
[INFO][power.init][671692] power monitor initialized with true_ls2k0300 adc bridge path=/sys/bus/iio/devices/iio:device0/in_voltage7_raw
[INFO][startup.low_voltage.raw][671692] low-voltage raw check path=/sys/bus/iio/devices/iio:device0/in_voltage7_raw raw=2301 threshold=400
[INFO][startup.low_voltage.clear][671692] startup low-voltage check is clear
find uvc camera Successfully.
get uvc width = 160.000000.
get uvc height = 120.000000.
get uvc fps = 120.000000.
[INFO][camera.init][671988] camera initialized through true_ls2k0300 bridge: /dev/video0
[INFO][imu.init][671990] imu initialized through true_ls2k0300 bridge: resolved IMU resource at /sys/bus/iio/devices/iio:device1
[INFO][imu.detect][671990] imu detection path selected: imu660ra source=/sys/bus/iio/devices/iio:device1/name
[INFO][imu.calibration.ready][672032] imu gyro zero-bias calibrated from 32 startup sample(s)
[INFO][encoder.init][672032] encoder initialized through true_ls2k0300 bridge: left=/dev/zf_encoder_1, right=/dev/zf_encoder_2
[INFO][encoder.normalization][672032] encoder direct-match normalization keeps logical left=raw_left and logical right=-raw_right for direct speed samples
[INFO][motor.disabled][672032] motor subsystem disabled by hardware profile
[WARN][startup.motor.disabled.degraded][672032] motor is disabled by profile and degraded startup mode is enabled
[INFO][startup.complete][672032] startup validated required adapters and applied critical params
[WARN][control.start.degraded.motor_disabled][672032] degraded startup keeps control loop running with motor disabled; actuators stay disarmed
[INFO][timer.start.pit][672033] timer started with true_ls2k0300 pit bridge
[FAIL_SAFE][control.arm.motor_disabled][672033] motor profile is disabled; control loop stays diagnostics-only with actuators disarmed
[INFO][control.start][672033] control loop started with gate -> motion supervisor -> shaping/apply sequencing
[INFO][main.harness_context][672033] automation_context auto_start=true auto_start_delay_ms=200 auto_stop_after_ms=0 auto_reset_fault=false emit_frame_progress=true
[INFO][imu.sample.summary][672039] imu normalized sample acc_z=-4.825127mps2 gyro_z=0.000399radps valid_streak=1
[INFO][encoder.delta.summary][672041] logical encoder sample left=0 right=0 mean=0 diff=0
[FAIL_SAFE][control.veto][672041] vetoing actuator update due to perception_stale
[FAIL_SAFE][control.veto.perception_stale][672041] dominant control veto reason: perception_stale
[WARN][control.apply.suppressed][672041] drive command suppressed because the active motor profile is diagnostics-only
[WARN][control.veto.sustained][672245] control remained vetoed for 204 ms with dominant reason=perception_stale
[INFO][imu.continuity.ready][672259] imu sample stream stayed valid for 32 consecutive reads after bridge normalization
[INFO][main.frame.processed][672033] processed_frames=1
[INFO][motion.start.requested][672361] motion start requested by LS2K_AUTO_START
[INFO][motion.phase.transition][672365] motion phase transitioned from DISARMED to START_REQUESTED
[WARN][motion.start.blocked][672365] start request remains blocked while gate reason=perception_stale
[INFO][main.frame.processed][672361] processed_frames=2
[INFO][control.veto.interval.closed][672380] previous veto interval closed after 339 ms (reason=perception_stale)
[INFO][main.frame.processed][672374] processed_frames=3
[INFO][main.frame.processed][672383] processed_frames=4
[INFO][motion.phase.transition][672395] motion phase transitioned from START_REQUESTED to SPINUP
[INFO][motion.spinup.enter][672395] motion start request cleared the gate-confirmation boundary and entered spinup
[INFO][control.command.requested_nonzero][672395] non-zero differential-drive command requested
[INFO][main.frame.processed][672391] processed_frames=5
[INFO][main.frame.processed][672399] processed_frames=6
[INFO][main.frame.processed][672410] processed_frames=7
[INFO][main.frame.processed][672417] processed_frames=8
[INFO][main.frame.processed][672427] processed_frames=9
[INFO][main.frame.processed][672442] processed_frames=10
[INFO][main.frame.processed][672456] processed_frames=11
[INFO][main.frame.processed][672470] processed_frames=12
[INFO][main.frame.processed][672481] processed_frames=13
[INFO][main.frame.processed][672490] processed_frames=14
[INFO][main.frame.processed][672499] processed_frames=15
[INFO][main.frame.processed][672506] processed_frames=16
[INFO][main.frame.processed][672514] processed_frames=17
[INFO][main.frame.processed][672521] processed_frames=18
[INFO][main.frame.processed][672532] processed_frames=19
[INFO][main.frame.processed][672547] processed_frames=20
[INFO][main.frame.processed][672560] processed_frames=21
[INFO][control.unveto.sustained][672582] control remained non-veto for 202 ms; actuator path stayed eligible for lifecycle evaluation
[INFO][main.frame.processed][672574] processed_frames=22
[INFO][main.frame.processed][672585] processed_frames=23
[INFO][main.frame.processed][672594] processed_frames=24
[INFO][main.frame.processed][672603] processed_frames=25
[INFO][main.frame.processed][672611] processed_frames=26
[INFO][main.frame.processed][672618] processed_frames=27
[INFO][main.frame.processed][672625] processed_frames=28
[INFO][main.frame.processed][672640] processed_frames=29
[INFO][main.frame.processed][672651] processed_frames=30
[INFO][main.frame.processed][672662] processed_frames=31
[INFO][main.frame.processed][672678] processed_frames=32
[INFO][main.frame.processed][672689] processed_frames=33
[INFO][startup.low_voltage.raw][672698] low-voltage raw check path=/sys/bus/iio/devices/iio:device0/in_voltage7_raw raw=2318 threshold=400
[INFO][main.frame.processed][672700] processed_frames=34
[INFO][main.frame.processed][672707] processed_frames=35
[INFO][main.frame.processed][672714] processed_frames=36
[INFO][main.frame.processed][672722] processed_frames=37
[INFO][main.frame.processed][672729] processed_frames=38
[INFO][main.frame.processed][672742] processed_frames=39
[INFO][main.frame.processed][672754] processed_frames=40
[INFO][main.frame.processed][672768] processed_frames=41
[INFO][main.frame.processed][672783] processed_frames=42
[INFO][main.frame.processed][672795] processed_frames=43
[INFO][main.frame.processed][672803] processed_frames=44
[INFO][main.frame.processed][672811] processed_frames=45
[INFO][main.frame.processed][672821] processed_frames=46
[INFO][main.frame.processed][672829] processed_frames=47
[INFO][main.frame.processed][672836] processed_frames=48
[INFO][main.frame.processed][672845] processed_frames=49
[INFO][main.frame.processed][672862] processed_frames=50
[INFO][main.frame.processed][672871] processed_frames=51
[INFO][main.frame.processed][672887] processed_frames=52
[INFO][main.frame.processed][672900] processed_frames=53
[INFO][main.frame.processed][672909] processed_frames=54
[INFO][main.frame.processed][672919] processed_frames=55
[INFO][main.frame.processed][672927] processed_frames=56
[INFO][main.frame.processed][672935] processed_frames=57
[INFO][main.frame.processed][672944] processed_frames=58
[INFO][main.frame.processed][672960] processed_frames=59
[INFO][main.frame.processed][672972] processed_frames=60
[INFO][motion.phase.transition][673000] motion phase transitioned from SPINUP to RUNNING
[INFO][motion.spinup.complete][673000] spinup timer completed and running authority is now released
[INFO][main.frame.processed][672989] processed_frames=61
[INFO][main.frame.processed][673003] processed_frames=62
[INFO][main.frame.processed][673011] processed_frames=63
[INFO][main.frame.processed][673021] processed_frames=64
[INFO][main.frame.processed][673029] processed_frames=65
[INFO][main.frame.processed][673036] processed_frames=66
[INFO][imu.sample.summary][673042] imu normalized sample acc_z=-4.821531mps2 gyro_z=0.000399radps valid_streak=136
[INFO][encoder.delta.summary][673043] logical encoder sample left=0 right=0 mean=0 diff=0
[WARN][control.apply.suppressed][673044] drive command suppressed because the active motor profile is diagnostics-only
[INFO][main.frame.processed][673044] processed_frames=67
[INFO][main.frame.processed][673053] processed_frames=68
[INFO][main.frame.processed][673068] processed_frames=69
[INFO][main.frame.processed][673079] processed_frames=70
[INFO][main.frame.processed][673095] processed_frames=71
[INFO][main.frame.processed][673108] processed_frames=72
[INFO][main.frame.processed][673116] processed_frames=73
[INFO][main.frame.processed][673126] processed_frames=74
[INFO][main.frame.processed][673134] processed_frames=75
[INFO][main.frame.processed][673141] processed_frames=76
[INFO][main.frame.processed][673148] processed_frames=77
[INFO][main.frame.processed][673159] processed_frames=78
[INFO][main.frame.processed][673174] processed_frames=79
[INFO][main.frame.processed][673184] processed_frames=80
[INFO][main.frame.processed][673202] processed_frames=81
[INFO][main.frame.processed][673213] processed_frames=82
[INFO][main.frame.processed][673221] processed_frames=83
[INFO][main.frame.processed][673231] processed_frames=84
[INFO][main.frame.processed][673238] processed_frames=85
[INFO][main.frame.processed][673246] processed_frames=86
[INFO][main.frame.processed][673253] processed_frames=87
[INFO][main.frame.processed][673264] processed_frames=88
[INFO][main.frame.processed][673279] processed_frames=89
[INFO][main.frame.processed][673292] processed_frames=90
[INFO][main.frame.processed][673306] processed_frames=91
[INFO][main.frame.processed][673318] processed_frames=92
[INFO][main.frame.processed][673328] processed_frames=93
[INFO][main.frame.processed][673335] processed_frames=94
[INFO][main.frame.processed][673343] processed_frames=95
[INFO][main.frame.processed][673352] processed_frames=96
[INFO][main.frame.processed][673362] processed_frames=97
[INFO][main.frame.processed][673377] processed_frames=98
[INFO][control.command.requested_nonzero][673401] non-zero differential-drive command requested
[INFO][main.frame.processed][673389] processed_frames=99
[INFO][main.frame.processed][673405] processed_frames=100
[INFO][main.frame.processed][673419] processed_frames=101
[INFO][main.frame.processed][673427] processed_frames=102
[INFO][main.frame.processed][673437] processed_frames=103
[INFO][main.frame.processed][673445] processed_frames=104
[INFO][main.frame.processed][673452] processed_frames=105
[INFO][main.frame.processed][673459] processed_frames=106
[INFO][main.frame.processed][673467] processed_frames=107
[INFO][main.frame.processed][673484] processed_frames=108
[INFO][main.frame.processed][673496] processed_frames=109
[INFO][main.frame.processed][673514] processed_frames=110
[INFO][main.frame.processed][673524] processed_frames=111
[INFO][main.frame.processed][673534] processed_frames=112
[INFO][main.frame.processed][673541] processed_frames=113
[INFO][main.frame.processed][673549] processed_frames=114
[INFO][main.frame.processed][673556] processed_frames=115
[INFO][main.frame.processed][673563] processed_frames=116
[INFO][main.frame.processed][673571] processed_frames=117
[INFO][main.frame.processed][673586] processed_frames=118
[INFO][main.frame.processed][673601] processed_frames=119
[INFO][main.frame.processed][673617] processed_frames=120
[INFO][main.frame.processed][673628] processed_frames=121
[INFO][main.frame.processed][673636] processed_frames=122
[INFO][main.frame.processed][673646] processed_frames=123
[INFO][main.frame.processed][673653] processed_frames=124
[INFO][main.frame.processed][673661] processed_frames=125
[INFO][main.frame.processed][673668] processed_frames=126
[INFO][main.frame.processed][673675] processed_frames=127
[INFO][main.frame.processed][673692] processed_frames=128
[INFO][startup.low_voltage.raw][673701] low-voltage raw check path=/sys/bus/iio/devices/iio:device0/in_voltage7_raw raw=2302 threshold=400
[INFO][main.frame.processed][673701] processed_frames=129
[INFO][main.frame.processed][673716] processed_frames=130
[INFO][main.frame.processed][673732] processed_frames=131
[INFO][main.frame.processed][673743] processed_frames=132
[INFO][main.frame.processed][673750] processed_frames=133
[INFO][main.frame.processed][673757] processed_frames=134
[INFO][main.frame.processed][673765] processed_frames=135
[INFO][main.frame.processed][673772] processed_frames=136
[INFO][main.frame.processed][673779] processed_frames=137
[INFO][main.frame.processed][673792] processed_frames=138
[INFO][main.frame.processed][673808] processed_frames=139
[INFO][main.frame.processed][673821] processed_frames=140
[INFO][main.frame.processed][673834] processed_frames=141
[INFO][main.frame.processed][673844] processed_frames=142
[INFO][main.frame.processed][673851] processed_frames=143
[INFO][main.frame.processed][673858] processed_frames=144
[INFO][main.frame.processed][673866] processed_frames=145
[INFO][main.frame.processed][673873] processed_frames=146
[INFO][main.frame.processed][673881] processed_frames=147
[INFO][main.frame.processed][673891] processed_frames=148
[INFO][main.frame.processed][673907] processed_frames=149
[INFO][main.frame.processed][673920] processed_frames=150
[INFO][main.frame.processed][673936] processed_frames=151
[INFO][main.frame.processed][673947] processed_frames=152
[INFO][main.frame.processed][673955] processed_frames=153
[INFO][main.frame.processed][673962] processed_frames=154
[INFO][main.frame.processed][673969] processed_frames=155
[INFO][main.frame.processed][673977] processed_frames=156
[INFO][main.frame.processed][673984] processed_frames=157
[INFO][main.frame.processed][673993] processed_frames=158
[INFO][main.frame.processed][674010] processed_frames=159
[INFO][main.frame.processed][674019] processed_frames=160
[INFO][main.frame.processed][674036] processed_frames=161
[INFO][imu.sample.summary][674045] imu normalized sample acc_z=-4.817948mps2 gyro_z=-0.000665radps valid_streak=270
[INFO][encoder.delta.summary][674046] logical encoder sample left=0 right=0 mean=0 diff=0
[WARN][control.apply.suppressed][674046] drive command suppressed because the active motor profile is diagnostics-only
[INFO][main.frame.processed][674048] processed_frames=162
[INFO][main.frame.processed][674057] processed_frames=163
[INFO][main.frame.processed][674065] processed_frames=164
[INFO][main.frame.processed][674075] processed_frames=165
[INFO][main.frame.processed][674083] processed_frames=166
[INFO][main.frame.processed][674090] processed_frames=167
[INFO][main.frame.processed][674097] processed_frames=168
[INFO][main.frame.processed][674112] processed_frames=169
[INFO][main.frame.processed][674125] processed_frames=170
[INFO][main.frame.processed][674141] processed_frames=171
[INFO][main.frame.processed][674154] processed_frames=172
[INFO][main.frame.processed][674162] processed_frames=173
[INFO][main.frame.processed][674173] processed_frames=174
[INFO][main.frame.processed][674180] processed_frames=175
[INFO][main.frame.processed][674187] processed_frames=176
[INFO][main.frame.processed][674195] processed_frames=177
[INFO][main.frame.processed][674202] processed_frames=178
[INFO][main.frame.processed][674217] processed_frames=179
[INFO][main.frame.processed][674228] processed_frames=180
[INFO][main.frame.processed][674248] processed_frames=181
[INFO][main.frame.processed][674258] processed_frames=182
[INFO][main.frame.processed][674269] processed_frames=183
[INFO][main.frame.processed][674276] processed_frames=184
[INFO][main.frame.processed][674285] processed_frames=185
[INFO][main.frame.processed][674293] processed_frames=186
[INFO][main.frame.processed][674301] processed_frames=187
[INFO][main.frame.processed][674314] processed_frames=188
[INFO][main.frame.processed][674329] processed_frames=189
[INFO][main.frame.processed][674339] processed_frames=190
[INFO][main.frame.processed][674357] processed_frames=191
[INFO][main.frame.processed][674367] processed_frames=192
[INFO][main.frame.processed][674376] processed_frames=193
[INFO][main.frame.processed][674384] processed_frames=194
[INFO][main.frame.processed][674394] processed_frames=195
[INFO][control.command.requested_nonzero][674401] non-zero differential-drive command requested
[INFO][main.frame.processed][674401] processed_frames=196
[INFO][main.frame.processed][674409] processed_frames=197
[INFO][main.frame.processed][674416] processed_frames=198
[INFO][main.frame.processed][674428] processed_frames=199
[INFO][main.frame.processed][674445] processed_frames=200
[INFO][main.frame.processed][674458] processed_frames=201
[INFO][main.frame.processed][674474] processed_frames=202
[INFO][main.frame.processed][674482] processed_frames=203
[INFO][main.frame.processed][674492] processed_frames=204
[INFO][main.frame.processed][674499] processed_frames=205
[INFO][main.frame.processed][674507] processed_frames=206
[INFO][main.frame.processed][674514] processed_frames=207
[INFO][main.frame.processed][674521] processed_frames=208
[INFO][main.frame.processed][674536] processed_frames=209
[INFO][main.frame.processed][674547] processed_frames=210
[INFO][main.frame.processed][674565] processed_frames=211
[INFO][main.frame.processed][674579] processed_frames=212
[INFO][main.frame.processed][674587] processed_frames=213
[INFO][main.frame.processed][674595] processed_frames=214
[INFO][main.frame.processed][674606] processed_frames=215
[INFO][main.frame.processed][674613] processed_frames=216
[INFO][main.frame.processed][674620] processed_frames=217
[INFO][main.frame.processed][674631] processed_frames=218
[INFO][main.frame.processed][674646] processed_frames=219
[INFO][main.frame.processed][674656] processed_frames=220
[INFO][main.frame.processed][674674] processed_frames=221
[INFO][main.frame.processed][674685] processed_frames=222
[INFO][main.frame.processed][674696] processed_frames=223
[INFO][startup.low_voltage.raw][674701] low-voltage raw check path=/sys/bus/iio/devices/iio:device0/in_voltage7_raw raw=2304 threshold=400
[INFO][main.frame.processed][674704] processed_frames=224
[INFO][main.frame.processed][674711] processed_frames=225
[INFO][main.frame.processed][674718] processed_frames=226
[INFO][main.frame.processed][674725] processed_frames=227
[INFO][main.frame.processed][674738] processed_frames=228
[INFO][main.frame.processed][674751] processed_frames=229
[INFO][main.frame.processed][674764] processed_frames=230
[INFO][main.frame.processed][674781] processed_frames=231
[INFO][main.frame.processed][674791] processed_frames=232
[INFO][main.frame.processed][674801] processed_frames=233
[INFO][main.frame.processed][674808] processed_frames=234
[INFO][main.frame.processed][674816] processed_frames=235
[INFO][main.frame.processed][674823] processed_frames=236
[INFO][main.frame.processed][674830] processed_frames=237
[INFO][main.frame.processed][674839] processed_frames=238
[INFO][main.frame.processed][674855] processed_frames=239
[INFO][main.frame.processed][674869] processed_frames=240
[INFO][main.frame.processed][674885] processed_frames=241
[INFO][main.frame.processed][674894] processed_frames=242
[INFO][main.frame.processed][674903] processed_frames=243
[INFO][main.frame.processed][674910] processed_frames=244
[INFO][main.frame.processed][674918] processed_frames=245
[INFO][main.frame.processed][674925] processed_frames=246
[INFO][main.frame.processed][674933] processed_frames=247
[INFO][main.frame.processed][674949] processed_frames=248
[INFO][main.frame.processed][674962] processed_frames=249
[INFO][main.frame.processed][674977] processed_frames=250
[INFO][main.frame.processed][674991] processed_frames=251
[INFO][main.frame.processed][674999] processed_frames=252
[INFO][main.frame.processed][675009] processed_frames=253
[INFO][main.frame.processed][675017] processed_frames=254
[INFO][main.frame.processed][675024] processed_frames=255
[INFO][main.frame.processed][675031] processed_frames=256
[INFO][encoder.delta.summary][675046] logical encoder sample left=0 right=0 mean=0 diff=0
[WARN][control.apply.suppressed][675046] drive command suppressed because the active motor profile is diagnostics-only
[INFO][imu.sample.summary][675052] imu normalized sample acc_z=-4.819142mps2 gyro_z=0.002527radps valid_streak=404
[INFO][main.frame.processed][675040] processed_frames=257
[INFO][main.frame.processed][675057] processed_frames=258
[INFO][main.frame.processed][675068] processed_frames=259
[INFO][main.frame.processed][675081] processed_frames=260
[INFO][main.frame.processed][675093] processed_frames=261
[INFO][main.frame.processed][675103] processed_frames=262
[INFO][main.frame.processed][675110] processed_frames=263
[INFO][main.frame.processed][675118] processed_frames=264
[INFO][main.frame.processed][675125] processed_frames=265
[INFO][main.frame.processed][675133] processed_frames=266
[INFO][main.frame.processed][675140] processed_frames=267
[INFO][main.frame.processed][675150] processed_frames=268
[INFO][main.frame.processed][675165] processed_frames=269
[INFO][main.frame.processed][675181] processed_frames=270
[INFO][main.frame.processed][675195] processed_frames=271
[INFO][main.frame.processed][675206] processed_frames=272
[INFO][main.frame.processed][675215] processed_frames=273
[INFO][main.frame.processed][675223] processed_frames=274
[INFO][main.frame.processed][675230] processed_frames=275
[INFO][main.frame.processed][675237] processed_frames=276
[INFO][main.frame.processed][675245] processed_frames=277
[INFO][main.frame.processed][675252] processed_frames=278
[INFO][main.frame.processed][675269] processed_frames=279
[INFO][main.frame.processed][675281] processed_frames=280
[INFO][main.frame.processed][675294] processed_frames=281
[INFO][main.frame.processed][675312] processed_frames=282
[INFO][main.frame.processed][675320] processed_frames=283
[INFO][main.frame.processed][675328] processed_frames=284
[INFO][main.frame.processed][675337] processed_frames=285
[INFO][main.frame.processed][675347] processed_frames=286
[INFO][main.frame.processed][675354] processed_frames=287
[INFO][main.frame.processed][675369] processed_frames=288
[INFO][main.frame.processed][675381] processed_frames=289
[INFO][control.command.requested_nonzero][675404] non-zero differential-drive command requested
[INFO][main.frame.processed][675401] processed_frames=290
[INFO][main.frame.processed][675411] processed_frames=291
[INFO][main.frame.processed][675420] processed_frames=292
[INFO][main.frame.processed][675428] processed_frames=293
[INFO][main.frame.processed][675436] processed_frames=294
[INFO][main.frame.processed][675444] processed_frames=295
[INFO][main.frame.processed][675455] processed_frames=296
[INFO][main.frame.processed][675462] processed_frames=297
[INFO][main.frame.processed][675472] processed_frames=298
[INFO][main.frame.processed][675487] processed_frames=299
[INFO][main.frame.processed][675499] processed_frames=300
[INFO][main.frame.processed][675516] processed_frames=301
[INFO][main.frame.processed][675525] processed_frames=302
[INFO][main.frame.processed][675535] processed_frames=303
[INFO][main.frame.processed][675542] processed_frames=304
[INFO][main.frame.processed][675549] processed_frames=305
[INFO][main.frame.processed][675557] processed_frames=306
[INFO][main.frame.processed][675564] processed_frames=307
[INFO][main.frame.processed][675571] processed_frames=308
[INFO][main.frame.processed][675586] processed_frames=309
[INFO][main.frame.processed][675599] processed_frames=310
[INFO][main.frame.processed][675613] processed_frames=311
[INFO][main.frame.processed][675628] processed_frames=312
[INFO][main.frame.processed][675637] processed_frames=313
[INFO][main.frame.processed][675645] processed_frames=314
[INFO][main.frame.processed][675653] processed_frames=315
[INFO][main.frame.processed][675662] processed_frames=316
[INFO][main.frame.processed][675671] processed_frames=317
[INFO][main.frame.processed][675679] processed_frames=318
[INFO][main.frame.processed][675689] processed_frames=319
[INFO][startup.low_voltage.raw][675704] low-voltage raw check path=/sys/bus/iio/devices/iio:device0/in_voltage7_raw raw=2317 threshold=400
[INFO][main.frame.processed][675704] processed_frames=320
[INFO][main.frame.processed][675715] processed_frames=321
[INFO][main.frame.processed][675728] processed_frames=322
[INFO][main.frame.processed][675746] processed_frames=323
[INFO][main.frame.processed][675753] processed_frames=324
[INFO][main.frame.processed][675761] processed_frames=325
[INFO][main.frame.processed][675768] processed_frames=326
[INFO][main.frame.processed][675775] processed_frames=327
[INFO][main.frame.processed][675784] processed_frames=328
[INFO][main.frame.processed][675793] processed_frames=329
[INFO][main.frame.processed][675807] processed_frames=330
[INFO][main.frame.processed][675822] processed_frames=331
[INFO][main.frame.processed][675839] processed_frames=332
[INFO][main.frame.processed][675851] processed_frames=333
[INFO][main.frame.processed][675860] processed_frames=334
[INFO][main.frame.processed][675868] processed_frames=335
[INFO][main.frame.processed][675876] processed_frames=336
[INFO][main.frame.processed][675886] processed_frames=337
[INFO][main.frame.processed][675894] processed_frames=338
[INFO][main.frame.processed][675901] processed_frames=339
[INFO][main.frame.processed][675918] processed_frames=340
[INFO][main.frame.processed][675930] processed_frames=341
[INFO][main.frame.processed][675943] processed_frames=342
[INFO][main.frame.processed][675959] processed_frames=343
[INFO][main.frame.processed][675967] processed_frames=344
[INFO][main.frame.processed][675977] processed_frames=345
[INFO][main.frame.processed][675985] processed_frames=346
[INFO][main.frame.processed][675992] processed_frames=347
[INFO][main.frame.processed][675999] processed_frames=348
[INFO][main.frame.processed][676008] processed_frames=349
[INFO][main.frame.processed][676023] processed_frames=350
[INFO][main.frame.processed][676040] processed_frames=351
[INFO][encoder.delta.summary][676050] logical encoder sample left=0 right=0 mean=0 diff=0
[WARN][control.apply.suppressed][676050] drive command suppressed because the active motor profile is diagnostics-only
[INFO][imu.sample.summary][676056] imu normalized sample acc_z=-4.817111mps2 gyro_z=0.002527radps valid_streak=537
[INFO][main.frame.processed][676054] processed_frames=352
[INFO][main.frame.processed][676068] processed_frames=353
[INFO][main.frame.processed][676076] processed_frames=354
[INFO][main.frame.processed][676084] processed_frames=355
[INFO][main.frame.processed][676094] processed_frames=356
[INFO][main.frame.processed][676105] processed_frames=357
[INFO][main.frame.processed][676114] processed_frames=358
[INFO][main.frame.processed][676130] processed_frames=359
[INFO][main.frame.processed][676143] processed_frames=360
[INFO][main.frame.processed][676163] processed_frames=361
[INFO][main.frame.processed][676172] processed_frames=362
[INFO][main.frame.processed][676181] processed_frames=363
[INFO][main.frame.processed][676189] processed_frames=364
[INFO][main.frame.processed][676199] processed_frames=365
[INFO][main.frame.processed][676206] processed_frames=366
[INFO][main.frame.processed][676214] processed_frames=367
[INFO][main.frame.processed][676221] processed_frames=368
[INFO][main.frame.processed][676236] processed_frames=369
[INFO][main.frame.processed][676247] processed_frames=370
[INFO][main.frame.processed][676260] processed_frames=371
[INFO][main.frame.processed][676277] processed_frames=372
[INFO][main.frame.processed][676289] processed_frames=373
[INFO][main.frame.processed][676296] processed_frames=374
[INFO][main.frame.processed][676303] processed_frames=375
[INFO][main.frame.processed][676311] processed_frames=376
[INFO][main.frame.processed][676318] processed_frames=377
[INFO][main.frame.processed][676325] processed_frames=378
[INFO][main.frame.processed][676333] processed_frames=379
[INFO][main.frame.processed][676349] processed_frames=380
[INFO][main.frame.processed][676362] processed_frames=381
[INFO][main.frame.processed][676380] processed_frames=382
[INFO][main.frame.processed][676388] processed_frames=383
[INFO][main.frame.processed][676398] processed_frames=384
[INFO][control.command.requested_nonzero][676406] non-zero differential-drive command requested
[INFO][main.frame.processed][676406] processed_frames=385
[INFO][main.frame.processed][676413] processed_frames=386
[INFO][main.frame.processed][676420] processed_frames=387
[INFO][main.frame.processed][676428] processed_frames=388
[INFO][main.frame.processed][676435] processed_frames=389
[INFO][main.frame.processed][676450] processed_frames=390
[INFO][main.frame.processed][676461] processed_frames=391
[INFO][main.frame.processed][676479] processed_frames=392
[INFO][main.frame.processed][676492] processed_frames=393
[INFO][main.frame.processed][676500] processed_frames=394
[INFO][main.frame.processed][676510] processed_frames=395
[INFO][main.frame.processed][676518] processed_frames=396
[INFO][main.frame.processed][676525] processed_frames=397
[INFO][main.frame.processed][676532] processed_frames=398
[INFO][main.frame.processed][676540] processed_frames=399
[INFO][main.frame.processed][676549] processed_frames=400
[INFO][main.frame.processed][676561] processed_frames=401
[INFO][main.frame.processed][676575] processed_frames=402
[INFO][main.frame.processed][676590] processed_frames=403
[INFO][motion.stop.requested][676606] controlled stop requested by signal
[INFO][main.frame.processed][676606] processed_frames=404
[INFO][main.frame.processed][676615] processed_frames=405
[INFO][main.frame.processed][676623] processed_frames=406
[INFO][main.frame.processed][676633] processed_frames=407
[INFO][main.frame.processed][676640] processed_frames=408
[INFO][main.frame.processed][676648] processed_frames=409
[INFO][main.frame.processed][676655] processed_frames=410
[INFO][main.frame.processed][676671] processed_frames=411
[INFO][main.frame.processed][676686] processed_frames=412
[INFO][main.frame.processed][676694] processed_frames=413
[INFO][startup.low_voltage.raw][676704] low-voltage raw check path=/sys/bus/iio/devices/iio:device0/in_voltage7_raw raw=2306 threshold=400
[INFO][main.frame.processed][676703] processed_frames=414
[INFO][main.frame.processed][676711] processed_frames=415
[INFO][main.frame.processed][676721] processed_frames=416
[INFO][main.frame.processed][676728] processed_frames=417
[INFO][main.frame.processed][676739] processed_frames=418
[INFO][main.frame.processed][676754] processed_frames=419
[INFO][main.frame.processed][676764] processed_frames=420
[INFO][main.frame.processed][676774] processed_frames=421
[INFO][main.frame.processed][676781] processed_frames=422
[INFO][main.frame.processed][676788] processed_frames=423
[INFO][main.frame.processed][676796] processed_frames=424
[INFO][main.frame.processed][676803] processed_frames=425
[INFO][main.frame.processed][676810] processed_frames=426
[INFO][main.frame.processed][676821] processed_frames=427
[INFO][main.frame.processed][676836] processed_frames=428
[INFO][main.frame.processed][676848] processed_frames=429
[INFO][main.frame.processed][676856] processed_frames=430
[INFO][main.frame.processed][676864] processed_frames=431
[INFO][main.frame.processed][676872] processed_frames=432
[INFO][main.frame.processed][676883] processed_frames=433
[INFO][main.frame.processed][676890] processed_frames=434
[INFO][main.frame.processed][676905] processed_frames=435
[INFO][main.frame.processed][676917] processed_frames=436
[INFO][main.frame.processed][676927] processed_frames=437
[INFO][main.frame.processed][676935] processed_frames=438
[INFO][main.frame.processed][676942] processed_frames=439
[INFO][main.frame.processed][676949] processed_frames=440
[INFO][main.frame.processed][676957] processed_frames=441
[INFO][main.frame.processed][676964] processed_frames=442
[INFO][main.frame.processed][676974] processed_frames=443
[INFO][main.frame.processed][676990] processed_frames=444
[INFO][main.frame.processed][677002] processed_frames=445
[INFO][main.frame.processed][677011] processed_frames=446
[INFO][main.frame.processed][677019] processed_frames=447
[INFO][main.frame.processed][677029] processed_frames=448
[INFO][main.frame.processed][677037] processed_frames=449
[INFO][encoder.delta.summary][677051] logical encoder sample left=0 right=0 mean=0 diff=0
[WARN][control.apply.suppressed][677052] drive command suppressed because the active motor profile is diagnostics-only
[INFO][main.frame.processed][677044] processed_frames=450
[INFO][imu.sample.summary][677057] imu normalized sample acc_z=-4.821526mps2 gyro_z=0.000399radps valid_streak=671
[INFO][main.frame.processed][677055] processed_frames=451
[INFO][main.frame.processed][677070] processed_frames=452
[INFO][main.frame.processed][677082] processed_frames=453
[INFO][main.frame.processed][677090] processed_frames=454
[INFO][main.frame.processed][677097] processed_frames=455
[INFO][main.frame.processed][677105] processed_frames=456
[INFO][main.frame.processed][677112] processed_frames=457
[INFO][main.frame.processed][677119] processed_frames=458
[INFO][main.frame.processed][677129] processed_frames=459
[INFO][main.frame.processed][677140] processed_frames=460
[INFO][main.frame.processed][677155] processed_frames=461
[INFO][main.frame.processed][677165] processed_frames=462
[INFO][main.frame.processed][677173] processed_frames=463
[INFO][main.frame.processed][677182] processed_frames=464
[INFO][main.frame.processed][677190] processed_frames=465
[INFO][main.frame.processed][677198] processed_frames=466
[INFO][main.frame.processed][677216] processed_frames=467
[INFO][main.frame.processed][677224] processed_frames=468
[INFO][main.frame.processed][677236] processed_frames=469
[INFO][main.frame.processed][677244] processed_frames=470
[INFO][main.frame.processed][677252] processed_frames=471
[INFO][main.frame.processed][677260] processed_frames=472
[INFO][main.frame.processed][677270] processed_frames=473
[INFO][main.frame.processed][677278] processed_frames=474
[INFO][main.frame.processed][677292] processed_frames=475
[INFO][main.frame.processed][677304] processed_frames=476
[INFO][main.frame.processed][677315] processed_frames=477
[INFO][main.frame.processed][677322] processed_frames=478
[INFO][main.frame.processed][677329] processed_frames=479
[INFO][main.frame.processed][677337] processed_frames=480
[INFO][main.frame.processed][677344] processed_frames=481
[INFO][main.frame.processed][677352] processed_frames=482
[INFO][main.frame.processed][677361] processed_frames=483
[INFO][main.frame.processed][677376] processed_frames=484
[INFO][main.frame.processed][677387] processed_frames=485
[INFO][main.frame.processed][677395] processed_frames=486
[INFO][main.frame.processed][677405] processed_frames=487
[INFO][control.command.requested_nonzero][677413] non-zero differential-drive command requested
[INFO][main.frame.processed][677413] processed_frames=488
[INFO][main.frame.processed][677420] processed_frames=489
[INFO][main.frame.processed][677428] processed_frames=490
[INFO][main.frame.processed][677435] processed_frames=491
[INFO][main.frame.processed][677451] processed_frames=492
[INFO][main.frame.processed][677462] processed_frames=493
[INFO][main.frame.processed][677472] processed_frames=494
[INFO][main.frame.processed][677479] processed_frames=495
[INFO][main.frame.processed][677486] processed_frames=496
[INFO][main.frame.processed][677494] processed_frames=497
[INFO][main.frame.processed][677501] processed_frames=498
[INFO][main.frame.processed][677508] processed_frames=499
[INFO][main.frame.processed][677519] processed_frames=500
[INFO][main.frame.processed][677534] processed_frames=501
[INFO][main.frame.processed][677546] processed_frames=502
[INFO][main.frame.processed][677554] processed_frames=503
[INFO][main.frame.processed][677561] processed_frames=504
[INFO][main.frame.processed][677569] processed_frames=505
[INFO][main.frame.processed][677576] processed_frames=506
[INFO][main.frame.processed][677583] processed_frames=507
[INFO][main.frame.processed][677593] processed_frames=508
[INFO][main.frame.processed][677604] processed_frames=509
[INFO][main.frame.processed][677619] processed_frames=510
[INFO][main.frame.processed][677629] processed_frames=511
[INFO][main.frame.processed][677636] processed_frames=512
[INFO][main.frame.processed][677644] processed_frames=513
[INFO][main.frame.processed][677651] processed_frames=514
[INFO][main.frame.processed][677658] processed_frames=515
[INFO][main.frame.processed][677666] processed_frames=516
[INFO][main.frame.processed][677681] processed_frames=517
[INFO][main.frame.processed][677693] processed_frames=518
[INFO][main.frame.processed][677702] processed_frames=519
[INFO][startup.low_voltage.raw][677708] low-voltage raw check path=/sys/bus/iio/devices/iio:device0/in_voltage7_raw raw=2308 threshold=400
[INFO][main.frame.processed][677710] processed_frames=520
[INFO][main.frame.processed][677717] processed_frames=521
[INFO][main.frame.processed][677725] processed_frames=522
[INFO][main.frame.processed][677732] processed_frames=523
[INFO][main.frame.processed][677739] processed_frames=524
[INFO][main.frame.processed][677750] processed_frames=525
[INFO][main.frame.processed][677765] processed_frames=526
[INFO][main.frame.processed][677777] processed_frames=527
[INFO][main.frame.processed][677786] processed_frames=528
[INFO][main.frame.processed][677794] processed_frames=529
[INFO][main.frame.processed][677802] processed_frames=530
[INFO][main.frame.processed][677812] processed_frames=531
[INFO][main.frame.processed][677819] processed_frames=532
[INFO][main.frame.processed][677836] processed_frames=533
[INFO][main.frame.processed][677849] processed_frames=534
[INFO][main.frame.processed][677856] processed_frames=535
[INFO][main.frame.processed][677864] processed_frames=536
[INFO][main.frame.processed][677871] processed_frames=537
[INFO][main.frame.processed][677878] processed_frames=538
[INFO][main.frame.processed][677886] processed_frames=539
[INFO][main.frame.processed][677893] processed_frames=540
[INFO][main.frame.processed][677903] processed_frames=541
[INFO][main.frame.processed][677918] processed_frames=542
[INFO][main.frame.processed][677930] processed_frames=543
[INFO][main.frame.processed][677938] processed_frames=544
[INFO][main.frame.processed][677945] processed_frames=545
[INFO][main.frame.processed][677952] processed_frames=546
[INFO][main.frame.processed][677960] processed_frames=547
[INFO][main.frame.processed][677967] processed_frames=548
[INFO][main.frame.processed][677974] processed_frames=549
[INFO][main.frame.processed][677985] processed_frames=550
[INFO][main.frame.processed][678000] processed_frames=551
[INFO][main.frame.processed][678012] processed_frames=552
[INFO][main.frame.processed][678020] processed_frames=553
[INFO][main.frame.processed][678029] processed_frames=554
[INFO][main.frame.processed][678037] processed_frames=555
[INFO][main.frame.processed][678047] processed_frames=556
[INFO][encoder.delta.summary][678054] logical encoder sample left=0 right=0 mean=0 diff=0
[WARN][control.apply.suppressed][678054] drive command suppressed because the active motor profile is diagnostics-only
[INFO][imu.sample.summary][678060] imu normalized sample acc_z=-4.816753mps2 gyro_z=0.000399radps valid_streak=806
[INFO][main.frame.processed][678054] processed_frames=557
[INFO][main.frame.processed][678069] processed_frames=558
[INFO][main.frame.processed][678081] processed_frames=559
[INFO][main.frame.processed][678091] processed_frames=560
[INFO][main.frame.processed][678099] processed_frames=561
[INFO][main.frame.processed][678106] processed_frames=562
[INFO][main.frame.processed][678113] processed_frames=563
[INFO][main.frame.processed][678121] processed_frames=564
[INFO][main.frame.processed][678128] processed_frames=565
[INFO][main.frame.processed][678138] processed_frames=566
[INFO][main.frame.processed][678154] processed_frames=567
[INFO][main.frame.processed][678166] processed_frames=568
[INFO][main.frame.processed][678174] processed_frames=569
[INFO][main.frame.processed][678183] processed_frames=570
[INFO][main.frame.processed][678191] processed_frames=571
[INFO][main.frame.processed][678201] processed_frames=572
[INFO][main.frame.processed][678208] processed_frames=573
[INFO][main.frame.processed][678218] processed_frames=574
[INFO][main.frame.processed][678234] processed_frames=575
[INFO][main.frame.processed][678246] processed_frames=576
[INFO][main.frame.processed][678254] processed_frames=577
[INFO][main.frame.processed][678263] processed_frames=578
[INFO][main.frame.processed][678271] processed_frames=579
[INFO][main.frame.processed][678281] processed_frames=580
[INFO][main.frame.processed][678288] processed_frames=581
[INFO][main.frame.processed][678305] processed_frames=582
[INFO][main.frame.processed][678318] processed_frames=583
[INFO][main.frame.processed][678325] processed_frames=584
[INFO][main.frame.processed][678332] processed_frames=585
[INFO][main.frame.processed][678340] processed_frames=586
[INFO][main.frame.processed][678347] processed_frames=587
[INFO][main.frame.processed][678354] processed_frames=588
[INFO][main.frame.processed][678362] processed_frames=589
[INFO][main.frame.processed][678377] processed_frames=590
[INFO][main.frame.processed][678388] processed_frames=591
[INFO][main.frame.processed][678399] processed_frames=592
[INFO][main.frame.processed][678406] processed_frames=593
[INFO][control.command.requested_nonzero][678413] non-zero differential-drive command requested
[INFO][main.frame.processed][678413] processed_frames=594
[INFO][main.frame.processed][678421] processed_frames=595
[INFO][main.frame.processed][678428] processed_frames=596
[INFO][main.frame.processed][678435] processed_frames=597
[INFO][main.frame.processed][678443] processed_frames=598
[INFO][main.frame.processed][678453] processed_frames=599
[INFO][main.frame.processed][678468] processed_frames=600
[INFO][main.frame.processed][678480] processed_frames=601
[INFO][main.frame.processed][678489] processed_frames=602
[INFO][main.frame.processed][678497] processed_frames=603
[INFO][main.frame.processed][678505] processed_frames=604
[INFO][main.frame.processed][678515] processed_frames=605
[INFO][main.frame.processed][678522] processed_frames=606
[INFO][main.frame.processed][678537] processed_frames=607
[INFO][main.frame.processed][678549] processed_frames=608
[INFO][main.frame.processed][678560] processed_frames=609
[INFO][main.frame.processed][678568] processed_frames=610
[INFO][main.frame.processed][678576] processed_frames=611
[INFO][main.frame.processed][678584] processed_frames=612
[INFO][main.frame.processed][678592] processed_frames=613
[INFO][main.frame.processed][678605] processed_frames=614
[INFO][main.frame.processed][678615] processed_frames=615
[INFO][main.frame.processed][678630] processed_frames=616
[INFO][main.frame.processed][678640] processed_frames=617
[INFO][main.frame.processed][678647] processed_frames=618
[INFO][main.frame.processed][678654] processed_frames=619
[INFO][main.frame.processed][678662] processed_frames=620
[INFO][main.frame.processed][678669] processed_frames=621
[INFO][main.frame.processed][678677] processed_frames=622
[INFO][main.frame.processed][678688] processed_frames=623
[INFO][main.frame.processed][678705] processed_frames=624
[INFO][startup.low_voltage.raw][678712] low-voltage raw check path=/sys/bus/iio/devices/iio:device0/in_voltage7_raw raw=2307 threshold=400
[INFO][main.frame.processed][678714] processed_frames=625
[INFO][main.frame.processed][678722] processed_frames=626
[INFO][main.frame.processed][678729] processed_frames=627
[INFO][main.frame.processed][678737] processed_frames=628
[INFO][main.frame.processed][678744] processed_frames=629
[INFO][main.frame.processed][678751] processed_frames=630
[INFO][main.frame.processed][678766] processed_frames=631
[INFO][main.frame.processed][678778] processed_frames=632
[INFO][main.frame.processed][678788] processed_frames=633
[INFO][main.frame.processed][678795] processed_frames=634
[INFO][main.frame.processed][678804] processed_frames=635
[INFO][main.frame.processed][678812] processed_frames=636
[INFO][main.frame.processed][678820] processed_frames=637
[INFO][main.frame.processed][678832] processed_frames=638
[INFO][main.frame.processed][678843] processed_frames=639
[INFO][main.frame.processed][678858] processed_frames=640
[INFO][main.frame.processed][678867] processed_frames=641
[INFO][main.frame.processed][678877] processed_frames=642
[INFO][main.frame.processed][678884] processed_frames=643
[INFO][main.frame.processed][678891] processed_frames=644
[INFO][main.frame.processed][678899] processed_frames=645
[INFO][main.frame.processed][678906] processed_frames=646
[INFO][main.frame.processed][678921] processed_frames=647
[INFO][main.frame.processed][678933] processed_frames=648
[INFO][main.frame.processed][678943] processed_frames=649
[INFO][main.frame.processed][678950] processed_frames=650
[INFO][main.frame.processed][678957] processed_frames=651
[INFO][main.frame.processed][678965] processed_frames=652
[INFO][main.frame.processed][678972] processed_frames=653
[INFO][main.frame.processed][678979] processed_frames=654
[INFO][main.frame.processed][678994] processed_frames=655
[INFO][main.frame.processed][679003] processed_frames=656
[INFO][main.frame.processed][679016] processed_frames=657
[INFO][main.frame.processed][679023] processed_frames=658
[INFO][main.frame.processed][679032] processed_frames=659
[INFO][main.frame.processed][679040] processed_frames=660
[INFO][main.frame.processed][679048] processed_frames=661
[INFO][encoder.delta.summary][679059] logical encoder sample left=0 right=0 mean=0 diff=0
[WARN][control.apply.suppressed][679060] drive command suppressed because the active motor profile is diagnostics-only
[INFO][imu.sample.summary][679065] imu normalized sample acc_z=-4.814419mps2 gyro_z=-0.000665radps valid_streak=943
[INFO][main.frame.processed][679056] processed_frames=662
[INFO][main.frame.processed][679071] processed_frames=663
[INFO][main.frame.processed][679085] processed_frames=664
[INFO][main.frame.processed][679094] processed_frames=665
[INFO][main.frame.processed][679105] processed_frames=666
[INFO][main.frame.processed][679112] processed_frames=667
[INFO][main.frame.processed][679119] processed_frames=668
[INFO][main.frame.processed][679127] processed_frames=669
[INFO][main.frame.processed][679134] processed_frames=670
[INFO][main.frame.processed][679149] processed_frames=671
[INFO][main.frame.processed][679160] processed_frames=672
[INFO][main.frame.processed][679171] processed_frames=673
[INFO][main.frame.processed][679178] processed_frames=674
[INFO][main.frame.processed][679186] processed_frames=675
[INFO][main.frame.processed][679193] processed_frames=676
[INFO][main.frame.processed][679200] processed_frames=677
[INFO][main.frame.processed][679209] processed_frames=678
[INFO][main.frame.processed][679219] processed_frames=679
[INFO][main.frame.processed][679233] processed_frames=680
[INFO][main.frame.processed][679246] processed_frames=681
[INFO][main.frame.processed][679255] processed_frames=682
[INFO][main.frame.processed][679265] processed_frames=683
[INFO][main.frame.processed][679273] processed_frames=684
[INFO][main.frame.processed][679280] processed_frames=685
[INFO][main.frame.processed][679287] processed_frames=686
[INFO][main.frame.processed][679300] processed_frames=687
[INFO][main.frame.processed][679317] processed_frames=688
[INFO][main.frame.processed][679324] processed_frames=689
[INFO][main.frame.processed][679332] processed_frames=690
[INFO][main.frame.processed][679339] processed_frames=691
[INFO][main.frame.processed][679346] processed_frames=692
[INFO][main.frame.processed][679354] processed_frames=693
[INFO][main.frame.processed][679361] processed_frames=694
[INFO][main.frame.processed][679371] processed_frames=695
[INFO][main.frame.processed][679386] processed_frames=696
[INFO][main.frame.processed][679398] processed_frames=697
[INFO][main.frame.processed][679405] processed_frames=698
[INFO][control.command.requested_nonzero][679413] non-zero differential-drive command requested
[INFO][main.frame.processed][679413] processed_frames=699
[INFO][main.frame.processed][679421] processed_frames=700
[INFO][main.frame.processed][679428] processed_frames=701
[INFO][main.frame.processed][679435] processed_frames=702
[INFO][main.frame.processed][679444] processed_frames=703
[INFO][main.frame.processed][679460] processed_frames=704
[INFO][main.frame.processed][679471] processed_frames=705
[INFO][main.frame.processed][679481] processed_frames=706
[INFO][main.frame.processed][679489] processed_frames=707
[INFO][main.frame.processed][679496] processed_frames=708
[INFO][main.frame.processed][679503] processed_frames=709
[INFO][main.frame.processed][679511] processed_frames=710
[INFO][main.frame.processed][679518] processed_frames=711
[INFO][main.frame.processed][679533] processed_frames=712
[INFO][main.frame.processed][679548] processed_frames=713
[INFO][main.frame.processed][679555] processed_frames=714
[INFO][main.frame.processed][679562] processed_frames=715
[INFO][main.frame.processed][679570] processed_frames=716
[INFO][main.frame.processed][679577] processed_frames=717
[INFO][main.frame.processed][679585] processed_frames=718
[INFO][main.frame.processed][679592] processed_frames=719
[INFO][main.frame.processed][679609] processed_frames=720
[INFO][main.frame.processed][679621] processed_frames=721
[INFO][main.frame.processed][679629] processed_frames=722
[INFO][main.frame.processed][679636] processed_frames=723
[INFO][main.frame.processed][679643] processed_frames=724
[INFO][main.frame.processed][679650] processed_frames=725
[INFO][main.frame.processed][679658] processed_frames=726
[INFO][main.frame.processed][679665] processed_frames=727
[INFO][main.frame.processed][679676] processed_frames=728
[INFO][main.frame.processed][679690] processed_frames=729
[INFO][main.frame.processed][679700] processed_frames=730
[INFO][main.frame.processed][679710] processed_frames=731
[INFO][startup.low_voltage.raw][679715] low-voltage raw check path=/sys/bus/iio/devices/iio:device0/in_voltage7_raw raw=2310 threshold=400
[INFO][main.frame.processed][679717] processed_frames=732
[INFO][main.frame.processed][679725] processed_frames=733
[INFO][main.frame.processed][679732] processed_frames=734
[INFO][main.frame.processed][679739] processed_frames=735
[INFO][main.frame.processed][679746] processed_frames=736
[INFO][main.frame.processed][679757] processed_frames=737
[INFO][main.frame.processed][679772] processed_frames=738
[INFO][main.frame.processed][679784] processed_frames=739
[INFO][main.frame.processed][679792] processed_frames=740
[INFO][main.frame.processed][679801] processed_frames=741
[INFO][main.frame.processed][679809] processed_frames=742
[INFO][main.frame.processed][679819] processed_frames=743
[INFO][main.frame.processed][679826] processed_frames=744
[INFO][main.frame.processed][679841] processed_frames=745
[INFO][main.frame.processed][679854] processed_frames=746
[INFO][main.frame.processed][679864] processed_frames=747
[INFO][main.frame.processed][679871] processed_frames=748
[INFO][main.frame.processed][679878] processed_frames=749
[INFO][main.frame.processed][679886] processed_frames=750
[INFO][main.frame.processed][679893] processed_frames=751
[INFO][main.frame.processed][679900] processed_frames=752
[INFO][main.frame.processed][679911] processed_frames=753
[INFO][main.frame.processed][679926] processed_frames=754
[INFO][main.frame.processed][679938] processed_frames=755
[INFO][main.frame.processed][679947] processed_frames=756
[INFO][main.frame.processed][679955] processed_frames=757
[INFO][main.frame.processed][679963] processed_frames=758
[INFO][main.frame.processed][679973] processed_frames=759
[INFO][main.frame.processed][679981] processed_frames=760
[INFO][main.frame.processed][679997] processed_frames=761
[INFO][main.frame.processed][680007] processed_frames=762
[INFO][main.frame.processed][680017] processed_frames=763
[INFO][main.frame.processed][680025] processed_frames=764
[INFO][main.frame.processed][680032] processed_frames=765
[INFO][main.frame.processed][680039] processed_frames=766
[INFO][main.frame.processed][680048] processed_frames=767
[INFO][encoder.delta.summary][680061] logical encoder sample left=0 right=0 mean=0 diff=0
[WARN][control.apply.suppressed][680061] drive command suppressed because the active motor profile is diagnostics-only
[INFO][imu.sample.summary][680067] imu normalized sample acc_z=-4.813170mps2 gyro_z=0.003591radps valid_streak=1079
[INFO][main.frame.processed][680056] processed_frames=768
[INFO][main.frame.processed][680073] processed_frames=769
[INFO][main.frame.processed][680085] processed_frames=770
[INFO][main.frame.processed][680094] processed_frames=771
[INFO][main.frame.processed][680102] processed_frames=772
[INFO][main.frame.processed][680113] processed_frames=773
[INFO][main.frame.processed][680120] processed_frames=774
[INFO][main.frame.processed][680127] processed_frames=775
[INFO][main.frame.processed][680135] processed_frames=776
[INFO][main.frame.processed][680149] processed_frames=777
[INFO][main.frame.processed][680162] processed_frames=778
[INFO][main.frame.processed][680172] processed_frames=779
[INFO][main.frame.processed][680179] processed_frames=780
[INFO][main.frame.processed][680186] processed_frames=781
[INFO][main.frame.processed][680193] processed_frames=782
[INFO][main.frame.processed][680201] processed_frames=783
[INFO][main.frame.processed][680208] processed_frames=784
[INFO][main.frame.processed][680219] processed_frames=785
[INFO][main.frame.processed][680234] processed_frames=786
[INFO][main.frame.processed][680244] processed_frames=787
[INFO][main.frame.processed][680254] processed_frames=788
[INFO][main.frame.processed][680261] processed_frames=789
[INFO][main.frame.processed][680268] processed_frames=790
[INFO][main.frame.processed][680276] processed_frames=791
[INFO][main.frame.processed][680283] processed_frames=792
[INFO][main.frame.processed][680290] processed_frames=793
[INFO][main.frame.processed][680305] processed_frames=794
[INFO][main.frame.processed][680314] processed_frames=795
[INFO][main.frame.processed][680327] processed_frames=796
[INFO][main.frame.processed][680336] processed_frames=797
[INFO][main.frame.processed][680344] processed_frames=798
[INFO][main.frame.processed][680352] processed_frames=799
[INFO][main.frame.processed][680360] processed_frames=800
[INFO][main.frame.processed][680368] processed_frames=801
[INFO][main.frame.processed][680381] processed_frames=802
[INFO][main.frame.processed][680396] processed_frames=803
[INFO][control.command.requested_nonzero][680414] non-zero differential-drive command requested
[INFO][main.frame.processed][680408] processed_frames=804
[INFO][main.frame.processed][680417] processed_frames=805
[INFO][main.frame.processed][680425] processed_frames=806
[INFO][main.frame.processed][680433] processed_frames=807
[INFO][main.frame.processed][680443] processed_frames=808
[INFO][main.frame.processed][680450] processed_frames=809
[INFO][main.frame.processed][680465] processed_frames=810
[INFO][main.frame.processed][680477] processed_frames=811
[INFO][main.frame.processed][680487] processed_frames=812
[INFO][main.frame.processed][680496] processed_frames=813
[INFO][main.frame.processed][680504] processed_frames=814
[INFO][main.frame.processed][680512] processed_frames=815
[INFO][main.frame.processed][680520] processed_frames=816
[INFO][main.frame.processed][680533] processed_frames=817
[INFO][main.frame.processed][680547] processed_frames=818
[INFO][main.frame.processed][680558] processed_frames=819
[INFO][main.frame.processed][680569] processed_frames=820
[INFO][main.frame.processed][680577] processed_frames=821
[INFO][main.frame.processed][680584] processed_frames=822
[INFO][main.frame.processed][680591] processed_frames=823
[INFO][main.frame.processed][680598] processed_frames=824
[INFO][main.frame.processed][680606] processed_frames=825
[INFO][main.frame.processed][680621] processed_frames=826
[INFO][main.frame.processed][680633] processed_frames=827
[INFO][main.frame.processed][680643] processed_frames=828
[INFO][main.frame.processed][680650] processed_frames=829
[INFO][main.frame.processed][680657] processed_frames=830
[INFO][main.frame.processed][680665] processed_frames=831
[INFO][main.frame.processed][680672] processed_frames=832
[INFO][main.frame.processed][680679] processed_frames=833
[INFO][main.frame.processed][680692] processed_frames=834
[INFO][main.frame.processed][680703] processed_frames=835
[INFO][startup.low_voltage.raw][680716] low-voltage raw check path=/sys/bus/iio/devices/iio:device0/in_voltage7_raw raw=2297 threshold=400
[INFO][main.frame.processed][680716] processed_frames=836
[INFO][main.frame.processed][680724] processed_frames=837
[INFO][main.frame.processed][680732] processed_frames=838
[INFO][main.frame.processed][680740] processed_frames=839
[INFO][main.frame.processed][680748] processed_frames=840
[INFO][main.frame.processed][680756] processed_frames=841
[INFO][main.frame.processed][680775] processed_frames=842
[INFO][main.frame.processed][680785] processed_frames=843
[INFO][main.frame.processed][680794] processed_frames=844
[INFO][main.frame.processed][680804] processed_frames=845
[INFO][main.frame.processed][680811] processed_frames=846
[INFO][main.frame.processed][680819] processed_frames=847
[INFO][main.frame.processed][680826] processed_frames=848
[INFO][main.frame.processed][680833] processed_frames=849
[INFO][main.frame.processed][680843] processed_frames=850
[INFO][main.frame.processed][680858] processed_frames=851
[INFO][main.frame.processed][680868] processed_frames=852
[INFO][main.frame.processed][680876] processed_frames=853
[INFO][main.frame.processed][680884] processed_frames=854
[INFO][main.frame.processed][680894] processed_frames=855
[INFO][main.frame.processed][680902] processed_frames=856
[INFO][main.frame.processed][680909] processed_frames=857
[INFO][main.frame.processed][680916] processed_frames=858
[INFO][main.frame.processed][680926] processed_frames=859
[INFO][main.frame.processed][680941] processed_frames=860
[INFO][main.frame.processed][680951] processed_frames=861
[INFO][main.frame.processed][680959] processed_frames=862
[INFO][main.frame.processed][680968] processed_frames=863
[INFO][main.frame.processed][680977] processed_frames=864
[INFO][main.frame.processed][680985] processed_frames=865
[INFO][main.frame.processed][680992] processed_frames=866
[INFO][main.frame.processed][681000] processed_frames=867
[INFO][main.frame.processed][681012] processed_frames=868
[INFO][main.frame.processed][681029] processed_frames=869
[INFO][main.frame.processed][681036] processed_frames=870
[INFO][main.frame.processed][681044] processed_frames=871
[INFO][main.frame.processed][681051] processed_frames=872
[INFO][main.frame.processed][681058] processed_frames=873
[INFO][encoder.delta.summary][681066] logical encoder sample left=0 right=0 mean=0 diff=0
[WARN][control.apply.suppressed][681066] drive command suppressed because the active motor profile is diagnostics-only
[INFO][main.frame.processed][681066] processed_frames=874
[INFO][imu.sample.summary][681071] imu normalized sample acc_z=-4.818666mps2 gyro_z=0.000399radps valid_streak=1215
[INFO][main.frame.processed][681073] processed_frames=875
[INFO][main.frame.processed][681088] processed_frames=876
[INFO][main.frame.processed][681100] processed_frames=877
[INFO][main.frame.processed][681113] processed_frames=878
[INFO][main.frame.processed][681122] processed_frames=879
[INFO][main.frame.processed][681132] processed_frames=880
[INFO][main.frame.processed][681139] processed_frames=881
[INFO][main.frame.processed][681147] processed_frames=882
[INFO][main.frame.processed][681154] processed_frames=883
[INFO][main.frame.processed][681169] processed_frames=884
[INFO][main.frame.processed][681184] processed_frames=885
[INFO][main.frame.processed][681191] processed_frames=886
[INFO][main.frame.processed][681198] processed_frames=887
[INFO][main.frame.processed][681206] processed_frames=888
[INFO][main.frame.processed][681213] processed_frames=889
[INFO][main.frame.processed][681221] processed_frames=890
[INFO][main.frame.processed][681228] processed_frames=891
[INFO][main.frame.processed][681244] processed_frames=892
[INFO][main.frame.processed][681257] processed_frames=893
[INFO][main.frame.processed][681265] processed_frames=894
[INFO][main.frame.processed][681272] processed_frames=895
[INFO][main.frame.processed][681279] processed_frames=896
[INFO][main.frame.processed][681287] processed_frames=897
[INFO][main.frame.processed][681295] processed_frames=898
[INFO][main.frame.processed][681303] processed_frames=899
[INFO][main.frame.processed][681318] processed_frames=900
[INFO][main.frame.processed][681333] processed_frames=901
[INFO][main.frame.processed][681342] processed_frames=902
[INFO][main.frame.processed][681350] processed_frames=903
[INFO][main.frame.processed][681360] processed_frames=904
[INFO][main.frame.processed][681367] processed_frames=905
[INFO][main.frame.processed][681376] processed_frames=906
[INFO][main.frame.processed][681386] processed_frames=907
[INFO][main.frame.processed][681399] processed_frames=908
[INFO][main.frame.processed][681413] processed_frames=909
[INFO][control.command.requested_nonzero][681420] non-zero differential-drive command requested
[INFO][main.frame.processed][681420] processed_frames=910
[INFO][main.frame.processed][681427] processed_frames=911
[INFO][main.frame.processed][681434] processed_frames=912
[INFO][main.frame.processed][681442] processed_frames=913
[INFO][main.frame.processed][681449] processed_frames=914
[INFO][main.frame.processed][681457] processed_frames=915
[INFO][main.frame.processed][681467] processed_frames=916
[INFO][main.frame.processed][681483] processed_frames=917
[INFO][main.frame.processed][681494] processed_frames=918
[INFO][main.frame.processed][681501] processed_frames=919
[INFO][main.frame.processed][681509] processed_frames=920
[INFO][main.frame.processed][681516] processed_frames=921
[INFO][main.frame.processed][681524] processed_frames=922
[INFO][main.frame.processed][681531] processed_frames=923
[INFO][main.frame.processed][681547] processed_frames=924
[INFO][main.frame.processed][681556] processed_frames=925
[INFO][main.frame.processed][681568] processed_frames=926
[INFO][main.frame.processed][681575] processed_frames=927
[INFO][main.frame.processed][681583] processed_frames=928
[INFO][main.frame.processed][681592] processed_frames=929
[INFO][main.frame.processed][681600] processed_frames=930
[INFO][main.frame.processed][681608] processed_frames=931
[INFO][main.frame.processed][681623] processed_frames=932
[INFO][main.frame.processed][681636] processed_frames=933
[INFO][main.frame.processed][681648] processed_frames=934
[INFO][main.frame.processed][681655] processed_frames=935
[INFO][main.frame.processed][681662] processed_frames=936
[INFO][main.frame.processed][681670] processed_frames=937
[INFO][main.frame.processed][681677] processed_frames=938
[INFO][main.frame.processed][681685] processed_frames=939
[INFO][main.frame.processed][681692] processed_frames=940
[INFO][main.frame.processed][681707] processed_frames=941
[INFO][startup.low_voltage.raw][681720] low-voltage raw check path=/sys/bus/iio/devices/iio:device0/in_voltage7_raw raw=2302 threshold=400
[INFO][main.frame.processed][681720] processed_frames=942
[INFO][main.frame.processed][681730] processed_frames=943
[INFO][main.frame.processed][681738] processed_frames=944
[INFO][main.frame.processed][681745] processed_frames=945
[INFO][main.frame.processed][681753] processed_frames=946
[INFO][main.frame.processed][681760] processed_frames=947
[INFO][main.frame.processed][681767] processed_frames=948
[INFO][main.frame.processed][681780] processed_frames=949
[INFO][main.frame.processed][681797] processed_frames=950
[INFO][main.frame.processed][681804] processed_frames=951
[INFO][main.frame.processed][681811] processed_frames=952
[INFO][main.frame.processed][681820] processed_frames=953
[INFO][main.frame.processed][681828] processed_frames=954
[INFO][main.frame.processed][681836] processed_frames=955
[INFO][main.frame.processed][681848] processed_frames=956
[INFO][main.frame.processed][681859] processed_frames=957
[INFO][main.frame.processed][681875] processed_frames=958
[INFO][main.frame.processed][681883] processed_frames=959
[INFO][main.frame.processed][681893] processed_frames=960
[INFO][main.frame.processed][681900] processed_frames=961
[INFO][main.frame.processed][681907] processed_frames=962
[INFO][main.frame.processed][681916] processed_frames=963
[INFO][main.frame.processed][681926] processed_frames=964
[INFO][main.frame.processed][681940] processed_frames=965
[INFO][main.frame.processed][681952] processed_frames=966
[INFO][main.frame.processed][681961] processed_frames=967
[INFO][main.frame.processed][681969] processed_frames=968
[INFO][main.frame.processed][681977] processed_frames=969
[INFO][main.frame.processed][681987] processed_frames=970
[INFO][main.frame.processed][681994] processed_frames=971
[INFO][main.frame.processed][682002] processed_frames=972
[INFO][main.frame.processed][682017] processed_frames=973
[INFO][main.frame.processed][682032] processed_frames=974
[INFO][main.frame.processed][682039] processed_frames=975
[INFO][main.frame.processed][682047] processed_frames=976
[INFO][main.frame.processed][682054] processed_frames=977
[INFO][main.frame.processed][682061] processed_frames=978
[INFO][encoder.delta.summary][682068] logical encoder sample left=0 right=0 mean=0 diff=0
[WARN][control.apply.suppressed][682069] drive command suppressed because the active motor profile is diagnostics-only
[INFO][main.frame.processed][682069] processed_frames=979
[INFO][imu.sample.summary][682074] imu normalized sample acc_z=-4.823883mps2 gyro_z=-0.001729radps valid_streak=1351
[INFO][main.frame.processed][682076] processed_frames=980
[INFO][main.frame.processed][682093] processed_frames=981
[INFO][main.frame.processed][682105] processed_frames=982
[INFO][main.frame.processed][682113] processed_frames=983
[INFO][main.frame.processed][682120] processed_frames=984
[INFO][main.frame.processed][682127] processed_frames=985
[INFO][main.frame.processed][682135] processed_frames=986
[INFO][main.frame.processed][682143] processed_frames=987
[INFO][main.frame.processed][682151] processed_frames=988
[INFO][main.frame.processed][682167] processed_frames=989
[INFO][main.frame.processed][682181] processed_frames=990
[INFO][main.frame.processed][682190] processed_frames=991
[INFO][main.frame.processed][682198] processed_frames=992
[INFO][main.frame.processed][682208] processed_frames=993
[INFO][main.frame.processed][682215] processed_frames=994
[INFO][main.frame.processed][682224] processed_frames=995
[INFO][main.frame.processed][682233] processed_frames=996
[INFO][main.frame.processed][682248] processed_frames=997
[INFO][main.frame.processed][682260] processed_frames=998
[INFO][main.frame.processed][682269] processed_frames=999
[INFO][main.frame.processed][682277] processed_frames=1000
[INFO][main.frame.processed][682286] processed_frames=1001
[INFO][main.frame.processed][682295] processed_frames=1002
[INFO][main.frame.processed][682304] processed_frames=1003
[INFO][main.frame.processed][682314] processed_frames=1004
[INFO][main.frame.processed][682327] processed_frames=1005
[INFO][main.frame.processed][682340] processed_frames=1006
[INFO][main.frame.processed][682349] processed_frames=1007
[INFO][main.frame.processed][682357] processed_frames=1008
[INFO][main.frame.processed][682368] processed_frames=1009
[INFO][main.frame.processed][682375] processed_frames=1010
[INFO][main.frame.processed][682383] processed_frames=1011
[INFO][main.frame.processed][682394] processed_frames=1012
[INFO][main.frame.processed][682407] processed_frames=1013
[INFO][control.command.requested_nonzero][682426] non-zero differential-drive command requested
[INFO][main.frame.processed][682421] processed_frames=1014
[INFO][main.frame.processed][682429] processed_frames=1015
[INFO][main.frame.processed][682437] processed_frames=1016
[INFO][main.frame.processed][682448] processed_frames=1017
[INFO][main.frame.processed][682455] processed_frames=1018
[INFO][main.frame.processed][682462] processed_frames=1019
[INFO][main.frame.processed][682477] processed_frames=1020
[INFO][main.frame.processed][682488] processed_frames=1021
[INFO][main.frame.processed][682499] processed_frames=1022
[INFO][main.frame.processed][682507] processed_frames=1023
[INFO][main.frame.processed][682514] processed_frames=1024
[INFO][main.frame.processed][682521] processed_frames=1025
[INFO][main.frame.processed][682529] processed_frames=1026
[INFO][main.frame.processed][682536] processed_frames=1027
[INFO][main.frame.processed][682545] processed_frames=1028
[INFO][main.frame.processed][682562] processed_frames=1029
[INFO][main.frame.processed][682572] processed_frames=1030
[INFO][main.frame.processed][682580] processed_frames=1031
[INFO][main.frame.processed][682590] processed_frames=1032
[INFO][main.frame.processed][682597] processed_frames=1033
[INFO][main.frame.processed][682604] processed_frames=1034
[INFO][main.frame.processed][682612] processed_frames=1035
[INFO][main.frame.processed][682621] processed_frames=1036
[INFO][main.frame.processed][682635] processed_frames=1037
[INFO][main.frame.processed][682650] processed_frames=1038
[INFO][main.frame.processed][682659] processed_frames=1039
[INFO][main.frame.processed][682667] processed_frames=1040
[INFO][main.frame.processed][682678] processed_frames=1041
[INFO][main.frame.processed][682685] processed_frames=1042
[INFO][main.frame.processed][682692] processed_frames=1043
[INFO][main.frame.processed][682703] processed_frames=1044
[INFO][startup.low_voltage.raw][682721] low-voltage raw check path=/sys/bus/iio/devices/iio:device0/in_voltage7_raw raw=2309 threshold=400
[INFO][main.frame.processed][682718] processed_frames=1045
[INFO][main.frame.processed][682728] processed_frames=1046
[INFO][main.frame.processed][682738] processed_frames=1047
[INFO][main.frame.processed][682745] processed_frames=1048
[INFO][main.frame.processed][682752] processed_frames=1049
[INFO][main.frame.processed][682760] processed_frames=1050
[INFO][main.frame.processed][682767] processed_frames=1051
[INFO][main.frame.processed][682775] processed_frames=1052
[INFO][main.frame.processed][682791] processed_frames=1053
[INFO][main.frame.processed][682800] processed_frames=1054
[INFO][main.frame.processed][682812] processed_frames=1055
[INFO][main.frame.processed][682821] processed_frames=1056
[INFO][main.frame.processed][682829] processed_frames=1057
[INFO][main.frame.processed][682837] processed_frames=1058
[INFO][main.frame.processed][682847] processed_frames=1059
[INFO][main.frame.processed][682857] processed_frames=1060
[INFO][main.frame.processed][682873] processed_frames=1061
[INFO][main.frame.processed][682886] processed_frames=1062
[INFO][main.frame.processed][682895] processed_frames=1063
[INFO][main.frame.processed][682903] processed_frames=1064
[INFO][main.frame.processed][682913] processed_frames=1065
[INFO][main.frame.processed][682920] processed_frames=1066
[INFO][main.frame.processed][682929] processed_frames=1067
[INFO][main.frame.processed][682945] processed_frames=1068
[INFO][main.frame.processed][682959] processed_frames=1069
[INFO][main.frame.processed][682967] processed_frames=1070
[INFO][main.frame.processed][682976] processed_frames=1071
[INFO][main.frame.processed][682986] processed_frames=1072
[INFO][main.frame.processed][682993] processed_frames=1073
[INFO][main.frame.processed][683001] processed_frames=1074
[INFO][main.frame.processed][683011] processed_frames=1075
[INFO][main.frame.processed][683028] processed_frames=1076
[INFO][main.frame.processed][683038] processed_frames=1077
[INFO][main.frame.processed][683046] processed_frames=1078
[INFO][main.frame.processed][683053] processed_frames=1079
[INFO][main.frame.processed][683061] processed_frames=1080
[INFO][encoder.delta.summary][683068] logical encoder sample left=0 right=0 mean=0 diff=0
[INFO][main.frame.processed][683068] processed_frames=1081
[INFO][imu.sample.summary][683074] imu normalized sample acc_z=-4.814407mps2 gyro_z=0.000399radps valid_streak=1487
[WARN][control.apply.suppressed][683075] drive command suppressed because the active motor profile is diagnostics-only
[INFO][main.frame.processed][683075] processed_frames=1082
[INFO][main.frame.processed][683083] processed_frames=1083
[WARN][main.exit.forced][683100] forced shutdown requested by SIGTERM; exiting without waiting for DISARMED
[INFO][timer.stop][683103] timer bridge stopped
[INFO][camera.shutdown][683103] camera adapter shutdown complete
[INFO][imu.shutdown][683103] imu adapter shutdown complete
[INFO][encoder.shutdown][683103] encoder adapter shutdown complete
[INFO][motor.shutdown][683103] motor adapter shutdown complete
[INFO][shutdown.complete][683103] actuators disabled and resources released
[INFO][main.exit][683103] runtime exit complete
remote_runtime_exit=0
remote_log_copy_exit=0
remote_runtime_invoked=1
