== runtime smoke 2026-04-19T00:29:04Z ==
board=root@10.100.170.226
binary=/home/root/new
params_source=/home/madejuele/projects/2K0300/new/user/../config/default_params.json
profile_source=/home/madejuele/projects/2K0300/new/user/../config/hardware_profile.json
smoke_enable_motor=0
true_vendor_root=/home/madejuele/projects/2K0300/true_LS2K0300_Library/Seekfree_LS2K0300_Opensource_Library
harness_context_begin
LS2K_AUTO_START=1
LS2K_AUTO_START_DELAY_MS=200
LS2K_AUTO_STOP_AFTER_MS=0
LS2K_AUTO_RESET_FAULT=0
SMOKE_MAX_FRAMES=50
LS2K_FAULT_INJECT_DROP_FRAME_EVERY_N=0
LS2K_FAULT_INJECT_IMU_INVALID_EVERY_N=0
LS2K_FAULT_INJECT_ENCODER_INVALID_EVERY_N=0
LS2K_FORCE_LOW_VOLTAGE=unset
harness_context_end
[INFO][main.start][1724217] starting ls2k migration runtime
[INFO][profile.loaded][1724218] hardware profile loaded from /home/root/hardware_profile.smoke.json
[INFO][params.loaded][1724219] runtime parameters loaded from /home/root/default_params.smoke.json
[INFO][profile.camera][1724219] direct-match:phase1-160x120-to-160x128-no-exp-light-control
[INFO][profile.imu][1724219] direct-match:imu-core-device-detect
[INFO][profile.encoder][1724219] direct-match:absolute-count-delta-baseline
[INFO][profile.motor][1724219] disabled:smoke-motor-disabled
[INFO][profile.timer][1724219] direct-match:pit-timer-bridge
[WARN][startup.mode.degraded][1724219] degraded startup mode enabled: non-direct-match profiles may pass startup for diagnostics only
[WARN][startup.profile.motor.degraded][1724220] motor profile is disabled:smoke-motor-disabled (allowed only in degraded startup mode)
[INFO][params.critical.apply][1724220] applied startup-critical fields P_Mode and exp_light before adapter bring-up
[INFO][power.init][1724220] power monitor initialized with true_ls2k0300 adc bridge path=/sys/bus/iio/devices/iio:device0/in_voltage7_raw
[INFO][startup.low_voltage.raw][1724220] low-voltage raw check path=/sys/bus/iio/devices/iio:device0/in_voltage7_raw raw=2297 threshold=400
[INFO][startup.low_voltage.clear][1724220] startup low-voltage check is clear
find uvc camera Successfully.
get uvc width = 160.000000.
get uvc height = 120.000000.
get uvc fps = 120.000000.
[INFO][camera.init][1724496] camera initialized through true_ls2k0300 bridge: /dev/video0
[INFO][imu.init][1724498] imu initialized through true_ls2k0300 bridge: resolved IMU resource at /sys/bus/iio/devices/iio:device1
[INFO][imu.detect][1724498] imu detection path selected: imu660ra source=/sys/bus/iio/devices/iio:device1/name
[INFO][imu.calibration.ready][1724549] imu gyro zero-bias calibrated from 32 startup sample(s)
[INFO][encoder.init][1724549] encoder initialized through true_ls2k0300 bridge: left=/dev/zf_encoder_1, right=/dev/zf_encoder_2
[INFO][encoder.normalization][1724549] encoder direct-match normalization keeps logical left=raw_left and logical right=-raw_right for direct speed samples
[INFO][motor.disabled][1724549] motor subsystem disabled by hardware profile
[WARN][startup.motor.disabled.degraded][1724549] motor is disabled by profile and degraded startup mode is enabled
[INFO][startup.complete][1724549] startup validated required adapters and applied critical params
[WARN][control.start.degraded.motor_disabled][1724549] degraded startup keeps control loop running with motor disabled; actuators stay disarmed
[INFO][timer.start.pit][1724549] timer started with true_ls2k0300 pit bridge
[FAIL_SAFE][control.arm.motor_disabled][1724549] motor profile is disabled; control loop stays diagnostics-only with actuators disarmed
[INFO][control.start][1724550] control loop started with gate -> motion supervisor -> shaping/apply sequencing
[INFO][main.harness_context][1724550] automation_context auto_start=true auto_start_delay_ms=200 auto_stop_after_ms=0 auto_reset_fault=false emit_frame_progress=true
[INFO][imu.sample.summary][1724556] imu normalized sample acc_z=-4.815556mps2 gyro_z=0.001496radps valid_streak=1
[INFO][encoder.delta.summary][1724557] logical encoder sample left=0 right=0 mean=0 diff=0
[FAIL_SAFE][control.veto][1724557] vetoing actuator update due to perception_stale
[FAIL_SAFE][control.veto.perception_stale][1724557] dominant control veto reason: perception_stale
[WARN][control.apply.suppressed][1724557] drive command suppressed because the active motor profile is diagnostics-only
[WARN][control.veto.sustained][1724759] control remained vetoed for 202 ms with dominant reason=perception_stale
[INFO][imu.continuity.ready][1724780] imu sample stream stayed valid for 32 consecutive reads after bridge normalization
[INFO][main.frame.processed][1724550] processed_frames=1
[INFO][motion.start.requested][1724868] motion start requested by LS2K_AUTO_START
[INFO][motion.phase.transition][1724871] motion phase transitioned from DISARMED to START_REQUESTED
[WARN][motion.start.blocked][1724871] start request remains blocked while gate reason=perception_stale
[INFO][main.frame.processed][1724868] processed_frames=2
[INFO][control.veto.interval.closed][1724879] previous veto interval closed after 322 ms (reason=perception_stale)
[INFO][main.frame.processed][1724886] processed_frames=3
[INFO][motion.phase.transition][1724898] motion phase transitioned from START_REQUESTED to SPINUP
[INFO][motion.spinup.enter][1724898] motion start request cleared the gate-confirmation boundary and entered spinup
[INFO][control.command.requested_nonzero][1724898] non-zero differential-drive command requested
[INFO][main.frame.processed][1724899] processed_frames=4
[INFO][main.frame.processed][1724909] processed_frames=5
[INFO][main.frame.processed][1724917] processed_frames=6
[INFO][main.frame.processed][1724926] processed_frames=7
[INFO][main.frame.processed][1724936] processed_frames=8
[INFO][main.frame.processed][1724943] processed_frames=9
[INFO][main.frame.processed][1724951] processed_frames=10
[INFO][main.frame.processed][1724959] processed_frames=11
[INFO][main.frame.processed][1724973] processed_frames=12
[INFO][main.frame.processed][1724988] processed_frames=13
[INFO][main.frame.processed][1725004] processed_frames=14
[INFO][main.frame.processed][1725015] processed_frames=15
[INFO][main.frame.processed][1725026] processed_frames=16
[INFO][main.frame.processed][1725033] processed_frames=17
[INFO][main.frame.processed][1725040] processed_frames=18
[INFO][main.frame.processed][1725048] processed_frames=19
[INFO][main.frame.processed][1725055] processed_frames=20
[INFO][main.frame.processed][1725062] processed_frames=21
[INFO][control.unveto.sustained][1725085] control remained non-veto for 206 ms; actuator path stayed eligible for lifecycle evaluation
[INFO][main.frame.processed][1725077] processed_frames=22
[INFO][main.frame.processed][1725092] processed_frames=23
[INFO][main.frame.processed][1725108] processed_frames=24
[INFO][main.frame.processed][1725119] processed_frames=25
[INFO][main.frame.processed][1725130] processed_frames=26
[INFO][main.frame.processed][1725137] processed_frames=27
[INFO][main.frame.processed][1725144] processed_frames=28
[INFO][main.frame.processed][1725152] processed_frames=29
[INFO][main.frame.processed][1725159] processed_frames=30
[INFO][main.frame.processed][1725166] processed_frames=31
[INFO][main.frame.processed][1725181] processed_frames=32
[INFO][main.frame.processed][1725196] processed_frames=33
[INFO][main.frame.processed][1725212] processed_frames=34
[INFO][startup.low_voltage.raw][1725223] low-voltage raw check path=/sys/bus/iio/devices/iio:device0/in_voltage7_raw raw=2291 threshold=400
[INFO][main.frame.processed][1725223] processed_frames=35
[INFO][main.frame.processed][1725232] processed_frames=36
[INFO][main.frame.processed][1725241] processed_frames=37
[INFO][main.frame.processed][1725250] processed_frames=38
[INFO][main.frame.processed][1725258] processed_frames=39
[INFO][main.frame.processed][1725266] processed_frames=40
[INFO][main.frame.processed][1725292] processed_frames=41
[INFO][main.frame.processed][1725317] processed_frames=42
[INFO][main.frame.processed][1725337] processed_frames=43
[INFO][main.frame.processed][1725348] processed_frames=44
[INFO][main.frame.processed][1725357] processed_frames=45
[INFO][main.frame.processed][1725366] processed_frames=46
[INFO][main.frame.processed][1725374] processed_frames=47
[INFO][main.frame.processed][1725381] processed_frames=48
[INFO][main.frame.processed][1725389] processed_frames=49
[INFO][main.frame.processed][1725399] processed_frames=50
[INFO][main.frame.processed][1725414] processed_frames=51
[INFO][main.frame.processed][1725428] processed_frames=52
[INFO][motion.stop.requested][1725444] controlled stop requested by signal
[INFO][main.frame.processed][1725444] processed_frames=53
[INFO][main.frame.processed][1725456] processed_frames=54
[INFO][main.frame.processed][1725463] processed_frames=55
[INFO][main.frame.processed][1725470] processed_frames=56
[INFO][main.frame.processed][1725477] processed_frames=57
[INFO][main.frame.processed][1725485] processed_frames=58
[INFO][main.frame.processed][1725492] processed_frames=59
[INFO][main.frame.processed][1725500] processed_frames=60
[INFO][main.frame.processed][1725515] processed_frames=61
[INFO][main.frame.processed][1725529] processed_frames=62
[INFO][main.frame.processed][1725538] processed_frames=63
[INFO][main.frame.processed][1725546] processed_frames=64
[INFO][imu.sample.summary][1725556] imu normalized sample acc_z=-4.813163mps2 gyro_z=0.002560radps valid_streak=133
[INFO][encoder.delta.summary][1725558] logical encoder sample left=0 right=0 mean=0 diff=0
[WARN][control.apply.suppressed][1725558] drive command suppressed because the active motor profile is diagnostics-only
[INFO][main.frame.processed][1725555] processed_frames=65
[INFO][main.frame.processed][1725563] processed_frames=66
[INFO][main.frame.processed][1725573] processed_frames=67
[INFO][main.frame.processed][1725582] processed_frames=68
[INFO][main.frame.processed][1725595] processed_frames=69
[INFO][main.frame.processed][1725608] processed_frames=70
[INFO][main.frame.processed][1725617] processed_frames=71
[INFO][main.frame.processed][1725626] processed_frames=72
[INFO][main.frame.processed][1725634] processed_frames=73
[INFO][main.frame.processed][1725641] processed_frames=74
[INFO][main.frame.processed][1725650] processed_frames=75
[INFO][main.frame.processed][1725660] processed_frames=76
[INFO][main.frame.processed][1725676] processed_frames=77
[INFO][main.frame.processed][1725688] processed_frames=78
[INFO][main.frame.processed][1725696] processed_frames=79
[INFO][main.frame.processed][1725704] processed_frames=80
[INFO][main.frame.processed][1725712] processed_frames=81
[INFO][main.frame.processed][1725723] processed_frames=82
[INFO][main.frame.processed][1725730] processed_frames=83
[INFO][main.frame.processed][1725739] processed_frames=84
[INFO][motion.phase.transition][1725754] motion phase transitioned from STOPPING to DISARMED
[INFO][motion.stop.complete][1725754] controlled stop completed and runtime returned to DISARMED
[INFO][main.frame.processed][1725755] processed_frames=85
[INFO][main.exit.ready][1725764] controlled stop reached DISARMED; process may now exit
[INFO][timer.stop][1725767] timer bridge stopped
[INFO][camera.shutdown][1725767] camera adapter shutdown complete
[INFO][imu.shutdown][1725767] imu adapter shutdown complete
[INFO][encoder.shutdown][1725767] encoder adapter shutdown complete
[INFO][motor.shutdown][1725767] motor adapter shutdown complete
[INFO][shutdown.complete][1725767] actuators disabled and resources released
[INFO][main.exit][1725767] runtime exit complete
remote_runtime_exit=0
remote_log_copy_exit=0
remote_runtime_invoked=1
