== runtime smoke 2026-04-19T00:34:04Z ==
board=root@10.100.170.226
binary=/home/root/new
params_source=/home/madejuele/projects/2K0300/new/user/../config/default_params.json
profile_source=/home/madejuele/projects/2K0300/new/user/../config/hardware_profile.json
smoke_enable_motor=1
true_vendor_root=/home/madejuele/projects/2K0300/true_LS2K0300_Library/Seekfree_LS2K0300_Opensource_Library
harness_context_begin
LS2K_AUTO_START=1
LS2K_AUTO_START_DELAY_MS=200
LS2K_AUTO_STOP_AFTER_MS=0
LS2K_AUTO_RESET_FAULT=0
SMOKE_MAX_FRAMES=60
LS2K_FAULT_INJECT_DROP_FRAME_EVERY_N=0
LS2K_FAULT_INJECT_IMU_INVALID_EVERY_N=0
LS2K_FAULT_INJECT_ENCODER_INVALID_EVERY_N=0
LS2K_FORCE_LOW_VOLTAGE=unset
harness_context_end
[INFO][main.start][2024873] starting ls2k migration runtime
[INFO][profile.loaded][2024875] hardware profile loaded from /home/root/hardware_profile.smoke.json
[INFO][params.loaded][2024875] runtime parameters loaded from /home/root/default_params.smoke.json
[INFO][profile.camera][2024875] direct-match:phase1-160x120-to-160x128-no-exp-light-control
[INFO][profile.imu][2024875] direct-match:imu-core-device-detect
[INFO][profile.encoder][2024875] direct-match:absolute-count-delta-baseline
[INFO][profile.motor][2024876] direct-match:pwm-gpio-free-function
[INFO][profile.timer][2024876] direct-match:pit-timer-bridge
[INFO][params.critical.apply][2024876] applied startup-critical fields P_Mode and exp_light before adapter bring-up
[INFO][power.init][2024876] power monitor initialized with true_ls2k0300 adc bridge path=/sys/bus/iio/devices/iio:device0/in_voltage7_raw
[INFO][startup.low_voltage.raw][2024876] low-voltage raw check path=/sys/bus/iio/devices/iio:device0/in_voltage7_raw raw=2306 threshold=400
[INFO][startup.low_voltage.clear][2024876] startup low-voltage check is clear
find uvc camera Successfully.
get uvc width = 160.000000.
get uvc height = 120.000000.
get uvc fps = 120.000000.
[INFO][camera.init][2025153] camera initialized through true_ls2k0300 bridge: /dev/video0
[INFO][imu.init][2025154] imu initialized through true_ls2k0300 bridge: resolved IMU resource at /sys/bus/iio/devices/iio:device1
[INFO][imu.detect][2025154] imu detection path selected: imu660ra source=/sys/bus/iio/devices/iio:device1/name
[INFO][imu.calibration.ready][2025204] imu gyro zero-bias calibrated from 32 startup sample(s)
[INFO][encoder.init][2025204] encoder initialized through true_ls2k0300 bridge: left=/dev/zf_encoder_1, right=/dev/zf_encoder_2
[INFO][encoder.normalization][2025204] encoder direct-match normalization keeps logical left=raw_left and logical right=-raw_right for direct speed samples
[INFO][motor.init][2025204] motor initialized through true_ls2k0300 bridge: logical_left maps to pwm=/dev/zf_device_pwm_motor_2, gpio=/dev/zf_driver_gpio_motor_2; logical_right maps to pwm=/dev/zf_device_pwm_motor_1, gpio=/dev/zf_driver_gpio_motor_1
[INFO][startup.complete][2025204] startup validated required adapters and applied critical params
[INFO][timer.start.pit][2025205] timer started with true_ls2k0300 pit bridge
[INFO][control.start][2025205] control loop started with gate -> motion supervisor -> shaping/apply sequencing
[INFO][main.harness_context][2025205] automation_context auto_start=true auto_start_delay_ms=200 auto_stop_after_ms=0 auto_reset_fault=false emit_frame_progress=true
[INFO][imu.sample.summary][2025211] imu normalized sample acc_z=-4.820341mps2 gyro_z=-0.001895radps valid_streak=1
[INFO][encoder.delta.summary][2025212] logical encoder sample left=0 right=0 mean=0 diff=0
[FAIL_SAFE][control.veto][2025213] vetoing actuator update due to perception_stale
[FAIL_SAFE][control.veto.perception_stale][2025213] dominant control veto reason: perception_stale
[FAIL_SAFE][control.apply.emergency_stop][2025213] emergency-stop command applied to keep actuators fail-safe
[WARN][control.veto.sustained][2025418] control remained vetoed for 205 ms with dominant reason=perception_stale
[INFO][imu.continuity.ready][2025430] imu sample stream stayed valid for 32 consecutive reads after bridge normalization
[INFO][main.frame.processed][2025205] processed_frames=1
[INFO][motion.start.requested][2025508] motion start requested by LS2K_AUTO_START
[INFO][motion.phase.transition][2025515] motion phase transitioned from DISARMED to START_REQUESTED
[WARN][motion.start.blocked][2025515] start request remains blocked while gate reason=perception_stale
[INFO][main.frame.processed][2025508] processed_frames=2
[INFO][control.veto.interval.closed][2025522] previous veto interval closed after 309 ms (reason=perception_stale)
[INFO][control.apply.hold_disarmed][2025522] gate is clear but runtime is intentionally held disarmed in phase START_REQUESTED
[INFO][motion.phase.transition][2025537] motion phase transitioned from START_REQUESTED to SPINUP
[INFO][motion.spinup.enter][2025537] motion start request cleared the gate-confirmation boundary and entered spinup
[INFO][control.command.requested_nonzero][2025537] non-zero differential-drive command requested
[INFO][control.apply.drive][2025537] drive command applied to motor adapter
[INFO][control.apply.command][2025537] logical drive command left_pwm=280 right_pwm=-280
[INFO][control.arm.transition][2025537] actuator armed state transitioned from disarmed to armed (apply_outcome=drive_command_applied, phase=SPINUP)
[INFO][main.frame.processed][2025525] processed_frames=3
[INFO][main.frame.processed][2025541] processed_frames=4
[INFO][main.frame.processed][2025555] processed_frames=5
[INFO][main.frame.processed][2025564] processed_frames=6
[INFO][main.frame.processed][2025572] processed_frames=7
[INFO][main.frame.processed][2025583] processed_frames=8
[INFO][main.frame.processed][2025592] processed_frames=9
[INFO][main.frame.processed][2025602] processed_frames=10
[INFO][main.frame.processed][2025615] processed_frames=11
[INFO][main.frame.processed][2025631] processed_frames=12
[INFO][main.frame.processed][2025649] processed_frames=13
[INFO][main.frame.processed][2025660] processed_frames=14
[INFO][main.frame.processed][2025669] processed_frames=15
[INFO][main.frame.processed][2025679] processed_frames=16
[INFO][main.frame.processed][2025688] processed_frames=17
[INFO][main.frame.processed][2025696] processed_frames=18
[INFO][main.frame.processed][2025705] processed_frames=19
[INFO][control.unveto.sustained][2025724] control remained non-veto for 202 ms; actuator path stayed eligible for lifecycle evaluation
[INFO][main.frame.processed][2025719] processed_frames=20
[INFO][main.frame.processed][2025735] processed_frames=21
[INFO][main.frame.processed][2025751] processed_frames=22
[INFO][main.frame.processed][2025765] processed_frames=23
[INFO][main.frame.processed][2025773] processed_frames=24
[INFO][main.frame.processed][2025783] processed_frames=25
[INFO][main.frame.processed][2025792] processed_frames=26
[INFO][main.frame.processed][2025800] processed_frames=27
[INFO][main.frame.processed][2025810] processed_frames=28
[INFO][main.frame.processed][2025823] processed_frames=29
[INFO][main.frame.processed][2025839] processed_frames=30
[INFO][main.frame.processed][2025855] processed_frames=31
[INFO][main.frame.processed][2025869] processed_frames=32
[INFO][startup.low_voltage.raw][2025878] low-voltage raw check path=/sys/bus/iio/devices/iio:device0/in_voltage7_raw raw=2291 threshold=400
[INFO][startup.low_voltage.raw][2025877] low-voltage raw check path=/sys/bus/iio/devices/iio:device0/in_voltage7_raw raw=2291 threshold=400
[INFO][main.frame.processed][2025877] processed_frames=33
[INFO][main.frame.processed][2025887] processed_frames=34
[INFO][main.frame.processed][2025896] processed_frames=35
[INFO][main.frame.processed][2025904] processed_frames=36
[INFO][main.frame.processed][2025914] processed_frames=37
[INFO][main.frame.processed][2025927] processed_frames=38
[INFO][main.frame.processed][2025942] processed_frames=39
[INFO][main.frame.processed][2025959] processed_frames=40
[INFO][main.frame.processed][2025972] processed_frames=41
[INFO][main.frame.processed][2025981] processed_frames=42
[INFO][main.frame.processed][2025991] processed_frames=43
[INFO][main.frame.processed][2025999] processed_frames=44
[INFO][main.frame.processed][2026008] processed_frames=45
[INFO][main.frame.processed][2026018] processed_frames=46
[INFO][main.frame.processed][2026031] processed_frames=47
[INFO][main.frame.processed][2026046] processed_frames=48
[INFO][main.frame.processed][2026061] processed_frames=49
[INFO][main.frame.processed][2026077] processed_frames=50
[INFO][main.frame.processed][2026085] processed_frames=51
[INFO][main.frame.processed][2026095] processed_frames=52
[INFO][main.frame.processed][2026104] processed_frames=53
[INFO][main.frame.processed][2026112] processed_frames=54
[INFO][main.frame.processed][2026122] processed_frames=55
[INFO][motion.phase.transition][2026140] motion phase transitioned from SPINUP to RUNNING
[INFO][motion.spinup.complete][2026140] spinup timer completed and running authority is now released
[INFO][main.frame.processed][2026136] processed_frames=56
[INFO][main.frame.processed][2026150] processed_frames=57
[INFO][main.frame.processed][2026167] processed_frames=58
[INFO][main.frame.processed][2026180] processed_frames=59
[INFO][main.frame.processed][2026189] processed_frames=60
[INFO][main.frame.processed][2026200] processed_frames=61
[INFO][main.frame.processed][2026207] processed_frames=62
[INFO][imu.sample.summary][2026213] imu normalized sample acc_z=-3.509732mps2 gyro_z=0.033220radps valid_streak=136
[INFO][encoder.delta.summary][2026214] logical encoder sample left=462 right=-318 mean=72 diff=-780
[INFO][main.frame.processed][2026215] processed_frames=63
[INFO][main.frame.processed][2026224] processed_frames=64
[INFO][main.frame.processed][2026234] processed_frames=65
[INFO][main.frame.processed][2026250] processed_frames=66
[INFO][main.frame.processed][2026260] processed_frames=67
[INFO][motion.stop.requested][2026280] controlled stop requested by signal
[INFO][main.frame.processed][2026280] processed_frames=68
[INFO][main.frame.processed][2026288] processed_frames=69
[INFO][main.frame.processed][2026299] processed_frames=70
[INFO][main.frame.processed][2026307] processed_frames=71
[INFO][main.frame.processed][2026315] processed_frames=72
[INFO][main.frame.processed][2026324] processed_frames=73
[INFO][main.frame.processed][2026332] processed_frames=74
[INFO][main.frame.processed][2026349] processed_frames=75
[INFO][main.frame.processed][2026363] processed_frames=76
[INFO][main.frame.processed][2026371] processed_frames=77
[INFO][main.frame.processed][2026382] processed_frames=78
[INFO][main.frame.processed][2026390] processed_frames=79
[INFO][main.frame.processed][2026397] processed_frames=80
[INFO][main.frame.processed][2026405] processed_frames=81
[INFO][main.frame.processed][2026412] processed_frames=82
[INFO][main.frame.processed][2026429] processed_frames=83
[INFO][main.frame.processed][2026443] processed_frames=84
[INFO][main.frame.processed][2026452] processed_frames=85
[INFO][main.frame.processed][2026460] processed_frames=86
[INFO][main.frame.processed][2026469] processed_frames=87
[INFO][main.frame.processed][2026479] processed_frames=88
[INFO][main.frame.processed][2026489] processed_frames=89
[INFO][main.frame.processed][2026505] processed_frames=90
[INFO][main.frame.processed][2026519] processed_frames=91
[INFO][main.frame.processed][2026527] processed_frames=92
[INFO][control.command.requested_nonzero][2026538] non-zero differential-drive command requested
[INFO][control.apply.drive][2026538] drive command applied to motor adapter
[INFO][control.apply.command][2026538] logical drive command left_pwm=-520 right_pwm=-4588
[INFO][main.frame.processed][2026536] processed_frames=93
[INFO][main.frame.processed][2026546] processed_frames=94
[INFO][main.frame.processed][2026553] processed_frames=95
[INFO][main.frame.processed][2026561] processed_frames=96
[INFO][main.frame.processed][2026571] processed_frames=97
[INFO][main.frame.processed][2026584] processed_frames=98
[INFO][main.frame.processed][2026598] processed_frames=99
[INFO][main.frame.processed][2026606] processed_frames=100
[INFO][main.frame.processed][2026615] processed_frames=101
[INFO][main.frame.processed][2026626] processed_frames=102
[INFO][main.frame.processed][2026633] processed_frames=103
[INFO][main.frame.processed][2026641] processed_frames=104
[INFO][main.frame.processed][2026650] processed_frames=105
[INFO][main.frame.processed][2026664] processed_frames=106
[INFO][main.frame.processed][2026674] processed_frames=107
[INFO][main.frame.processed][2026683] processed_frames=108
[INFO][main.frame.processed][2026691] processed_frames=109
[INFO][main.frame.processed][2026701] processed_frames=110
[INFO][main.frame.processed][2026709] processed_frames=111
[INFO][main.frame.processed][2026717] processed_frames=112
[INFO][main.frame.processed][2026727] processed_frames=113
[INFO][main.frame.processed][2026742] processed_frames=114
[INFO][main.frame.processed][2026755] processed_frames=115
[INFO][main.frame.processed][2026764] processed_frames=116
[INFO][main.frame.processed][2026772] processed_frames=117
[INFO][main.frame.processed][2026781] processed_frames=118
[INFO][main.frame.processed][2026789] processed_frames=119
[INFO][main.frame.processed][2026800] processed_frames=120
[INFO][main.frame.processed][2026812] processed_frames=121
[INFO][main.frame.processed][2026827] processed_frames=122
[INFO][main.frame.processed][2026837] processed_frames=123
[INFO][main.frame.processed][2026845] processed_frames=124
[INFO][main.frame.processed][2026854] processed_frames=125
[INFO][main.frame.processed][2026863] processed_frames=126
[INFO][startup.low_voltage.raw][2026879] low-voltage raw check path=/sys/bus/iio/devices/iio:device0/in_voltage7_raw raw=2272 threshold=400
[INFO][main.frame.processed][2026871] processed_frames=127
[INFO][main.frame.processed][2026884] processed_frames=128
[INFO][main.frame.processed][2026899] processed_frames=129
[INFO][main.frame.processed][2026911] processed_frames=130
[INFO][main.frame.processed][2026920] processed_frames=131
[INFO][main.frame.processed][2026928] processed_frames=132
[INFO][main.frame.processed][2026937] processed_frames=133
[INFO][main.frame.processed][2026945] processed_frames=134
[INFO][main.frame.processed][2026955] processed_frames=135
[INFO][main.frame.processed][2026973] processed_frames=136
[INFO][main.frame.processed][2026987] processed_frames=137
[INFO][main.frame.processed][2026995] processed_frames=138
[INFO][main.frame.processed][2027004] processed_frames=139
[INFO][main.frame.processed][2027012] processed_frames=140
[INFO][main.frame.processed][2027022] processed_frames=141
[INFO][main.frame.processed][2027029] processed_frames=142
[INFO][main.frame.processed][2027040] processed_frames=143
[INFO][main.frame.processed][2027055] processed_frames=144
[INFO][main.frame.processed][2027066] processed_frames=145
[INFO][main.frame.processed][2027077] processed_frames=146
[INFO][main.frame.processed][2027084] processed_frames=147
[INFO][main.frame.processed][2027092] processed_frames=148
[INFO][main.frame.processed][2027100] processed_frames=149
[INFO][main.frame.processed][2027109] processed_frames=150
[INFO][main.frame.processed][2027119] processed_frames=151
[INFO][main.frame.processed][2027133] processed_frames=152
[INFO][main.frame.processed][2027147] processed_frames=153
[INFO][main.frame.processed][2027155] processed_frames=154
[INFO][main.frame.processed][2027166] processed_frames=155
[INFO][main.frame.processed][2027173] processed_frames=156
[INFO][main.frame.processed][2027181] processed_frames=157
[INFO][main.frame.processed][2027188] processed_frames=158
[INFO][main.frame.processed][2027205] processed_frames=159
[INFO][imu.sample.summary][2027216] imu normalized sample acc_z=-4.743621mps2 gyro_z=-0.004024radps valid_streak=267
[INFO][encoder.delta.summary][2027218] logical encoder sample left=156 right=-127 mean=14 diff=-283
[INFO][main.frame.processed][2027218] processed_frames=160
[INFO][main.frame.processed][2027226] processed_frames=161
[INFO][main.frame.processed][2027233] processed_frames=162
[INFO][main.frame.processed][2027241] processed_frames=163
[INFO][main.frame.processed][2027248] processed_frames=164
[INFO][main.frame.processed][2027256] processed_frames=165
[INFO][main.frame.processed][2027266] processed_frames=166
[INFO][main.frame.processed][2027282] processed_frames=167
[INFO][main.frame.processed][2027295] processed_frames=168
[INFO][main.frame.processed][2027304] processed_frames=169
[INFO][main.frame.processed][2027312] processed_frames=170
[INFO][main.frame.processed][2027323] processed_frames=171
[INFO][main.frame.processed][2027331] processed_frames=172
[INFO][main.frame.processed][2027341] processed_frames=173
[INFO][main.frame.processed][2027356] processed_frames=174
[INFO][main.frame.processed][2027370] processed_frames=175
[INFO][main.frame.processed][2027379] processed_frames=176
[INFO][main.frame.processed][2027390] processed_frames=177
[INFO][main.frame.processed][2027397] processed_frames=178
[INFO][main.frame.processed][2027406] processed_frames=179
[INFO][main.frame.processed][2027414] processed_frames=180
[INFO][main.frame.processed][2027431] processed_frames=181
[INFO][main.frame.processed][2027444] processed_frames=182
[INFO][main.frame.processed][2027453] processed_frames=183
[INFO][main.frame.processed][2027461] processed_frames=184
[INFO][main.frame.processed][2027470] processed_frames=185
[INFO][main.frame.processed][2027478] processed_frames=186
[INFO][main.frame.processed][2027489] processed_frames=187
[INFO][main.frame.processed][2027496] processed_frames=188
[INFO][main.frame.processed][2027508] processed_frames=189
[INFO][main.frame.processed][2027526] processed_frames=190
[INFO][control.command.requested_nonzero][2027541] non-zero differential-drive command requested
[INFO][control.apply.drive][2027541] drive command applied to motor adapter
[INFO][control.apply.command][2027541] logical drive command left_pwm=-3 right_pwm=-3
[INFO][main.frame.processed][2027535] processed_frames=191
[INFO][main.frame.processed][2027543] processed_frames=192
[INFO][main.frame.processed][2027552] processed_frames=193
[INFO][main.frame.processed][2027560] processed_frames=194
[INFO][main.frame.processed][2027570] processed_frames=195
[INFO][main.frame.processed][2027587] processed_frames=196
[INFO][main.frame.processed][2027598] processed_frames=197
[INFO][main.frame.processed][2027608] processed_frames=198
[INFO][main.frame.processed][2027616] processed_frames=199
[INFO][main.frame.processed][2027623] processed_frames=200
[INFO][main.frame.processed][2027632] processed_frames=201
[INFO][main.frame.processed][2027640] processed_frames=202
[INFO][main.frame.processed][2027649] processed_frames=203
[INFO][main.frame.processed][2027663] processed_frames=204
[INFO][main.frame.processed][2027679] processed_frames=205
[INFO][main.frame.processed][2027688] processed_frames=206
[INFO][main.frame.processed][2027697] processed_frames=207
[INFO][main.frame.processed][2027706] processed_frames=208
[INFO][main.frame.processed][2027715] processed_frames=209
[INFO][main.frame.processed][2027723] processed_frames=210
[INFO][main.frame.processed][2027739] processed_frames=211
[INFO][main.frame.processed][2027754] processed_frames=212
[INFO][main.frame.processed][2027762] processed_frames=213
[INFO][main.frame.processed][2027771] processed_frames=214
[INFO][main.frame.processed][2027791] processed_frames=215
[INFO][main.frame.processed][2027818] processed_frames=216
[INFO][main.frame.processed][2027834] processed_frames=217
[INFO][main.frame.processed][2027843] processed_frames=218
[INFO][main.frame.processed][2027854] processed_frames=219
[INFO][main.frame.processed][2027862] processed_frames=220
[INFO][main.frame.processed][2027871] processed_frames=221
[INFO][startup.low_voltage.raw][2027879] low-voltage raw check path=/sys/bus/iio/devices/iio:device0/in_voltage7_raw raw=2289 threshold=400
[INFO][main.frame.processed][2027879] processed_frames=222
[INFO][main.frame.processed][2027899] processed_frames=223
[INFO][main.frame.processed][2027909] processed_frames=224
[INFO][main.frame.processed][2027918] processed_frames=225
[INFO][main.frame.processed][2027928] processed_frames=226
[INFO][main.frame.processed][2027936] processed_frames=227
[INFO][main.frame.processed][2027943] processed_frames=228
[INFO][main.frame.processed][2027951] processed_frames=229
[INFO][main.frame.processed][2027961] processed_frames=230
[INFO][main.frame.processed][2027977] processed_frames=231
[INFO][main.frame.processed][2027988] processed_frames=232
[INFO][main.frame.processed][2027996] processed_frames=233
[INFO][main.frame.processed][2028006] processed_frames=234
[INFO][main.frame.processed][2028014] processed_frames=235
[INFO][main.frame.processed][2028021] processed_frames=236
[INFO][main.frame.processed][2028029] processed_frames=237
[INFO][main.frame.processed][2028038] processed_frames=238
[INFO][main.frame.processed][2028054] processed_frames=239
[INFO][main.frame.processed][2028065] processed_frames=240
[INFO][main.frame.processed][2028076] processed_frames=241
[INFO][main.frame.processed][2028084] processed_frames=242
[INFO][main.frame.processed][2028093] processed_frames=243
[INFO][main.frame.processed][2028101] processed_frames=244
[INFO][main.frame.processed][2028114] processed_frames=245
[INFO][main.frame.processed][2028130] processed_frames=246
[INFO][main.frame.processed][2028140] processed_frames=247
[INFO][main.frame.processed][2028150] processed_frames=248
[INFO][main.frame.processed][2028158] processed_frames=249
[INFO][main.frame.processed][2028166] processed_frames=250
[INFO][main.frame.processed][2028175] processed_frames=251
[INFO][main.frame.processed][2028183] processed_frames=252
[INFO][main.frame.processed][2028199] processed_frames=253
[INFO][imu.sample.summary][2028218] imu normalized sample acc_z=-4.821776mps2 gyro_z=0.000233radps valid_streak=397
[INFO][encoder.delta.summary][2028219] logical encoder sample left=0 right=0 mean=0 diff=0
[INFO][main.frame.processed][2028214] processed_frames=254
[INFO][main.frame.processed][2028223] processed_frames=255
[INFO][main.frame.processed][2028231] processed_frames=256
[INFO][main.frame.processed][2028242] processed_frames=257
[INFO][main.frame.processed][2028249] processed_frames=258
[INFO][main.frame.processed][2028257] processed_frames=259
[INFO][main.frame.processed][2028266] processed_frames=260
[INFO][main.frame.processed][2028280] processed_frames=261
[INFO][main.frame.processed][2028290] processed_frames=262
[INFO][main.frame.processed][2028299] processed_frames=263
[INFO][main.frame.processed][2028307] processed_frames=264
[INFO][main.frame.processed][2028317] processed_frames=265
[INFO][main.frame.processed][2028325] processed_frames=266
[INFO][main.frame.processed][2028333] processed_frames=267
[INFO][main.frame.processed][2028343] processed_frames=268
[INFO][main.frame.processed][2028357] processed_frames=269
[INFO][main.frame.processed][2028367] processed_frames=270
[INFO][main.frame.processed][2028376] processed_frames=271
[INFO][main.frame.processed][2028385] processed_frames=272
[INFO][main.frame.processed][2028394] processed_frames=273
[INFO][main.frame.processed][2028402] processed_frames=274
[INFO][main.frame.processed][2028409] processed_frames=275
[INFO][main.frame.processed][2028417] processed_frames=276
[INFO][main.frame.processed][2028432] processed_frames=277
[INFO][main.frame.processed][2028447] processed_frames=278
[INFO][main.frame.processed][2028456] processed_frames=279
[INFO][main.frame.processed][2028464] processed_frames=280
[INFO][main.frame.processed][2028473] processed_frames=281
[INFO][main.frame.processed][2028481] processed_frames=282
[INFO][main.frame.processed][2028491] processed_frames=283
[INFO][main.frame.processed][2028504] processed_frames=284
[INFO][main.frame.processed][2028521] processed_frames=285
[INFO][main.frame.processed][2028529] processed_frames=286
[INFO][main.frame.processed][2028536] processed_frames=287
[INFO][control.command.requested_nonzero][2028543] non-zero differential-drive command requested
[INFO][control.apply.drive][2028543] drive command applied to motor adapter
[INFO][control.apply.command][2028543] logical drive command left_pwm=-3 right_pwm=-3
[INFO][main.frame.processed][2028544] processed_frames=288
[INFO][main.frame.processed][2028551] processed_frames=289
[INFO][main.frame.processed][2028560] processed_frames=290
[INFO][main.frame.processed][2028570] processed_frames=291
[INFO][main.frame.processed][2028585] processed_frames=292
[INFO][main.frame.processed][2028599] processed_frames=293
[INFO][main.frame.processed][2028607] processed_frames=294
[INFO][main.frame.processed][2028618] processed_frames=295
[INFO][main.frame.processed][2028625] processed_frames=296
[INFO][main.frame.processed][2028633] processed_frames=297
[INFO][main.frame.processed][2028641] processed_frames=298
[INFO][main.frame.processed][2028650] processed_frames=299
[INFO][main.frame.processed][2028663] processed_frames=300
[INFO][main.frame.processed][2028676] processed_frames=301
[INFO][main.frame.processed][2028685] processed_frames=302
[INFO][main.frame.processed][2028694] processed_frames=303
[INFO][main.frame.processed][2028704] processed_frames=304
[INFO][main.frame.processed][2028712] processed_frames=305
[INFO][main.frame.processed][2028719] processed_frames=306
[INFO][main.frame.processed][2028730] processed_frames=307
[INFO][main.frame.processed][2028746] processed_frames=308
[INFO][main.frame.processed][2028756] processed_frames=309
[INFO][main.frame.processed][2028766] processed_frames=310
[INFO][main.frame.processed][2028773] processed_frames=311
[INFO][main.frame.processed][2028781] processed_frames=312
[INFO][main.frame.processed][2028789] processed_frames=313
[INFO][main.frame.processed][2028796] processed_frames=314
[INFO][main.frame.processed][2028806] processed_frames=315
[INFO][main.frame.processed][2028818] processed_frames=316
[INFO][main.frame.processed][2028832] processed_frames=317
[INFO][main.frame.processed][2028841] processed_frames=318
[INFO][main.frame.processed][2028851] processed_frames=319
[INFO][main.frame.processed][2028859] processed_frames=320
[INFO][main.frame.processed][2028868] processed_frames=321
[INFO][startup.low_voltage.raw][2028885] low-voltage raw check path=/sys/bus/iio/devices/iio:device0/in_voltage7_raw raw=2284 threshold=400
[INFO][main.frame.processed][2028878] processed_frames=322
[INFO][main.frame.processed][2028891] processed_frames=323
[INFO][main.frame.processed][2028907] processed_frames=324
[INFO][main.frame.processed][2028918] processed_frames=325
[INFO][main.frame.processed][2028925] processed_frames=326
[INFO][main.frame.processed][2028933] processed_frames=327
[INFO][main.frame.processed][2028940] processed_frames=328
[INFO][main.frame.processed][2028947] processed_frames=329
[INFO][main.frame.processed][2028957] processed_frames=330
[INFO][main.frame.processed][2028972] processed_frames=331
[INFO][main.frame.processed][2028986] processed_frames=332
[INFO][main.frame.processed][2028995] processed_frames=333
[INFO][main.frame.processed][2029003] processed_frames=334
[INFO][main.frame.processed][2029014] processed_frames=335
[INFO][main.frame.processed][2029021] processed_frames=336
[INFO][main.frame.processed][2029030] processed_frames=337
[INFO][main.frame.processed][2029041] processed_frames=338
[INFO][main.frame.processed][2029055] processed_frames=339
[INFO][main.frame.processed][2029069] processed_frames=340
[INFO][main.frame.processed][2029076] processed_frames=341
[INFO][main.frame.processed][2029084] processed_frames=342
[INFO][main.frame.processed][2029091] processed_frames=343
[INFO][main.frame.processed][2029106] processed_frames=344
[INFO][main.frame.processed][2029113] processed_frames=345
[INFO][main.frame.processed][2029128] processed_frames=346
[INFO][main.frame.processed][2029145] processed_frames=347
[INFO][main.frame.processed][2029154] processed_frames=348
[INFO][main.frame.processed][2029163] processed_frames=349
[INFO][main.frame.processed][2029171] processed_frames=350
[INFO][main.frame.processed][2029180] processed_frames=351
[INFO][main.frame.processed][2029190] processed_frames=352
[INFO][main.frame.processed][2029199] processed_frames=353
[INFO][imu.sample.summary][2029218] imu normalized sample acc_z=-4.819192mps2 gyro_z=0.001297radps valid_streak=528
[INFO][encoder.delta.summary][2029220] logical encoder sample left=0 right=0 mean=0 diff=0
[INFO][main.frame.processed][2029214] processed_frames=354
[INFO][main.frame.processed][2029228] processed_frames=355
[INFO][main.frame.processed][2029235] processed_frames=356
[INFO][main.frame.processed][2029244] processed_frames=357
[INFO][main.frame.processed][2029252] processed_frames=358
[INFO][main.frame.processed][2029260] processed_frames=359
[INFO][main.frame.processed][2029269] processed_frames=360
[INFO][main.frame.processed][2029288] processed_frames=361
[INFO][main.frame.processed][2029299] processed_frames=362
[INFO][main.frame.processed][2029309] processed_frames=363
[INFO][main.frame.processed][2029317] processed_frames=364
[INFO][main.frame.processed][2029324] processed_frames=365
[INFO][main.frame.processed][2029331] processed_frames=366
[INFO][main.frame.processed][2029340] processed_frames=367
[INFO][main.frame.processed][2029348] processed_frames=368
[INFO][main.frame.processed][2029365] processed_frames=369
[INFO][main.frame.processed][2029379] processed_frames=370
[INFO][main.frame.processed][2029387] processed_frames=371
[INFO][main.frame.processed][2029396] processed_frames=372
[INFO][main.frame.processed][2029406] processed_frames=373
[INFO][main.frame.processed][2029413] processed_frames=374
[INFO][main.frame.processed][2029421] processed_frames=375
[INFO][main.frame.processed][2029430] processed_frames=376
[INFO][main.frame.processed][2029447] processed_frames=377
[INFO][main.frame.processed][2029457] processed_frames=378
[INFO][main.frame.processed][2029468] processed_frames=379
[INFO][main.frame.processed][2029475] processed_frames=380
[INFO][main.frame.processed][2029484] processed_frames=381
[INFO][main.frame.processed][2029492] processed_frames=382
[INFO][main.frame.processed][2029500] processed_frames=383
[INFO][main.frame.processed][2029514] processed_frames=384
[INFO][main.frame.processed][2029530] processed_frames=385
[INFO][control.command.requested_nonzero][2029544] non-zero differential-drive command requested
[INFO][control.apply.drive][2029544] drive command applied to motor adapter
[INFO][control.apply.command][2029544] logical drive command left_pwm=-3 right_pwm=-3
[INFO][main.frame.processed][2029539] processed_frames=386
[INFO][main.frame.processed][2029548] processed_frames=387
[INFO][main.frame.processed][2029556] processed_frames=388
[INFO][main.frame.processed][2029566] processed_frames=389
[INFO][main.frame.processed][2029573] processed_frames=390
[INFO][main.frame.processed][2029583] processed_frames=391
[INFO][main.frame.processed][2029598] processed_frames=392
[INFO][main.frame.processed][2029608] processed_frames=393
[INFO][main.frame.processed][2029617] processed_frames=394
[INFO][main.frame.processed][2029626] processed_frames=395
[INFO][main.frame.processed][2029635] processed_frames=396
[INFO][main.frame.processed][2029644] processed_frames=397
[INFO][main.frame.processed][2029652] processed_frames=398
[INFO][main.frame.processed][2029663] processed_frames=399
[INFO][main.frame.processed][2029677] processed_frames=400
[INFO][main.frame.processed][2029690] processed_frames=401
[INFO][main.frame.processed][2029699] processed_frames=402
[INFO][main.frame.processed][2029709] processed_frames=403
[INFO][main.frame.processed][2029717] processed_frames=404
[INFO][main.frame.processed][2029725] processed_frames=405
[INFO][main.frame.processed][2029732] processed_frames=406
[INFO][main.frame.processed][2029749] processed_frames=407
[INFO][main.frame.processed][2029763] processed_frames=408
[INFO][main.frame.processed][2029771] processed_frames=409
[INFO][main.frame.processed][2029780] processed_frames=410
[INFO][main.frame.processed][2029788] processed_frames=411
[INFO][main.frame.processed][2029797] processed_frames=412
[INFO][main.frame.processed][2029806] processed_frames=413
[INFO][main.frame.processed][2029816] processed_frames=414
[INFO][main.frame.processed][2029829] processed_frames=415
[INFO][main.frame.processed][2029843] processed_frames=416
[INFO][main.frame.processed][2029853] processed_frames=417
[INFO][main.frame.processed][2029861] processed_frames=418
[INFO][main.frame.processed][2029869] processed_frames=419
[INFO][main.frame.processed][2029876] processed_frames=420
[INFO][startup.low_voltage.raw][2029888] low-voltage raw check path=/sys/bus/iio/devices/iio:device0/in_voltage7_raw raw=2282 threshold=400
[INFO][main.frame.processed][2029884] processed_frames=421
[INFO][main.frame.processed][2029895] processed_frames=422
[INFO][main.frame.processed][2029910] processed_frames=423
[INFO][main.frame.processed][2029923] processed_frames=424
[INFO][main.frame.processed][2029932] processed_frames=425
[INFO][main.frame.processed][2029940] processed_frames=426
[INFO][main.frame.processed][2029950] processed_frames=427
[INFO][main.frame.processed][2029957] processed_frames=428
[INFO][main.frame.processed][2029966] processed_frames=429
[INFO][main.frame.processed][2029982] processed_frames=430
[INFO][main.frame.processed][2029996] processed_frames=431
[INFO][main.frame.processed][2030005] processed_frames=432
[INFO][main.frame.processed][2030014] processed_frames=433
[INFO][main.frame.processed][2030022] processed_frames=434
[INFO][main.frame.processed][2030032] processed_frames=435
[INFO][main.frame.processed][2030040] processed_frames=436
[INFO][main.frame.processed][2030049] processed_frames=437
[INFO][main.frame.processed][2030066] processed_frames=438
[INFO][main.frame.processed][2030076] processed_frames=439
[INFO][main.frame.processed][2030087] processed_frames=440
[INFO][main.frame.processed][2030096] processed_frames=441
[INFO][main.frame.processed][2030104] processed_frames=442
[INFO][main.frame.processed][2030112] processed_frames=443
[INFO][main.frame.processed][2030121] processed_frames=444
[INFO][main.frame.processed][2030136] processed_frames=445
[INFO][main.frame.processed][2030151] processed_frames=446
[INFO][main.frame.processed][2030161] processed_frames=447
[INFO][main.frame.processed][2030169] processed_frames=448
[INFO][main.frame.processed][2030176] processed_frames=449
[INFO][main.frame.processed][2030183] processed_frames=450
[INFO][main.frame.processed][2030192] processed_frames=451
[INFO][main.frame.processed][2030200] processed_frames=452
[INFO][imu.sample.summary][2030219] imu normalized sample acc_z=-4.817952mps2 gyro_z=-0.001895radps valid_streak=661
[INFO][encoder.delta.summary][2030220] logical encoder sample left=0 right=0 mean=0 diff=0
[INFO][main.frame.processed][2030217] processed_frames=453
[INFO][main.frame.processed][2030231] processed_frames=454
[INFO][main.frame.processed][2030239] processed_frames=455
[INFO][main.frame.processed][2030250] processed_frames=456
[INFO][main.frame.processed][2030258] processed_frames=457
[INFO][main.frame.processed][2030265] processed_frames=458
[INFO][main.frame.processed][2030273] processed_frames=459
[INFO][main.frame.processed][2030282] processed_frames=460
[INFO][main.frame.processed][2030298] processed_frames=461
[INFO][main.frame.processed][2030309] processed_frames=462
[INFO][main.frame.processed][2030318] processed_frames=463
[INFO][main.frame.processed][2030327] processed_frames=464
[INFO][main.frame.processed][2030336] processed_frames=465
[INFO][main.frame.processed][2030344] processed_frames=466
[INFO][main.frame.processed][2030354] processed_frames=467
[INFO][main.frame.processed][2030367] processed_frames=468
[INFO][main.frame.processed][2030383] processed_frames=469
[INFO][main.frame.processed][2030394] processed_frames=470
[INFO][main.frame.processed][2030402] processed_frames=471
[INFO][main.frame.processed][2030409] processed_frames=472
[INFO][main.frame.processed][2030417] processed_frames=473
[INFO][main.frame.processed][2030424] processed_frames=474
[INFO][main.frame.processed][2030434] processed_frames=475
[INFO][main.frame.processed][2030449] processed_frames=476
[INFO][main.frame.processed][2030461] processed_frames=477
[INFO][main.frame.processed][2030469] processed_frames=478
[INFO][main.frame.processed][2030479] processed_frames=479
[INFO][main.frame.processed][2030487] processed_frames=480
[INFO][main.frame.processed][2030496] processed_frames=481
[INFO][main.frame.processed][2030506] processed_frames=482
[INFO][main.frame.processed][2030519] processed_frames=483
[INFO][main.frame.processed][2030535] processed_frames=484
[INFO][control.command.requested_nonzero][2030546] non-zero differential-drive command requested
[INFO][control.apply.drive][2030546] drive command applied to motor adapter
[INFO][control.apply.command][2030546] logical drive command left_pwm=-3 right_pwm=-3
[INFO][main.frame.processed][2030543] processed_frames=485
[INFO][main.frame.processed][2030554] processed_frames=486
[INFO][main.frame.processed][2030561] processed_frames=487
[INFO][main.frame.processed][2030570] processed_frames=488
[INFO][main.frame.processed][2030578] processed_frames=489
[INFO][main.frame.processed][2030596] processed_frames=490
[INFO][main.frame.processed][2030608] processed_frames=491
[INFO][main.frame.processed][2030617] processed_frames=492
[INFO][main.frame.processed][2030626] processed_frames=493
[INFO][main.frame.processed][2030634] processed_frames=494
[INFO][main.frame.processed][2030645] processed_frames=495
[INFO][main.frame.processed][2030654] processed_frames=496
[INFO][main.frame.processed][2030663] processed_frames=497
[INFO][main.frame.processed][2030679] processed_frames=498
[INFO][main.frame.processed][2030693] processed_frames=499
[INFO][main.frame.processed][2030701] processed_frames=500
[INFO][main.frame.processed][2030712] processed_frames=501
[INFO][main.frame.processed][2030719] processed_frames=502
[INFO][main.frame.processed][2030726] processed_frames=503
[INFO][main.frame.processed][2030734] processed_frames=504
[INFO][main.frame.processed][2030749] processed_frames=505
[INFO][main.frame.processed][2030760] processed_frames=506
[INFO][main.frame.processed][2030772] processed_frames=507
[INFO][main.frame.processed][2030780] processed_frames=508
[INFO][main.frame.processed][2030788] processed_frames=509
[INFO][main.frame.processed][2030797] processed_frames=510
[INFO][main.frame.processed][2030805] processed_frames=511
[INFO][main.frame.processed][2030818] processed_frames=512
[INFO][main.frame.processed][2030833] processed_frames=513
[INFO][main.frame.processed][2030845] processed_frames=514
[INFO][main.frame.processed][2030853] processed_frames=515
[INFO][main.frame.processed][2030863] processed_frames=516
[INFO][main.frame.processed][2030871] processed_frames=517
[INFO][main.frame.processed][2030879] processed_frames=518
[INFO][startup.low_voltage.raw][2030888] low-voltage raw check path=/sys/bus/iio/devices/iio:device0/in_voltage7_raw raw=2293 threshold=400
[INFO][main.frame.processed][2030888] processed_frames=519
[INFO][main.frame.processed][2030903] processed_frames=520
[INFO][main.frame.processed][2030919] processed_frames=521
[INFO][main.frame.processed][2030927] processed_frames=522
[INFO][main.frame.processed][2030938] processed_frames=523
[INFO][main.frame.processed][2030945] processed_frames=524
[INFO][main.frame.processed][2030953] processed_frames=525
[INFO][main.frame.processed][2030960] processed_frames=526
[INFO][main.frame.processed][2030970] processed_frames=527
[INFO][main.frame.processed][2030985] processed_frames=528
[INFO][main.frame.processed][2030996] processed_frames=529
[INFO][main.frame.processed][2031005] processed_frames=530
[INFO][main.frame.processed][2031015] processed_frames=531
[INFO][main.frame.processed][2031024] processed_frames=532
[INFO][main.frame.processed][2031032] processed_frames=533
[INFO][main.frame.processed][2031042] processed_frames=534
[INFO][main.frame.processed][2031055] processed_frames=535
[INFO][main.frame.processed][2031071] processed_frames=536
[INFO][main.frame.processed][2031082] processed_frames=537
[INFO][main.frame.processed][2031089] processed_frames=538
[INFO][main.frame.processed][2031097] processed_frames=539
[INFO][main.frame.processed][2031105] processed_frames=540
[INFO][main.frame.processed][2031112] processed_frames=541
[INFO][main.frame.processed][2031122] processed_frames=542
[INFO][main.frame.processed][2031137] processed_frames=543
[INFO][main.frame.processed][2031149] processed_frames=544
[INFO][main.frame.processed][2031157] processed_frames=545
[INFO][main.frame.processed][2031167] processed_frames=546
[INFO][main.frame.processed][2031175] processed_frames=547
[INFO][main.frame.processed][2031184] processed_frames=548
[INFO][main.frame.processed][2031194] processed_frames=549
[INFO][main.frame.processed][2031207] processed_frames=550
[INFO][imu.sample.summary][2031225] imu normalized sample acc_z=-4.820102mps2 gyro_z=-0.000831radps valid_streak=794
[INFO][encoder.delta.summary][2031226] logical encoder sample left=0 right=0 mean=0 diff=0
[INFO][main.frame.processed][2031223] processed_frames=551
[INFO][main.frame.processed][2031232] processed_frames=552
[INFO][main.frame.processed][2031241] processed_frames=553
[INFO][main.frame.processed][2031249] processed_frames=554
[INFO][main.frame.processed][2031257] processed_frames=555
[INFO][main.frame.processed][2031264] processed_frames=556
[INFO][main.frame.processed][2031274] processed_frames=557
[INFO][main.frame.processed][2031289] processed_frames=558
[INFO][main.frame.processed][2031300] processed_frames=559
[INFO][main.frame.processed][2031309] processed_frames=560
[INFO][main.frame.processed][2031319] processed_frames=561
[INFO][main.frame.processed][2031327] processed_frames=562
[INFO][main.frame.processed][2031336] processed_frames=563
[INFO][main.frame.processed][2031346] processed_frames=564
[INFO][main.frame.processed][2031359] processed_frames=565
[INFO][main.frame.processed][2031373] processed_frames=566
[INFO][main.frame.processed][2031382] processed_frames=567
[INFO][main.frame.processed][2031391] processed_frames=568
[INFO][main.frame.processed][2031400] processed_frames=569
[INFO][main.frame.processed][2031408] processed_frames=570
[INFO][main.frame.processed][2031416] processed_frames=571
[INFO][main.frame.processed][2031432] processed_frames=572
[INFO][main.frame.processed][2031446] processed_frames=573
[INFO][main.frame.processed][2031455] processed_frames=574
[INFO][main.frame.processed][2031466] processed_frames=575
[INFO][main.frame.processed][2031473] processed_frames=576
[INFO][main.frame.processed][2031481] processed_frames=577
[INFO][main.frame.processed][2031488] processed_frames=578
[INFO][main.frame.processed][2031496] processed_frames=579
[INFO][main.frame.processed][2031511] processed_frames=580
[INFO][main.frame.processed][2031525] processed_frames=581
[INFO][main.frame.processed][2031535] processed_frames=582
[INFO][control.command.requested_nonzero][2031549] non-zero differential-drive command requested
[INFO][control.apply.drive][2031549] drive command applied to motor adapter
[INFO][control.apply.command][2031549] logical drive command left_pwm=-3 right_pwm=-3
[INFO][main.frame.processed][2031543] processed_frames=583
[INFO][main.frame.processed][2031552] processed_frames=584
[INFO][main.frame.processed][2031560] processed_frames=585
[INFO][main.frame.processed][2031568] processed_frames=586
[INFO][main.frame.processed][2031584] processed_frames=587
[INFO][main.frame.processed][2031598] processed_frames=588
[INFO][main.frame.processed][2031609] processed_frames=589
[INFO][main.frame.processed][2031616] processed_frames=590
[INFO][main.frame.processed][2031624] processed_frames=591
[INFO][main.frame.processed][2031631] processed_frames=592
[INFO][main.frame.processed][2031639] processed_frames=593
[INFO][main.frame.processed][2031647] processed_frames=594
[INFO][main.frame.processed][2031664] processed_frames=595
[INFO][main.frame.processed][2031678] processed_frames=596
[INFO][main.frame.processed][2031687] processed_frames=597
[INFO][main.frame.processed][2031695] processed_frames=598
[INFO][main.frame.processed][2031706] processed_frames=599
[INFO][main.frame.processed][2031713] processed_frames=600
[INFO][main.frame.processed][2031721] processed_frames=601
[INFO][main.frame.processed][2031730] processed_frames=602
[INFO][main.frame.processed][2031743] processed_frames=603
[INFO][main.frame.processed][2031758] processed_frames=604
[INFO][main.frame.processed][2031766] processed_frames=605
[INFO][main.frame.processed][2031777] processed_frames=606
[INFO][main.frame.processed][2031785] processed_frames=607
[INFO][main.frame.processed][2031794] processed_frames=608
[INFO][main.frame.processed][2031804] processed_frames=609
[INFO][main.frame.processed][2031819] processed_frames=610
[INFO][main.frame.processed][2031832] processed_frames=611
[INFO][main.frame.processed][2031840] processed_frames=612
[INFO][main.frame.processed][2031847] processed_frames=613
[INFO][main.frame.processed][2031856] processed_frames=614
[INFO][main.frame.processed][2031864] processed_frames=615
[INFO][main.frame.processed][2031874] processed_frames=616
[INFO][startup.low_voltage.raw][2031890] low-voltage raw check path=/sys/bus/iio/devices/iio:device0/in_voltage7_raw raw=2290 threshold=400
[INFO][main.frame.processed][2031887] processed_frames=617
[INFO][main.frame.processed][2031903] processed_frames=618
[INFO][main.frame.processed][2031912] processed_frames=619
[INFO][main.frame.processed][2031922] processed_frames=620
[INFO][main.frame.processed][2031929] processed_frames=621
[INFO][main.frame.processed][2031937] processed_frames=622
[INFO][main.frame.processed][2031944] processed_frames=623
[INFO][main.frame.processed][2031955] processed_frames=624
[INFO][main.frame.processed][2031969] processed_frames=625
[INFO][main.frame.processed][2031979] processed_frames=626
[INFO][main.frame.processed][2031988] processed_frames=627
[INFO][main.frame.processed][2031996] processed_frames=628
[INFO][main.frame.processed][2032006] processed_frames=629
[INFO][main.frame.processed][2032014] processed_frames=630
[INFO][main.frame.processed][2032021] processed_frames=631
[INFO][main.frame.processed][2032029] processed_frames=632
[INFO][main.frame.processed][2032044] processed_frames=633
[INFO][main.frame.processed][2032057] processed_frames=634
[INFO][main.frame.processed][2032067] processed_frames=635
[INFO][main.frame.processed][2032074] processed_frames=636
[INFO][main.frame.processed][2032081] processed_frames=637
[INFO][main.frame.processed][2032089] processed_frames=638
[INFO][main.frame.processed][2032096] processed_frames=639
[INFO][main.frame.processed][2032104] processed_frames=640
[INFO][main.frame.processed][2032121] processed_frames=641
[INFO][main.frame.processed][2032134] processed_frames=642
[INFO][main.frame.processed][2032142] processed_frames=643
[INFO][main.frame.processed][2032151] processed_frames=644
[INFO][main.frame.processed][2032159] processed_frames=645
[INFO][main.frame.processed][2032168] processed_frames=646
[INFO][main.frame.processed][2032178] processed_frames=647
[INFO][main.frame.processed][2032187] processed_frames=648
[INFO][main.frame.processed][2032201] processed_frames=649
[INFO][main.frame.processed][2032213] processed_frames=650
[INFO][imu.sample.summary][2032229] imu normalized sample acc_z=-4.821538mps2 gyro_z=0.001297radps valid_streak=926
[INFO][encoder.delta.summary][2032230] logical encoder sample left=0 right=0 mean=0 diff=0
[INFO][main.frame.processed][2032224] processed_frames=651
[INFO][main.frame.processed][2032233] processed_frames=652
[INFO][main.frame.processed][2032241] processed_frames=653
[INFO][main.frame.processed][2032250] processed_frames=654
[INFO][main.frame.processed][2032260] processed_frames=655
[INFO][main.frame.processed][2032271] processed_frames=656
[INFO][main.frame.processed][2032285] processed_frames=657
[INFO][main.frame.processed][2032299] processed_frames=658
[INFO][main.frame.processed][2032308] processed_frames=659
[INFO][main.frame.processed][2032316] processed_frames=660
[INFO][main.frame.processed][2032326] processed_frames=661
[INFO][main.frame.processed][2032334] processed_frames=662
[INFO][main.frame.processed][2032341] processed_frames=663
[INFO][main.frame.processed][2032351] processed_frames=664
[INFO][main.frame.processed][2032366] processed_frames=665
[INFO][main.frame.processed][2032377] processed_frames=666
[INFO][main.frame.processed][2032385] processed_frames=667
[INFO][main.frame.processed][2032396] processed_frames=668
[INFO][main.frame.processed][2032404] processed_frames=669
[INFO][main.frame.processed][2032411] processed_frames=670
[INFO][main.frame.processed][2032420] processed_frames=671
[INFO][main.frame.processed][2032430] processed_frames=672
[INFO][main.frame.processed][2032444] processed_frames=673
[INFO][main.frame.processed][2032455] processed_frames=674
[INFO][main.frame.processed][2032465] processed_frames=675
[INFO][main.frame.processed][2032472] processed_frames=676
[INFO][main.frame.processed][2032480] processed_frames=677
[INFO][main.frame.processed][2032487] processed_frames=678
[INFO][main.frame.processed][2032496] processed_frames=679
[INFO][main.frame.processed][2032504] processed_frames=680
[INFO][main.frame.processed][2032521] processed_frames=681
[INFO][main.frame.processed][2032535] processed_frames=682
[INFO][main.frame.processed][2032543] processed_frames=683
[INFO][control.command.requested_nonzero][2032554] non-zero differential-drive command requested
[INFO][control.apply.drive][2032554] drive command applied to motor adapter
[INFO][control.apply.command][2032554] logical drive command left_pwm=-3 right_pwm=-3
[INFO][main.frame.processed][2032552] processed_frames=684
[INFO][main.frame.processed][2032562] processed_frames=685
[INFO][main.frame.processed][2032569] processed_frames=686
[INFO][main.frame.processed][2032577] processed_frames=687
[INFO][main.frame.processed][2032586] processed_frames=688
[INFO][main.frame.processed][2032602] processed_frames=689
[INFO][main.frame.processed][2032613] processed_frames=690
[INFO][main.frame.processed][2032624] processed_frames=691
[INFO][main.frame.processed][2032631] processed_frames=692
[INFO][main.frame.processed][2032640] processed_frames=693
[INFO][main.frame.processed][2032648] processed_frames=694
[INFO][main.frame.processed][2032658] processed_frames=695
[INFO][main.frame.processed][2032671] processed_frames=696
[INFO][main.frame.processed][2032687] processed_frames=697
[INFO][main.frame.processed][2032695] processed_frames=698
[INFO][main.frame.processed][2032705] processed_frames=699
[INFO][main.frame.processed][2032713] processed_frames=700
[INFO][main.frame.processed][2032720] processed_frames=701
[INFO][main.frame.processed][2032728] processed_frames=702
[INFO][main.frame.processed][2032738] processed_frames=703
[INFO][main.frame.processed][2032754] processed_frames=704
[INFO][main.frame.processed][2032764] processed_frames=705
[INFO][main.frame.processed][2032774] processed_frames=706
[INFO][main.frame.processed][2032782] processed_frames=707
[INFO][main.frame.processed][2032789] processed_frames=708
[INFO][main.frame.processed][2032797] processed_frames=709
[INFO][main.frame.processed][2032804] processed_frames=710
[INFO][main.frame.processed][2032814] processed_frames=711
[INFO][main.frame.processed][2032830] processed_frames=712
[INFO][main.frame.processed][2032841] processed_frames=713
[INFO][main.frame.processed][2032852] processed_frames=714
[INFO][main.frame.processed][2032859] processed_frames=715
[INFO][main.frame.processed][2032868] processed_frames=716
[INFO][main.frame.processed][2032876] processed_frames=717
[INFO][startup.low_voltage.raw][2032894] low-voltage raw check path=/sys/bus/iio/devices/iio:device0/in_voltage7_raw raw=2296 threshold=400
[INFO][main.frame.processed][2032886] processed_frames=718
[INFO][main.frame.processed][2032900] processed_frames=719
[INFO][main.frame.processed][2032915] processed_frames=720
[INFO][main.frame.processed][2032926] processed_frames=721
[INFO][main.frame.processed][2032933] processed_frames=722
[INFO][main.frame.processed][2032941] processed_frames=723
[INFO][main.frame.processed][2032949] processed_frames=724
[INFO][main.frame.processed][2032956] processed_frames=725
[INFO][main.frame.processed][2032966] processed_frames=726
[INFO][main.frame.processed][2032981] processed_frames=727
[INFO][main.frame.processed][2032992] processed_frames=728
[INFO][main.frame.processed][2033001] processed_frames=729
[INFO][main.frame.processed][2033011] processed_frames=730
[INFO][main.frame.processed][2033019] processed_frames=731
[INFO][main.frame.processed][2033028] processed_frames=732
[INFO][main.frame.processed][2033038] processed_frames=733
[INFO][main.frame.processed][2033051] processed_frames=734
[INFO][main.frame.processed][2033067] processed_frames=735
[INFO][main.frame.processed][2033077] processed_frames=736
[INFO][main.frame.processed][2033085] processed_frames=737
[INFO][main.frame.processed][2033093] processed_frames=738
[INFO][main.frame.processed][2033100] processed_frames=739
[INFO][main.frame.processed][2033108] processed_frames=740
[INFO][main.frame.processed][2033118] processed_frames=741
[INFO][main.frame.processed][2033133] processed_frames=742
[INFO][main.frame.processed][2033144] processed_frames=743
[INFO][main.frame.processed][2033154] processed_frames=744
[INFO][main.frame.processed][2033161] processed_frames=745
[INFO][main.frame.processed][2033170] processed_frames=746
[INFO][main.frame.processed][2033178] processed_frames=747
[INFO][main.frame.processed][2033187] processed_frames=748
[INFO][main.frame.processed][2033202] processed_frames=749
[INFO][main.frame.processed][2033218] processed_frames=750
[INFO][imu.sample.summary][2033229] imu normalized sample acc_z=-4.820340mps2 gyro_z=-0.000831radps valid_streak=1058
[INFO][encoder.delta.summary][2033230] logical encoder sample left=0 right=0 mean=0 diff=0
[INFO][main.frame.processed][2033227] processed_frames=751
[INFO][main.frame.processed][2033238] processed_frames=752
[INFO][main.frame.processed][2033245] processed_frames=753
[INFO][main.frame.processed][2033253] processed_frames=754
[INFO][main.frame.processed][2033261] processed_frames=755
[INFO][main.frame.processed][2033270] processed_frames=756
[INFO][main.frame.processed][2033286] processed_frames=757
[INFO][main.frame.processed][2033297] processed_frames=758
[INFO][main.frame.processed][2033306] processed_frames=759
[INFO][main.frame.processed][2033315] processed_frames=760
[INFO][main.frame.processed][2033323] processed_frames=761
[INFO][main.frame.processed][2033331] processed_frames=762
[INFO][main.frame.processed][2033340] processed_frames=763
[INFO][main.frame.processed][2033357] processed_frames=764
[INFO][main.frame.processed][2033371] processed_frames=765
[INFO][main.frame.processed][2033379] processed_frames=766
[INFO][main.frame.processed][2033390] processed_frames=767
[INFO][main.frame.processed][2033397] processed_frames=768
[INFO][main.frame.processed][2033405] processed_frames=769
[INFO][main.frame.processed][2033412] processed_frames=770
[INFO][main.frame.processed][2033422] processed_frames=771
[INFO][main.frame.processed][2033437] processed_frames=772
[INFO][main.frame.processed][2033448] processed_frames=773
[INFO][main.frame.processed][2033457] processed_frames=774
[INFO][main.frame.processed][2033467] processed_frames=775
[INFO][main.frame.processed][2033475] processed_frames=776
[INFO][main.frame.processed][2033484] processed_frames=777
[INFO][main.frame.processed][2033494] processed_frames=778
[INFO][main.frame.processed][2033509] processed_frames=779
[INFO][main.frame.processed][2033522] processed_frames=780
[INFO][main.frame.processed][2033531] processed_frames=781
[INFO][main.frame.processed][2033541] processed_frames=782
[INFO][main.frame.processed][2033549] processed_frames=783
[INFO][control.command.requested_nonzero][2033556] non-zero differential-drive command requested
[INFO][control.apply.drive][2033556] drive command applied to motor adapter
[INFO][control.apply.command][2033556] logical drive command left_pwm=-3 right_pwm=-3
[INFO][main.frame.processed][2033556] processed_frames=784
[INFO][main.frame.processed][2033563] processed_frames=785
[INFO][main.frame.processed][2033574] processed_frames=786
[INFO][main.frame.processed][2033589] processed_frames=787
[INFO][main.frame.processed][2033603] processed_frames=788
[INFO][main.frame.processed][2033611] processed_frames=789
[INFO][main.frame.processed][2033620] processed_frames=790
[INFO][main.frame.processed][2033630] processed_frames=791
[INFO][main.frame.processed][2033637] processed_frames=792
[INFO][main.frame.processed][2033645] processed_frames=793
[INFO][main.frame.processed][2033655] processed_frames=794
[INFO][main.frame.processed][2033669] processed_frames=795
[INFO][main.frame.processed][2033679] processed_frames=796
[INFO][main.frame.processed][2033688] processed_frames=797
[INFO][main.frame.processed][2033698] processed_frames=798
[INFO][main.frame.processed][2033705] processed_frames=799
[INFO][main.frame.processed][2033713] processed_frames=800
[INFO][main.frame.processed][2033720] processed_frames=801
[INFO][main.frame.processed][2033731] processed_frames=802
[INFO][main.frame.processed][2033745] processed_frames=803
[INFO][main.frame.processed][2033755] processed_frames=804
[INFO][main.frame.processed][2033764] processed_frames=805
[INFO][main.frame.processed][2033772] processed_frames=806
[INFO][main.frame.processed][2033782] processed_frames=807
[INFO][main.frame.processed][2033789] processed_frames=808
[INFO][main.frame.processed][2033797] processed_frames=809
[INFO][main.frame.processed][2033805] processed_frames=810
[INFO][main.frame.processed][2033821] processed_frames=811
[INFO][main.frame.processed][2033834] processed_frames=812
[INFO][main.frame.processed][2033842] processed_frames=813
[INFO][main.frame.processed][2033849] processed_frames=814
[INFO][main.frame.processed][2033857] processed_frames=815
[INFO][main.frame.processed][2033864] processed_frames=816
[INFO][main.frame.processed][2033872] processed_frames=817
[INFO][main.frame.processed][2033879] processed_frames=818
[INFO][startup.low_voltage.raw][2033896] low-voltage raw check path=/sys/bus/iio/devices/iio:device0/in_voltage7_raw raw=2290 threshold=400
[INFO][main.frame.processed][2033896] processed_frames=819
[INFO][main.frame.processed][2033910] processed_frames=820
[INFO][main.frame.processed][2033919] processed_frames=821
[INFO][main.frame.processed][2033927] processed_frames=822
[INFO][main.frame.processed][2033936] processed_frames=823
[INFO][main.frame.processed][2033946] processed_frames=824
[INFO][main.frame.processed][2033953] processed_frames=825
[INFO][main.frame.processed][2033964] processed_frames=826
[INFO][main.frame.processed][2033980] processed_frames=827
[INFO][main.frame.processed][2033992] processed_frames=828
[INFO][main.frame.processed][2034000] processed_frames=829
[INFO][main.frame.processed][2034009] processed_frames=830
[INFO][main.frame.processed][2034017] processed_frames=831
[INFO][main.frame.processed][2034027] processed_frames=832
[INFO][main.frame.processed][2034038] processed_frames=833
[INFO][main.frame.processed][2034053] processed_frames=834
[INFO][main.frame.processed][2034064] processed_frames=835
[INFO][main.frame.processed][2034074] processed_frames=836
[INFO][main.frame.processed][2034083] processed_frames=837
[INFO][main.frame.processed][2034091] processed_frames=838
[INFO][main.frame.processed][2034105] processed_frames=839
[INFO][main.frame.processed][2034119] processed_frames=840
[INFO][main.frame.processed][2034132] processed_frames=841
[INFO][main.frame.processed][2034144] processed_frames=842
[INFO][main.frame.processed][2034153] processed_frames=843
[INFO][main.frame.processed][2034161] processed_frames=844
[INFO][main.frame.processed][2034171] processed_frames=845
[INFO][main.frame.processed][2034180] processed_frames=846
[INFO][main.frame.processed][2034189] processed_frames=847
[INFO][main.frame.processed][2034204] processed_frames=848
[INFO][main.frame.processed][2034218] processed_frames=849
[INFO][encoder.delta.summary][2034230] logical encoder sample left=0 right=0 mean=0 diff=0
[INFO][main.frame.processed][2034227] processed_frames=850
[INFO][imu.sample.summary][2034236] imu normalized sample acc_z=-4.822686mps2 gyro_z=-0.000831radps valid_streak=1191
[INFO][main.frame.processed][2034238] processed_frames=851
[INFO][main.frame.processed][2034245] processed_frames=852
[INFO][main.frame.processed][2034253] processed_frames=853
[INFO][main.frame.processed][2034261] processed_frames=854
[INFO][main.frame.processed][2034270] processed_frames=855
[INFO][main.frame.processed][2034283] processed_frames=856
[INFO][main.frame.processed][2034297] processed_frames=857
[INFO][main.frame.processed][2034305] processed_frames=858
[INFO][main.frame.processed][2034314] processed_frames=859
[INFO][main.frame.processed][2034324] processed_frames=860
[INFO][main.frame.processed][2034332] processed_frames=861
[INFO][main.frame.processed][2034339] processed_frames=862
[INFO][main.frame.processed][2034356] processed_frames=863
[INFO][main.frame.processed][2034369] processed_frames=864
[INFO][main.frame.processed][2034378] processed_frames=865
[INFO][main.frame.processed][2034386] processed_frames=866
[INFO][main.frame.processed][2034395] processed_frames=867
[INFO][main.frame.processed][2034403] processed_frames=868
[INFO][main.frame.processed][2034413] processed_frames=869
[INFO][main.frame.processed][2034423] processed_frames=870
[INFO][main.frame.processed][2034436] processed_frames=871
[INFO][main.frame.processed][2034450] processed_frames=872
[INFO][main.frame.processed][2034459] processed_frames=873
[INFO][main.frame.processed][2034467] processed_frames=874
[INFO][main.frame.processed][2034476] processed_frames=875
[INFO][main.frame.processed][2034486] processed_frames=876
[INFO][main.frame.processed][2034493] processed_frames=877
[INFO][main.frame.processed][2034503] processed_frames=878
[INFO][main.frame.processed][2034516] processed_frames=879
[INFO][main.frame.processed][2034529] processed_frames=880
[INFO][main.frame.processed][2034537] processed_frames=881
[INFO][main.frame.processed][2034546] processed_frames=882
[INFO][control.command.requested_nonzero][2034556] non-zero differential-drive command requested
[INFO][control.apply.drive][2034556] drive command applied to motor adapter
[INFO][control.apply.command][2034556] logical drive command left_pwm=-3 right_pwm=-3
[INFO][main.frame.processed][2034557] processed_frames=883
[INFO][main.frame.processed][2034564] processed_frames=884
[INFO][main.frame.processed][2034571] processed_frames=885
[INFO][main.frame.processed][2034582] processed_frames=886
[INFO][main.frame.processed][2034597] processed_frames=887
[INFO][main.frame.processed][2034607] processed_frames=888
[INFO][main.frame.processed][2034618] processed_frames=889
[INFO][main.frame.processed][2034625] processed_frames=890
[INFO][main.frame.processed][2034633] processed_frames=891
[INFO][main.frame.processed][2034640] processed_frames=892
[INFO][main.frame.processed][2034648] processed_frames=893
[INFO][main.frame.processed][2034656] processed_frames=894
[INFO][main.frame.processed][2034672] processed_frames=895
[INFO][main.frame.processed][2034688] processed_frames=896
[INFO][main.frame.processed][2034696] processed_frames=897
[INFO][main.frame.processed][2034704] processed_frames=898
[INFO][main.frame.processed][2034713] processed_frames=899
[INFO][main.frame.processed][2034722] processed_frames=900
[INFO][main.frame.processed][2034730] processed_frames=901
[INFO][main.frame.processed][2034745] processed_frames=902
[INFO][main.frame.processed][2034757] processed_frames=903
[INFO][main.frame.processed][2034768] processed_frames=904
[INFO][main.frame.processed][2034775] processed_frames=905
[INFO][main.frame.processed][2034784] processed_frames=906
[INFO][main.frame.processed][2034792] processed_frames=907
[INFO][main.frame.processed][2034800] processed_frames=908
[INFO][main.frame.processed][2034812] processed_frames=909
[INFO][main.frame.processed][2034825] processed_frames=910
[INFO][main.frame.processed][2034836] processed_frames=911
[INFO][main.frame.processed][2034845] processed_frames=912
[INFO][main.frame.processed][2034855] processed_frames=913
[INFO][main.frame.processed][2034863] processed_frames=914
[INFO][main.frame.processed][2034872] processed_frames=915
[INFO][main.frame.processed][2034882] processed_frames=916
[INFO][startup.low_voltage.raw][2034897] low-voltage raw check path=/sys/bus/iio/devices/iio:device0/in_voltage7_raw raw=2283 threshold=400
[INFO][main.frame.processed][2034895] processed_frames=917
[INFO][main.frame.processed][2034911] processed_frames=918
[INFO][main.frame.processed][2034922] processed_frames=919
[INFO][main.frame.processed][2034929] processed_frames=920
[INFO][main.frame.processed][2034937] processed_frames=921
[INFO][main.frame.processed][2034944] processed_frames=922
[INFO][main.frame.processed][2034952] processed_frames=923
[INFO][main.frame.processed][2034962] processed_frames=924
[INFO][main.frame.processed][2034977] processed_frames=925
[INFO][main.frame.processed][2034987] processed_frames=926
[INFO][main.frame.processed][2034996] processed_frames=927
[INFO][main.frame.processed][2035006] processed_frames=928
[INFO][main.frame.processed][2035013] processed_frames=929
[INFO][main.frame.processed][2035021] processed_frames=930
[INFO][main.frame.processed][2035029] processed_frames=931
[INFO][main.frame.processed][2035036] processed_frames=932
[INFO][main.frame.processed][2035053] processed_frames=933
[INFO][main.frame.processed][2035066] processed_frames=934
[INFO][main.frame.processed][2035075] processed_frames=935
[INFO][main.frame.processed][2035083] processed_frames=936
[INFO][main.frame.processed][2035092] processed_frames=937
[INFO][main.frame.processed][2035100] processed_frames=938
[INFO][main.frame.processed][2035110] processed_frames=939
[INFO][main.frame.processed][2035118] processed_frames=940
[INFO][main.frame.processed][2035133] processed_frames=941
[INFO][main.frame.processed][2035148] processed_frames=942
[INFO][main.frame.processed][2035156] processed_frames=943
[INFO][main.frame.processed][2035163] processed_frames=944
[INFO][main.frame.processed][2035172] processed_frames=945
[INFO][main.frame.processed][2035180] processed_frames=946
[INFO][main.frame.processed][2035188] processed_frames=947
[INFO][main.frame.processed][2035203] processed_frames=948
[INFO][main.frame.processed][2035218] processed_frames=949
[INFO][encoder.delta.summary][2035230] logical encoder sample left=0 right=0 mean=0 diff=0
[INFO][main.frame.processed][2035227] processed_frames=950
[INFO][imu.sample.summary][2035236] imu normalized sample acc_z=-4.821537mps2 gyro_z=0.001297radps valid_streak=1322
[INFO][main.frame.processed][2035238] processed_frames=951
[INFO][main.frame.processed][2035245] processed_frames=952
[INFO][main.frame.processed][2035253] processed_frames=953
[INFO][main.frame.processed][2035260] processed_frames=954
[INFO][main.frame.processed][2035268] processed_frames=955
[INFO][main.frame.processed][2035283] processed_frames=956
[INFO][main.frame.processed][2035297] processed_frames=957
[INFO][main.frame.processed][2035307] processed_frames=958
[INFO][main.frame.processed][2035314] processed_frames=959
[INFO][main.frame.processed][2035322] processed_frames=960
[INFO][main.frame.processed][2035330] processed_frames=961
[INFO][main.frame.processed][2035339] processed_frames=962
[INFO][main.frame.processed][2035349] processed_frames=963
[INFO][main.frame.processed][2035365] processed_frames=964
[INFO][main.frame.processed][2035378] processed_frames=965
[INFO][main.frame.processed][2035386] processed_frames=966
[INFO][main.frame.processed][2035395] processed_frames=967
[INFO][main.frame.processed][2035405] processed_frames=968
[INFO][main.frame.processed][2035413] processed_frames=969
[INFO][main.frame.processed][2035421] processed_frames=970
[INFO][main.frame.processed][2035430] processed_frames=971
[INFO][main.frame.processed][2035445] processed_frames=972
[INFO][main.frame.processed][2035457] processed_frames=973
[INFO][main.frame.processed][2035465] processed_frames=974
[INFO][main.frame.processed][2035475] processed_frames=975
[INFO][main.frame.processed][2035483] processed_frames=976
[INFO][main.frame.processed][2035491] processed_frames=977
[INFO][main.frame.processed][2035500] processed_frames=978
[INFO][main.frame.processed][2035517] processed_frames=979
[INFO][main.frame.processed][2035531] processed_frames=980
[INFO][main.frame.processed][2035539] processed_frames=981
[INFO][main.frame.processed][2035549] processed_frames=982
[INFO][control.command.requested_nonzero][2035557] non-zero differential-drive command requested
[INFO][control.apply.drive][2035557] drive command applied to motor adapter
[INFO][control.apply.command][2035557] logical drive command left_pwm=-3 right_pwm=-3
[INFO][main.frame.processed][2035557] processed_frames=983
[INFO][main.frame.processed][2035565] processed_frames=984
[INFO][main.frame.processed][2035572] processed_frames=985
[INFO][main.frame.processed][2035582] processed_frames=986
[INFO][main.frame.processed][2035597] processed_frames=987
[INFO][main.frame.processed][2035609] processed_frames=988
[INFO][main.frame.processed][2035620] processed_frames=989
[INFO][main.frame.processed][2035627] processed_frames=990
[INFO][main.frame.processed][2035636] processed_frames=991
[INFO][main.frame.processed][2035644] processed_frames=992
[INFO][main.frame.processed][2035654] processed_frames=993
[INFO][main.frame.processed][2035667] processed_frames=994
[INFO][main.frame.processed][2035683] processed_frames=995
[INFO][main.frame.processed][2035694] processed_frames=996
[INFO][main.frame.processed][2035701] processed_frames=997
[INFO][main.frame.processed][2035709] processed_frames=998
[INFO][main.frame.processed][2035717] processed_frames=999
[INFO][main.frame.processed][2035724] processed_frames=1000
[INFO][main.frame.processed][2035734] processed_frames=1001
[INFO][main.frame.processed][2035749] processed_frames=1002
[INFO][main.frame.processed][2035760] processed_frames=1003
[INFO][main.frame.processed][2035769] processed_frames=1004
[INFO][main.frame.processed][2035779] processed_frames=1005
[INFO][main.frame.processed][2035787] processed_frames=1006
[INFO][main.frame.processed][2035796] processed_frames=1007
[INFO][main.frame.processed][2035806] processed_frames=1008
[INFO][main.frame.processed][2035819] processed_frames=1009
[INFO][main.frame.processed][2035835] processed_frames=1010
[INFO][main.frame.processed][2035846] processed_frames=1011
[INFO][main.frame.processed][2035854] processed_frames=1012
[INFO][main.frame.processed][2035862] processed_frames=1013
[INFO][main.frame.processed][2035871] processed_frames=1014
[INFO][main.frame.processed][2035879] processed_frames=1015
[INFO][startup.low_voltage.raw][2035898] low-voltage raw check path=/sys/bus/iio/devices/iio:device0/in_voltage7_raw raw=2296 threshold=400
[INFO][main.frame.processed][2035896] processed_frames=1016
[INFO][main.frame.processed][2035910] processed_frames=1017
[INFO][main.frame.processed][2035919] processed_frames=1018
[INFO][main.frame.processed][2035928] processed_frames=1019
[INFO][main.frame.processed][2035938] processed_frames=1020
[INFO][main.frame.processed][2035946] processed_frames=1021
[INFO][main.frame.processed][2035955] processed_frames=1022
[INFO][main.frame.processed][2035970] processed_frames=1023
[INFO][main.frame.processed][2035980] processed_frames=1024
[INFO][main.frame.processed][2035992] processed_frames=1025
[INFO][main.frame.processed][2036000] processed_frames=1026
[INFO][main.frame.processed][2036008] processed_frames=1027
[INFO][main.frame.processed][2036017] processed_frames=1028
[INFO][main.frame.processed][2036025] processed_frames=1029
[INFO][main.frame.processed][2036033] processed_frames=1030
[WARN][main.exit.forced][2036053] forced shutdown requested by SIGTERM; exiting without waiting for DISARMED
[INFO][timer.stop][2036054] timer bridge stopped
[INFO][camera.shutdown][2036054] camera adapter shutdown complete
[INFO][imu.shutdown][2036054] imu adapter shutdown complete
[INFO][encoder.shutdown][2036054] encoder adapter shutdown complete
[INFO][motor.shutdown][2036054] motor adapter shutdown complete
[INFO][shutdown.complete][2036054] actuators disabled and resources released
[INFO][main.exit][2036054] runtime exit complete
remote_runtime_exit=0
remote_log_copy_exit=0
remote_runtime_invoked=1
