== runtime smoke 2026-04-12T14:32:49Z ==
board=root@10.100.170.226
binary=/home/root/run_skip_imu_encoder_profile.sh
true_vendor_root=/home/madejuele/projects/2K0300/true_LS2K0300_Library/Seekfree_LS2K0300_Opensource_Library
[INFO][main.start][1926910] starting ls2k migration runtime
[INFO][profile.loaded][1926911] hardware profile loaded from /home/root/hardware_profile.skip-imu-encoder.json
[INFO][params.loaded][1926912] runtime parameters loaded from /home/root/default_params.json
[INFO][profile.camera][1926912] direct-match:phase1-160x120-to-160x128-no-exp-light-control
[INFO][profile.imu][1926912] disabled:imu-core-device-detect
[INFO][profile.encoder][1926912] disabled:absolute-count-delta-baseline
[INFO][profile.motor][1926912] direct-match:pwm-gpio-free-function
[INFO][profile.timer][1926912] direct-match:pit-timer-bridge
[WARN][startup.mode.degraded][1926912] degraded startup mode enabled: non-direct-match profiles may pass startup for diagnostics only
[WARN][startup.profile.imu.degraded][1926912] imu profile is disabled:imu-core-device-detect (allowed only in degraded startup mode)
[WARN][startup.profile.encoder.degraded][1926912] encoder profile is disabled:absolute-count-delta-baseline (allowed only in degraded startup mode)
[INFO][params.critical.apply][1926912] applied startup-critical fields P_Mode and exp_light before adapter bring-up
[INFO][power.init][1926913] power monitor initialized with true_ls2k0300 adc bridge path=/sys/bus/iio/devices/iio:device0/in_voltage7_raw
[INFO][startup.low_voltage.raw][1926913] low-voltage raw check path=/sys/bus/iio/devices/iio:device0/in_voltage7_raw raw=2409 threshold=400
[INFO][startup.low_voltage.clear][1926913] startup low-voltage check is clear
find uvc camera Successfully.
get uvc width = 160.000000.
get uvc height = 120.000000.
get uvc fps = 120.000000.
[INFO][camera.init][1927187] camera initialized through true_ls2k0300 bridge: /dev/video0
[INFO][imu.disabled][1927187] imu subsystem disabled by hardware profile
[WARN][startup.imu.disabled.degraded][1927187] imu is disabled by profile and degraded startup mode is enabled
[INFO][encoder.disabled][1927187] encoder subsystem disabled by hardware profile
[WARN][startup.encoder.disabled.degraded][1927187] encoder is disabled by profile and degraded startup mode is enabled
[INFO][motor.init][1927187] motor initialized through true_ls2k0300 bridge: left_pwm=/dev/zf_device_pwm_motor_1, right_pwm=/dev/zf_device_pwm_motor_2, left_gpio=/dev/zf_driver_gpio_motor_1, right_gpio=/dev/zf_driver_gpio_motor_2
[INFO][startup.complete][1927187] startup validated required adapters and applied critical params
[INFO][timer.start.pit][1927188] timer started with true_ls2k0300 pit bridge
[INFO][control.start][1927188] control loop started with PIT-equivalent periodic callback
[FAIL_SAFE][control.veto][1927194] vetoing actuator update due to stale perception or invalid sensor data
[INFO][startup.low_voltage.raw][1927913] low-voltage raw check path=/sys/bus/iio/devices/iio:device0/in_voltage7_raw raw=2414 threshold=400
[FAIL_SAFE][control.veto][1928194] vetoing actuator update due to stale perception or invalid sensor data
[INFO][startup.low_voltage.raw][1928913] low-voltage raw check path=/sys/bus/iio/devices/iio:device0/in_voltage7_raw raw=2420 threshold=400
[FAIL_SAFE][control.veto][1929194] vetoing actuator update due to stale perception or invalid sensor data
[INFO][startup.low_voltage.raw][1929917] low-voltage raw check path=/sys/bus/iio/devices/iio:device0/in_voltage7_raw raw=2416 threshold=400
[FAIL_SAFE][control.veto][1930194] vetoing actuator update due to stale perception or invalid sensor data
[INFO][main.frame_limit][1930810] bounded runtime loop reached LS2K_MAX_FRAMES=400
[INFO][timer.stop][1930812] timer bridge stopped
[INFO][camera.shutdown][1930812] camera adapter shutdown complete
[INFO][imu.shutdown][1930812] imu adapter shutdown complete
[INFO][encoder.shutdown][1930812] encoder adapter shutdown complete
[INFO][motor.shutdown][1930812] motor adapter shutdown complete
[INFO][shutdown.complete][1930812] actuators disabled and resources released
[INFO][main.exit][1930812] runtime exit complete
remote_runtime_exit=0
remote_log_copy_exit=0
remote_runtime_invoked=1
