== runtime smoke 2026-04-12T14:32:35Z ==
board=root@10.100.170.226
binary=/home/root/run_skip_imu_profile.sh
true_vendor_root=/home/madejuele/projects/2K0300/true_LS2K0300_Library/Seekfree_LS2K0300_Opensource_Library
[INFO][main.start][1912194] starting ls2k migration runtime
[INFO][profile.loaded][1912195] hardware profile loaded from /home/root/hardware_profile.skip-imu.json
[INFO][params.loaded][1912196] runtime parameters loaded from /home/root/default_params.json
[INFO][profile.camera][1912196] direct-match:phase1-160x120-to-160x128-no-exp-light-control
[INFO][profile.imu][1912196] disabled:imu-core-device-detect
[INFO][profile.encoder][1912196] direct-match:absolute-count-delta-baseline
[INFO][profile.motor][1912196] direct-match:pwm-gpio-free-function
[INFO][profile.timer][1912196] direct-match:pit-timer-bridge
[WARN][startup.mode.degraded][1912196] degraded startup mode enabled: non-direct-match profiles may pass startup for diagnostics only
[WARN][startup.profile.imu.degraded][1912196] imu profile is disabled:imu-core-device-detect (allowed only in degraded startup mode)
[INFO][params.critical.apply][1912196] applied startup-critical fields P_Mode and exp_light before adapter bring-up
[INFO][power.init][1912196] power monitor initialized with true_ls2k0300 adc bridge path=/sys/bus/iio/devices/iio:device0/in_voltage7_raw
[INFO][startup.low_voltage.raw][1912196] low-voltage raw check path=/sys/bus/iio/devices/iio:device0/in_voltage7_raw raw=2406 threshold=400
[INFO][startup.low_voltage.clear][1912197] startup low-voltage check is clear
find uvc camera Successfully.
get uvc width = 160.000000.
get uvc height = 120.000000.
get uvc fps = 120.000000.
[INFO][camera.init][1912467] camera initialized through true_ls2k0300 bridge: /dev/video0
[INFO][imu.disabled][1912467] imu subsystem disabled by hardware profile
[WARN][startup.imu.disabled.degraded][1912467] imu is disabled by profile and degraded startup mode is enabled
[INFO][encoder.init][1912467] encoder initialized through true_ls2k0300 bridge: left=/dev/zf_encoder_1, right=/dev/zf_encoder_2
[INFO][motor.init][1912468] motor initialized through true_ls2k0300 bridge: left_pwm=/dev/zf_device_pwm_motor_1, right_pwm=/dev/zf_device_pwm_motor_2, left_gpio=/dev/zf_driver_gpio_motor_1, right_gpio=/dev/zf_driver_gpio_motor_2
[INFO][startup.complete][1912468] startup validated required adapters and applied critical params
[INFO][timer.start.pit][1912468] timer started with true_ls2k0300 pit bridge
[INFO][control.start][1912468] control loop started with PIT-equivalent periodic callback
[WARN][encoder.baseline][1912474] encoder baseline established; first absolute sample is not emitted as a delta
[FAIL_SAFE][control.veto][1912474] vetoing actuator update due to stale perception or invalid sensor data
[INFO][startup.low_voltage.raw][1913199] low-voltage raw check path=/sys/bus/iio/devices/iio:device0/in_voltage7_raw raw=2409 threshold=400
[FAIL_SAFE][control.veto][1913477] vetoing actuator update due to stale perception or invalid sensor data
[INFO][startup.low_voltage.raw][1914204] low-voltage raw check path=/sys/bus/iio/devices/iio:device0/in_voltage7_raw raw=2395 threshold=400
[INFO][startup.low_voltage.raw][1914203] low-voltage raw check path=/sys/bus/iio/devices/iio:device0/in_voltage7_raw raw=2412 threshold=400
[FAIL_SAFE][control.veto][1914482] vetoing actuator update due to stale perception or invalid sensor data
[INFO][startup.low_voltage.raw][1915203] low-voltage raw check path=/sys/bus/iio/devices/iio:device0/in_voltage7_raw raw=2410 threshold=400
[FAIL_SAFE][control.veto][1915487] vetoing actuator update due to stale perception or invalid sensor data
[INFO][main.frame_limit][1916084] bounded runtime loop reached LS2K_MAX_FRAMES=400
[INFO][timer.stop][1916089] timer bridge stopped
[INFO][camera.shutdown][1916089] camera adapter shutdown complete
[INFO][imu.shutdown][1916089] imu adapter shutdown complete
[INFO][encoder.shutdown][1916089] encoder adapter shutdown complete
[INFO][motor.shutdown][1916089] motor adapter shutdown complete
[INFO][shutdown.complete][1916089] actuators disabled and resources released
[INFO][main.exit][1916089] runtime exit complete
remote_runtime_exit=0
remote_log_copy_exit=0
remote_runtime_invoked=1
