== runtime smoke 2026-04-12T14:19:57Z ==
board=root@10.100.170.226
binary=/home/root/run_skip_imu_encoder_profile.sh
true_vendor_root=/home/madejuele/projects/2K0300/true_LS2K0300_Library/Seekfree_LS2K0300_Opensource_Library
[INFO][main.start][1154450] starting ls2k migration runtime
[INFO][profile.loaded][1154451] hardware profile loaded from /home/root/hardware_profile.skip-imu-encoder.json
[INFO][params.loaded][1154452] runtime parameters loaded from /home/root/default_params.json
[INFO][profile.camera][1154452] direct-match:phase1-160x120-to-160x128-no-exp-light-control
[INFO][profile.imu][1154452] disabled:imu-core-device-detect
[INFO][profile.encoder][1154452] disabled:absolute-count-delta-baseline
[INFO][profile.motor][1154452] direct-match:pwm-gpio-free-function
[INFO][profile.timer][1154452] direct-match:pit-timer-bridge
[WARN][startup.mode.degraded][1154452] degraded startup mode enabled: non-direct-match profiles may pass startup for diagnostics only
[WARN][startup.profile.imu.degraded][1154452] imu profile is disabled:imu-core-device-detect (allowed only in degraded startup mode)
[WARN][startup.profile.encoder.degraded][1154452] encoder profile is disabled:absolute-count-delta-baseline (allowed only in degraded startup mode)
[INFO][params.critical.apply][1154452] applied startup-critical fields P_Mode and exp_light before adapter bring-up
[INFO][power.init][1154453] power monitor initialized with true_ls2k0300 adc bridge path=/sys/bus/iio/devices/iio:device0/in_voltage7_raw
[INFO][startup.low_voltage.raw][1154453] low-voltage raw check path=/sys/bus/iio/devices/iio:device0/in_voltage7_raw raw=2429 threshold=400
[INFO][startup.low_voltage.clear][1154453] startup low-voltage check is clear
find uvc camera Successfully.
get uvc width = 160.000000.
get uvc height = 120.000000.
get uvc fps = 120.000000.
[INFO][camera.init][1154727] camera initialized through true_ls2k0300 bridge: /dev/video0
[INFO][imu.disabled][1154727] imu subsystem disabled by hardware profile
[WARN][startup.imu.disabled.degraded][1154727] imu is disabled by profile and degraded startup mode is enabled
[INFO][encoder.disabled][1154727] encoder subsystem disabled by hardware profile
[WARN][startup.encoder.disabled.degraded][1154727] encoder is disabled by profile and degraded startup mode is enabled
[INFO][motor.init][1154727] motor initialized through true_ls2k0300 bridge: left_pwm=/dev/zf_device_pwm_motor_1, right_pwm=/dev/zf_device_pwm_motor_2, left_gpio=/dev/zf_driver_gpio_motor_1, right_gpio=/dev/zf_driver_gpio_motor_2
[INFO][startup.complete][1154727] startup validated required adapters and applied critical params
[INFO][timer.start.pit][1154728] timer started with true_ls2k0300 pit bridge
[INFO][control.start][1154728] control loop started with PIT-equivalent periodic callback
[FAIL_SAFE][control.veto][1154734] vetoing actuator update due to stale perception or invalid sensor data
[FAIL_SAFE][motor.emergency_stop.failed][1154734] motor PWM write failed: /dev/zf_device_pwm_motor_1
[FAIL_SAFE][motor.apply.unavailable][1154740] motor apply requested while motor adapter not ready
[INFO][startup.low_voltage.raw][1155453] low-voltage raw check path=/sys/bus/iio/devices/iio:device0/in_voltage7_raw raw=2433 threshold=400
[FAIL_SAFE][control.veto][1155737] vetoing actuator update due to stale perception or invalid sensor data
[FAIL_SAFE][motor.apply.unavailable][1155743] motor apply requested while motor adapter not ready
[INFO][startup.low_voltage.raw][1156457] low-voltage raw check path=/sys/bus/iio/devices/iio:device0/in_voltage7_raw raw=2418 threshold=400
[FAIL_SAFE][control.veto][1156740] vetoing actuator update due to stale perception or invalid sensor data
[FAIL_SAFE][motor.apply.unavailable][1156746] motor apply requested while motor adapter not ready
[INFO][startup.low_voltage.raw][1157460] low-voltage raw check path=/sys/bus/iio/devices/iio:device0/in_voltage7_raw raw=2417 threshold=400
[FAIL_SAFE][control.veto][1157744] vetoing actuator update due to stale perception or invalid sensor data
[FAIL_SAFE][motor.apply.unavailable][1157750] motor apply requested while motor adapter not ready
[INFO][main.frame_limit][1158351] bounded runtime loop reached LS2K_MAX_FRAMES=400
[INFO][timer.stop][1158355] timer bridge stopped
[WARN][motor.disable.failed][1158355] motor PWM write failed: /dev/zf_device_pwm_motor_1
[INFO][camera.shutdown][1158355] camera adapter shutdown complete
[INFO][imu.shutdown][1158355] imu adapter shutdown complete
[INFO][encoder.shutdown][1158355] encoder adapter shutdown complete
[INFO][motor.shutdown][1158355] motor adapter shutdown complete
[INFO][shutdown.complete][1158355] actuators disabled and resources released
[INFO][main.exit][1158355] runtime exit complete
remote_runtime_exit=0
remote_log_copy_exit=0
remote_runtime_invoked=1
