[INFO][profile.loaded][2452256] hardware profile loaded from /home/root/hardware_profile.json
[INFO][params.loaded][2452257] runtime parameters loaded from /home/root/default_params.json
[INFO][profile.camera][2452257] direct-match:phase1-160x120-to-160x128-no-exp-light-control
[INFO][profile.imu][2452257] direct-match:imu-core-device-detect
[INFO][profile.encoder][2452257] direct-match:absolute-count-delta-baseline
[INFO][profile.motor][2452257] direct-match:pwm-gpio-free-function
[INFO][profile.timer][2452257] direct-match:pit-timer-bridge
[INFO][params.critical.apply][2452257] applied startup-critical fields P_Mode and exp_light before adapter bring-up
[INFO][power.init][2452257] power monitor initialized with true_ls2k0300 adc bridge path=/sys/bus/iio/devices/iio:device0/in_voltage7_raw
[INFO][startup.low_voltage.raw][2452257] low-voltage raw check path=/sys/bus/iio/devices/iio:device0/in_voltage7_raw raw=2419 threshold=400
[INFO][startup.low_voltage.clear][2452257] startup low-voltage check is clear
find uvc camera Successfully.
get uvc width = 160.000000.
get uvc height = 120.000000.
get uvc fps = 120.000000.
[INFO][camera.init][2452532] camera initialized through true_ls2k0300 bridge: /dev/video0
[FAIL_SAFE][imu.init][2452532] imu unavailable: configured IMU override path could not be read: /tmp/ls2k-missing-imu-name
[WARN][imu.detect][2452532] imu detection path selected: unknown source=unresolved
[FAIL_SAFE][startup.imu.init][2452532] imu adapter initialization failed
[FAIL_SAFE][main.startup][2452532] startup failed, refusing to arm actuators
[INFO][camera.shutdown][2452532] camera adapter shutdown complete
[INFO][imu.shutdown][2452532] imu adapter shutdown complete
[INFO][encoder.shutdown][2452532] encoder adapter shutdown complete
[INFO][motor.shutdown][2452532] motor adapter shutdown complete
[INFO][shutdown.complete][2452532] actuators disabled and resources released
