[INFO][main.start][145410] starting ls2k migration runtime
[INFO][profile.loaded][145417] hardware profile loaded from /home/root/hardware_profile.smoke.json
[INFO][params.loaded][145418] runtime parameters loaded from /home/root/default_params.smoke.json
[INFO][profile.camera][145418] direct-match:phase1-160x120-to-160x128-no-exp-light-control
[INFO][profile.imu][145418] direct-match:imu-core-device-detect
[INFO][profile.encoder][145418] direct-match:absolute-count-delta-baseline
[INFO][profile.motor][145418] direct-match:pwm-gpio-free-function
[INFO][profile.timer][145418] direct-match:pit-timer-bridge
[WARN][startup.mode.degraded][145418] degraded startup mode enabled: non-direct-match profiles may pass startup for diagnostics only
[INFO][params.critical.apply][145419] applied startup-critical fields P_Mode and exp_light before adapter bring-up
[INFO][power.init][145419] power monitor initialized with true_ls2k0300 adc bridge path=/sys/bus/iio/devices/iio:device0/in_voltage7_raw
[INFO][startup.low_voltage.raw][145419] low-voltage raw check path=/sys/bus/iio/devices/iio:device0/in_voltage7_raw raw=2423 threshold=400
[INFO][startup.low_voltage.clear][145419] startup low-voltage check is clear
find uvc camera Successfully.
get uvc width = 160.000000.
get uvc height = 120.000000.
get uvc fps = 120.000000.
[INFO][camera.init][145706] camera initialized through true_ls2k0300 bridge: /dev/video0
[INFO][imu.init][145709] imu initialized through true_ls2k0300 bridge: resolved IMU resource at /sys/bus/iio/devices/iio:device1
[INFO][imu.detect][145709] imu detection path selected: imu660ra source=/sys/bus/iio/devices/iio:device1/name
[INFO][imu.calibration.ready][145754] imu gyro zero-bias calibrated from 32 startup sample(s)
[INFO][encoder.init][145754] encoder initialized through true_ls2k0300 bridge: left=/dev/zf_encoder_1, right=/dev/zf_encoder_2
[INFO][encoder.normalization][145754] encoder direct-match normalization keeps logical left=raw_left and logical right=-raw_right for direct speed samples
[INFO][motor.init][145754] motor initialized through true_ls2k0300 bridge: logical_left maps to pwm=/dev/zf_device_pwm_motor_2, gpio=/dev/zf_driver_gpio_motor_2; logical_right maps to pwm=/dev/zf_device_pwm_motor_1, gpio=/dev/zf_driver_gpio_motor_1
[INFO][startup.complete][145754] startup validated required adapters and applied critical params
[INFO][timer.start.pit][145754] timer started with true_ls2k0300 pit bridge
[INFO][control.start][145754] control loop started with gate -> motion supervisor -> shaping/apply sequencing
[INFO][main.harness_context][145755] automation_context auto_start=false auto_start_delay_ms=0 auto_stop_after_ms=0 auto_reset_fault=false emit_frame_progress=false
[INFO][imu.sample.summary][145761] imu normalized sample acc_z=-4.850252mps2 gyro_z=0.003159radps valid_streak=1
[INFO][encoder.delta.summary][145762] logical encoder sample left=0 right=0 mean=0 diff=0
[FAIL_SAFE][control.veto][145762] vetoing actuator update due to perception_stale
[FAIL_SAFE][control.veto.perception_stale][145762] dominant control veto reason: perception_stale
[FAIL_SAFE][control.apply.emergency_stop][145762] emergency-stop command applied to keep actuators fail-safe
[WARN][control.veto.sustained][145971] control remained vetoed for 209 ms with dominant reason=perception_stale
[INFO][imu.continuity.ready][146035] imu sample stream stayed valid for 32 consecutive reads after bridge normalization
[INFO][control.veto.interval.closed][146088] previous veto interval closed after 326 ms (reason=perception_stale)
[INFO][control.apply.hold_disarmed][146088] gate is clear but runtime is intentionally held disarmed in phase DISARMED
[INFO][motion.start.requested][146105] motion start requested by SIGUSR2
[INFO][motion.phase.transition][146116] motion phase transitioned from DISARMED to START_REQUESTED
[INFO][motion.phase.transition][146137] motion phase transitioned from START_REQUESTED to SPINUP
[INFO][motion.spinup.enter][146137] motion start request cleared the gate-confirmation boundary and entered spinup
[INFO][control.command.requested_nonzero][146137] non-zero differential-drive command requested
[INFO][control.apply.drive][146137] drive command applied to motor adapter
[INFO][control.apply.command][146137] logical drive command left_pwm=280 right_pwm=-280
[INFO][control.arm.transition][146137] actuator armed state transitioned from disarmed to armed (apply_outcome=drive_command_applied, phase=SPINUP)
[INFO][control.unveto.sustained][146292] control remained non-veto for 204 ms; actuator path stayed eligible for lifecycle evaluation
[INFO][startup.low_voltage.raw][146427] low-voltage raw check path=/sys/bus/iio/devices/iio:device0/in_voltage7_raw raw=2439 threshold=400
[WARN][control.unveto.interval.closed][146540] previous non-veto interval closed after 452 ms (reason=none)
[INFO][motion.phase.transition][146540] motion phase transitioned from SPINUP to FAIL_SAFE_LATCHED
[FAIL_SAFE][motion.failsafe.latched][146540] runtime fault interrupted motion and entered FAIL_SAFE_LATCHED (reason=perception_stale)
[FAIL_SAFE][control.arm.transition][146540] actuator armed state transitioned from armed to disarmed (apply_outcome=emergency_stop_applied, phase=FAIL_SAFE_LATCHED)
[INFO][control.veto.interval.closed][146552] previous veto interval closed after 12 ms (reason=perception_stale)
[INFO][control.unveto.sustained][146758] control remained non-veto for 206 ms; actuator path stayed eligible for lifecycle evaluation
[INFO][imu.sample.summary][146764] imu normalized sample acc_z=-4.844268mps2 gyro_z=-0.000033radps valid_streak=115
[INFO][encoder.delta.summary][146766] logical encoder sample left=0 right=0 mean=0 diff=0
[FAIL_SAFE][control.apply.emergency_stop][146766] emergency-stop command applied to keep actuators fail-safe
[FAIL_SAFE][control.veto][146809] vetoing actuator update due to perception_stale
[FAIL_SAFE][control.veto.perception_stale][146809] dominant control veto reason: perception_stale
[WARN][control.unveto.interval.closed][146809] previous non-veto interval closed after 257 ms (reason=none)
[INFO][control.veto.interval.closed][146839] previous veto interval closed after 30 ms (reason=perception_stale)
[WARN][control.unveto.interval.closed][146927] previous non-veto interval closed after 88 ms (reason=none)
[INFO][control.veto.interval.closed][146942] previous veto interval closed after 15 ms (reason=perception_stale)
[INFO][motion.stop.requested][147115] controlled stop requested by signal
[INFO][motion.failsafe.reset_ready][147141] fail-safe latch hold completed; explicit reset intent may now re-arm the runtime
[INFO][control.unveto.sustained][147148] control remained non-veto for 206 ms; actuator path stayed eligible for lifecycle evaluation
[INFO][startup.low_voltage.raw][147428] low-voltage raw check path=/sys/bus/iio/devices/iio:device0/in_voltage7_raw raw=2427 threshold=400
[WARN][control.unveto.interval.closed][147655] previous non-veto interval closed after 713 ms (reason=none)
[INFO][control.veto.interval.closed][147662] previous veto interval closed after 7 ms (reason=perception_stale)
[INFO][motion.failsafe.reset_ready][147662] fail-safe latch hold completed; explicit reset intent may now re-arm the runtime
[INFO][imu.sample.summary][147764] imu normalized sample acc_z=-4.850247mps2 gyro_z=-0.000033radps valid_streak=233
[FAIL_SAFE][control.apply.emergency_stop][147766] emergency-stop command applied to keep actuators fail-safe
[INFO][encoder.delta.summary][147773] logical encoder sample left=0 right=0 mean=0 diff=0
[INFO][control.unveto.sustained][147868] control remained non-veto for 206 ms; actuator path stayed eligible for lifecycle evaluation
[INFO][startup.low_voltage.raw][148429] low-voltage raw check path=/sys/bus/iio/devices/iio:device0/in_voltage7_raw raw=2430 threshold=400
[INFO][imu.sample.summary][148769] imu normalized sample acc_z=-4.847871mps2 gyro_z=0.002095radps valid_streak=371
[FAIL_SAFE][control.apply.emergency_stop][148771] emergency-stop command applied to keep actuators fail-safe
[INFO][encoder.delta.summary][148779] logical encoder sample left=0 right=0 mean=0 diff=0
[INFO][startup.low_voltage.raw][149432] low-voltage raw check path=/sys/bus/iio/devices/iio:device0/in_voltage7_raw raw=2441 threshold=400
[INFO][imu.sample.summary][149775] imu normalized sample acc_z=-4.847854mps2 gyro_z=-0.002161radps valid_streak=509
[FAIL_SAFE][control.apply.emergency_stop][149777] emergency-stop command applied to keep actuators fail-safe
[INFO][encoder.delta.summary][149784] logical encoder sample left=0 right=0 mean=0 diff=0
[INFO][startup.low_voltage.raw][150434] low-voltage raw check path=/sys/bus/iio/devices/iio:device0/in_voltage7_raw raw=2435 threshold=400
[INFO][imu.sample.summary][150778] imu normalized sample acc_z=-4.851412mps2 gyro_z=-0.000033radps valid_streak=646
[FAIL_SAFE][control.apply.emergency_stop][150780] emergency-stop command applied to keep actuators fail-safe
[INFO][encoder.delta.summary][150787] logical encoder sample left=0 right=0 mean=0 diff=0
[INFO][startup.low_voltage.raw][151434] low-voltage raw check path=/sys/bus/iio/devices/iio:device0/in_voltage7_raw raw=2426 threshold=400
[INFO][imu.sample.summary][151784] imu normalized sample acc_z=-4.847859mps2 gyro_z=-0.000033radps valid_streak=784
[FAIL_SAFE][control.apply.emergency_stop][151786] emergency-stop command applied to keep actuators fail-safe
[INFO][encoder.delta.summary][151793] logical encoder sample left=0 right=0 mean=0 diff=0
[INFO][startup.low_voltage.raw][152434] low-voltage raw check path=/sys/bus/iio/devices/iio:device0/in_voltage7_raw raw=2429 threshold=400
[INFO][imu.sample.summary][152789] imu normalized sample acc_z=-4.843431mps2 gyro_z=0.003159radps valid_streak=922
[FAIL_SAFE][control.apply.emergency_stop][152791] emergency-stop command applied to keep actuators fail-safe
[INFO][encoder.delta.summary][152798] logical encoder sample left=0 right=0 mean=0 diff=0
[INFO][startup.low_voltage.raw][153434] low-voltage raw check path=/sys/bus/iio/devices/iio:device0/in_voltage7_raw raw=2419 threshold=400
[INFO][imu.sample.summary][153794] imu normalized sample acc_z=-4.853836mps2 gyro_z=0.005287radps valid_streak=1060
[FAIL_SAFE][control.apply.emergency_stop][153795] emergency-stop command applied to keep actuators fail-safe
[INFO][encoder.delta.summary][153803] logical encoder sample left=0 right=0 mean=0 diff=0
[INFO][startup.low_voltage.raw][154437] low-voltage raw check path=/sys/bus/iio/devices/iio:device0/in_voltage7_raw raw=2436 threshold=400
[INFO][imu.sample.summary][154794] imu normalized sample acc_z=-4.845469mps2 gyro_z=-0.000033radps valid_streak=1195
[FAIL_SAFE][control.apply.emergency_stop][154796] emergency-stop command applied to keep actuators fail-safe
[INFO][encoder.delta.summary][154803] logical encoder sample left=0 right=0 mean=0 diff=0
[INFO][startup.low_voltage.raw][155442] low-voltage raw check path=/sys/bus/iio/devices/iio:device0/in_voltage7_raw raw=2437 threshold=400
[INFO][imu.sample.summary][155800] imu normalized sample acc_z=-4.853745mps2 gyro_z=0.001031radps valid_streak=1333
[FAIL_SAFE][control.apply.emergency_stop][155802] emergency-stop command applied to keep actuators fail-safe
[INFO][encoder.delta.summary][155810] logical encoder sample left=0 right=0 mean=0 diff=0
[INFO][startup.low_voltage.raw][156443] low-voltage raw check path=/sys/bus/iio/devices/iio:device0/in_voltage7_raw raw=2423 threshold=400
[INFO][imu.sample.summary][156806] imu normalized sample acc_z=-4.851563mps2 gyro_z=0.001031radps valid_streak=1471
[FAIL_SAFE][control.apply.emergency_stop][156808] emergency-stop command applied to keep actuators fail-safe
[INFO][encoder.delta.summary][156815] logical encoder sample left=0 right=0 mean=0 diff=0
[INFO][startup.low_voltage.raw][157447] low-voltage raw check path=/sys/bus/iio/devices/iio:device0/in_voltage7_raw raw=2439 threshold=400
[INFO][imu.sample.summary][157812] imu normalized sample acc_z=-4.845501mps2 gyro_z=-0.000033radps valid_streak=1609
[FAIL_SAFE][control.apply.emergency_stop][157814] emergency-stop command applied to keep actuators fail-safe
[INFO][encoder.delta.summary][157821] logical encoder sample left=0 right=0 mean=0 diff=0
[INFO][startup.low_voltage.raw][158447] low-voltage raw check path=/sys/bus/iio/devices/iio:device0/in_voltage7_raw raw=2430 threshold=400
[INFO][imu.sample.summary][158816] imu normalized sample acc_z=-4.853476mps2 gyro_z=-0.000033radps valid_streak=1747
[FAIL_SAFE][control.apply.emergency_stop][158818] emergency-stop command applied to keep actuators fail-safe
[INFO][encoder.delta.summary][158825] logical encoder sample left=0 right=0 mean=0 diff=0
[INFO][startup.low_voltage.raw][159449] low-voltage raw check path=/sys/bus/iio/devices/iio:device0/in_voltage7_raw raw=2437 threshold=400
[INFO][imu.sample.summary][159821] imu normalized sample acc_z=-4.846913mps2 gyro_z=0.003159radps valid_streak=1885
[FAIL_SAFE][control.apply.emergency_stop][159823] emergency-stop command applied to keep actuators fail-safe
[INFO][encoder.delta.summary][159831] logical encoder sample left=0 right=0 mean=0 diff=0
[INFO][startup.low_voltage.raw][160450] low-voltage raw check path=/sys/bus/iio/devices/iio:device0/in_voltage7_raw raw=2429 threshold=400
[INFO][imu.sample.summary][160822] imu normalized sample acc_z=-4.856220mps2 gyro_z=0.013800radps valid_streak=2022
[FAIL_SAFE][control.apply.emergency_stop][160824] emergency-stop command applied to keep actuators fail-safe
[INFO][encoder.delta.summary][160831] logical encoder sample left=0 right=0 mean=0 diff=0
[INFO][startup.low_voltage.raw][161455] low-voltage raw check path=/sys/bus/iio/devices/iio:device0/in_voltage7_raw raw=2437 threshold=400
[INFO][imu.sample.summary][161828] imu normalized sample acc_z=-4.860660mps2 gyro_z=-0.012802radps valid_streak=2160
[FAIL_SAFE][control.apply.emergency_stop][161830] emergency-stop command applied to keep actuators fail-safe
[INFO][encoder.delta.summary][161837] logical encoder sample left=0 right=0 mean=0 diff=0
[INFO][startup.low_voltage.raw][162456] low-voltage raw check path=/sys/bus/iio/devices/iio:device0/in_voltage7_raw raw=2439 threshold=400
[INFO][imu.sample.summary][162833] imu normalized sample acc_z=-4.863408mps2 gyro_z=-0.002161radps valid_streak=2298
[FAIL_SAFE][control.apply.emergency_stop][162835] emergency-stop command applied to keep actuators fail-safe
[INFO][encoder.delta.summary][162842] logical encoder sample left=0 right=0 mean=0 diff=0
[INFO][startup.low_voltage.raw][163459] low-voltage raw check path=/sys/bus/iio/devices/iio:device0/in_voltage7_raw raw=2427 threshold=400
[INFO][imu.sample.summary][163838] imu normalized sample acc_z=-4.847020mps2 gyro_z=-0.000033radps valid_streak=2436
[FAIL_SAFE][control.apply.emergency_stop][163840] emergency-stop command applied to keep actuators fail-safe
[INFO][encoder.delta.summary][163848] logical encoder sample left=0 right=0 mean=0 diff=0
[INFO][startup.low_voltage.raw][164464] low-voltage raw check path=/sys/bus/iio/devices/iio:device0/in_voltage7_raw raw=2431 threshold=400
[INFO][imu.sample.summary][164845] imu normalized sample acc_z=-4.851437mps2 gyro_z=0.001031radps valid_streak=2574
[FAIL_SAFE][control.apply.emergency_stop][164846] emergency-stop command applied to keep actuators fail-safe
[INFO][encoder.delta.summary][164854] logical encoder sample left=0 right=0 mean=0 diff=0
[INFO][startup.low_voltage.raw][165466] low-voltage raw check path=/sys/bus/iio/devices/iio:device0/in_voltage7_raw raw=2429 threshold=400
[INFO][imu.sample.summary][165846] imu normalized sample acc_z=-4.840571mps2 gyro_z=-0.004290radps valid_streak=2711
[FAIL_SAFE][control.apply.emergency_stop][165848] emergency-stop command applied to keep actuators fail-safe
[INFO][encoder.delta.summary][165855] logical encoder sample left=0 right=0 mean=0 diff=0
[INFO][startup.low_voltage.raw][166466] low-voltage raw check path=/sys/bus/iio/devices/iio:device0/in_voltage7_raw raw=2435 threshold=400
[INFO][imu.sample.summary][166852] imu normalized sample acc_z=-4.854965mps2 gyro_z=0.002095radps valid_streak=2849
[FAIL_SAFE][control.apply.emergency_stop][166854] emergency-stop command applied to keep actuators fail-safe
[INFO][encoder.delta.summary][166861] logical encoder sample left=0 right=0 mean=0 diff=0
[INFO][startup.low_voltage.raw][167470] low-voltage raw check path=/sys/bus/iio/devices/iio:device0/in_voltage7_raw raw=2433 threshold=400
[INFO][imu.sample.summary][167857] imu normalized sample acc_z=-4.848936mps2 gyro_z=0.002095radps valid_streak=2987
[FAIL_SAFE][control.apply.emergency_stop][167859] emergency-stop command applied to keep actuators fail-safe
[INFO][encoder.delta.summary][167866] logical encoder sample left=0 right=0 mean=0 diff=0
[INFO][startup.low_voltage.raw][168471] low-voltage raw check path=/sys/bus/iio/devices/iio:device0/in_voltage7_raw raw=2428 threshold=400
[INFO][imu.sample.summary][168862] imu normalized sample acc_z=-4.841936mps2 gyro_z=-0.001097radps valid_streak=3125
[FAIL_SAFE][control.apply.emergency_stop][168863] emergency-stop command applied to keep actuators fail-safe
[INFO][encoder.delta.summary][168871] logical encoder sample left=0 right=0 mean=0 diff=0
[INFO][startup.low_voltage.raw][169471] low-voltage raw check path=/sys/bus/iio/devices/iio:device0/in_voltage7_raw raw=2439 threshold=400
[INFO][imu.sample.summary][169866] imu normalized sample acc_z=-4.851448mps2 gyro_z=0.001031radps valid_streak=3263
[FAIL_SAFE][control.apply.emergency_stop][169868] emergency-stop command applied to keep actuators fail-safe
[INFO][encoder.delta.summary][169876] logical encoder sample left=0 right=0 mean=0 diff=0
[INFO][startup.low_voltage.raw][170472] low-voltage raw check path=/sys/bus/iio/devices/iio:device0/in_voltage7_raw raw=2425 threshold=400
[INFO][imu.sample.summary][170872] imu normalized sample acc_z=-4.852644mps2 gyro_z=-0.004290radps valid_streak=3401
[FAIL_SAFE][control.apply.emergency_stop][170874] emergency-stop command applied to keep actuators fail-safe
[INFO][encoder.delta.summary][170881] logical encoder sample left=0 right=0 mean=0 diff=0
[INFO][startup.low_voltage.raw][171475] low-voltage raw check path=/sys/bus/iio/devices/iio:device0/in_voltage7_raw raw=2421 threshold=400
[INFO][imu.sample.summary][171876] imu normalized sample acc_z=-4.855033mps2 gyro_z=-0.000033radps valid_streak=3539
[FAIL_SAFE][control.apply.emergency_stop][171877] emergency-stop command applied to keep actuators fail-safe
[INFO][encoder.delta.summary][171885] logical encoder sample left=0 right=0 mean=0 diff=0
[INFO][startup.low_voltage.raw][172479] low-voltage raw check path=/sys/bus/iio/devices/iio:device0/in_voltage7_raw raw=2423 threshold=400
[INFO][imu.sample.summary][172879] imu normalized sample acc_z=-4.847979mps2 gyro_z=-0.000033radps valid_streak=3677
[FAIL_SAFE][control.apply.emergency_stop][172881] emergency-stop command applied to keep actuators fail-safe
[INFO][encoder.delta.summary][172889] logical encoder sample left=0 right=0 mean=0 diff=0
[INFO][startup.low_voltage.raw][173479] low-voltage raw check path=/sys/bus/iio/devices/iio:device0/in_voltage7_raw raw=2419 threshold=400
[INFO][imu.sample.summary][173886] imu normalized sample acc_z=-4.850253mps2 gyro_z=-0.000033radps valid_streak=3815
[FAIL_SAFE][control.apply.emergency_stop][173887] emergency-stop command applied to keep actuators fail-safe
[INFO][encoder.delta.summary][173895] logical encoder sample left=0 right=0 mean=0 diff=0
[FAIL_SAFE][control.veto][174062] vetoing actuator update due to perception_stale
[FAIL_SAFE][control.veto.perception_stale][174062] dominant control veto reason: perception_stale
[WARN][control.unveto.interval.closed][174062] previous non-veto interval closed after 26400 ms (reason=none)
[INFO][control.veto.interval.closed][174087] previous veto interval closed after 25 ms (reason=perception_stale)
[INFO][motion.failsafe.reset_ready][174087] fail-safe latch hold completed; explicit reset intent may now re-arm the runtime
[INFO][control.unveto.sustained][174292] control remained non-veto for 205 ms; actuator path stayed eligible for lifecycle evaluation
[INFO][startup.low_voltage.raw][174482] low-voltage raw check path=/sys/bus/iio/devices/iio:device0/in_voltage7_raw raw=2443 threshold=400
[WARN][control.unveto.interval.closed][174630] previous non-veto interval closed after 543 ms (reason=none)
[INFO][control.veto.interval.closed][174642] previous veto interval closed after 12 ms (reason=perception_stale)
[INFO][motion.failsafe.reset_ready][174642] fail-safe latch hold completed; explicit reset intent may now re-arm the runtime
[INFO][control.unveto.sustained][174847] control remained non-veto for 205 ms; actuator path stayed eligible for lifecycle evaluation
[INFO][imu.sample.summary][174889] imu normalized sample acc_z=-4.849054mps2 gyro_z=0.005287radps valid_streak=3937
[FAIL_SAFE][control.apply.emergency_stop][174891] emergency-stop command applied to keep actuators fail-safe
[INFO][encoder.delta.summary][174898] logical encoder sample left=0 right=0 mean=0 diff=0
[INFO][startup.low_voltage.raw][175486] low-voltage raw check path=/sys/bus/iio/devices/iio:device0/in_voltage7_raw raw=2423 threshold=400
[INFO][imu.sample.summary][175895] imu normalized sample acc_z=-4.844269mps2 gyro_z=0.003159radps valid_streak=4075
[FAIL_SAFE][control.apply.emergency_stop][175897] emergency-stop command applied to keep actuators fail-safe
[INFO][encoder.delta.summary][175905] logical encoder sample left=0 right=0 mean=0 diff=0
[INFO][startup.low_voltage.raw][176488] low-voltage raw check path=/sys/bus/iio/devices/iio:device0/in_voltage7_raw raw=2420 threshold=400
[INFO][imu.sample.summary][176901] imu normalized sample acc_z=-4.850251mps2 gyro_z=0.003159radps valid_streak=4213
[FAIL_SAFE][control.apply.emergency_stop][176902] emergency-stop command applied to keep actuators fail-safe
[INFO][encoder.delta.summary][176910] logical encoder sample left=0 right=0 mean=0 diff=0
[INFO][startup.low_voltage.raw][177490] low-voltage raw check path=/sys/bus/iio/devices/iio:device0/in_voltage7_raw raw=2425 threshold=400
[INFO][imu.sample.summary][177906] imu normalized sample acc_z=-4.846686mps2 gyro_z=-0.002161radps valid_streak=4351
[FAIL_SAFE][control.apply.emergency_stop][177908] emergency-stop command applied to keep actuators fail-safe
[INFO][encoder.delta.summary][177916] logical encoder sample left=0 right=0 mean=0 diff=0
[INFO][startup.low_voltage.raw][178492] low-voltage raw check path=/sys/bus/iio/devices/iio:device0/in_voltage7_raw raw=2417 threshold=400
[INFO][imu.sample.summary][178911] imu normalized sample acc_z=-4.845944mps2 gyro_z=0.001031radps valid_streak=4489
[FAIL_SAFE][control.apply.emergency_stop][178913] emergency-stop command applied to keep actuators fail-safe
[INFO][encoder.delta.summary][178920] logical encoder sample left=0 right=0 mean=0 diff=0
[INFO][startup.low_voltage.raw][179493] low-voltage raw check path=/sys/bus/iio/devices/iio:device0/in_voltage7_raw raw=2428 threshold=400
[INFO][imu.sample.summary][179916] imu normalized sample acc_z=-4.845478mps2 gyro_z=0.002095radps valid_streak=4627
[FAIL_SAFE][control.apply.emergency_stop][179918] emergency-stop command applied to keep actuators fail-safe
[INFO][encoder.delta.summary][179925] logical encoder sample left=0 right=0 mean=0 diff=0
[INFO][startup.low_voltage.raw][180493] low-voltage raw check path=/sys/bus/iio/devices/iio:device0/in_voltage7_raw raw=2430 threshold=400
[INFO][imu.sample.summary][180918] imu normalized sample acc_z=-4.847860mps2 gyro_z=0.001031radps valid_streak=4764
[FAIL_SAFE][control.apply.emergency_stop][180919] emergency-stop command applied to keep actuators fail-safe
[INFO][encoder.delta.summary][180927] logical encoder sample left=0 right=0 mean=0 diff=0
[INFO][startup.low_voltage.raw][181493] low-voltage raw check path=/sys/bus/iio/devices/iio:device0/in_voltage7_raw raw=2432 threshold=400
[INFO][imu.sample.summary][181922] imu normalized sample acc_z=-4.849043mps2 gyro_z=0.003159radps valid_streak=4902
[FAIL_SAFE][control.apply.emergency_stop][181924] emergency-stop command applied to keep actuators fail-safe
[INFO][encoder.delta.summary][181932] logical encoder sample left=0 right=0 mean=0 diff=0
[INFO][startup.low_voltage.raw][182493] low-voltage raw check path=/sys/bus/iio/devices/iio:device0/in_voltage7_raw raw=2425 threshold=400
[INFO][imu.sample.summary][182929] imu normalized sample acc_z=-4.844270mps2 gyro_z=0.002095radps valid_streak=5040
[FAIL_SAFE][control.apply.emergency_stop][182930] emergency-stop command applied to keep actuators fail-safe
[INFO][encoder.delta.summary][182938] logical encoder sample left=0 right=0 mean=0 diff=0
[INFO][startup.low_voltage.raw][183497] low-voltage raw check path=/sys/bus/iio/devices/iio:device0/in_voltage7_raw raw=2422 threshold=400
[INFO][imu.sample.summary][183934] imu normalized sample acc_z=-4.846650mps2 gyro_z=0.002095radps valid_streak=5178
[FAIL_SAFE][control.apply.emergency_stop][183937] emergency-stop command applied to keep actuators fail-safe
[INFO][encoder.delta.summary][183944] logical encoder sample left=0 right=0 mean=0 diff=0
[FAIL_SAFE][control.veto][184333] vetoing actuator update due to perception_stale
[FAIL_SAFE][control.veto.perception_stale][184333] dominant control veto reason: perception_stale
[WARN][control.unveto.interval.closed][184333] previous non-veto interval closed after 9691 ms (reason=none)
[INFO][control.veto.interval.closed][184341] previous veto interval closed after 8 ms (reason=perception_stale)
[INFO][motion.failsafe.reset_ready][184341] fail-safe latch hold completed; explicit reset intent may now re-arm the runtime
[INFO][startup.low_voltage.raw][184500] low-voltage raw check path=/sys/bus/iio/devices/iio:device0/in_voltage7_raw raw=2436 threshold=400
[INFO][control.unveto.sustained][184546] control remained non-veto for 205 ms; actuator path stayed eligible for lifecycle evaluation
[INFO][imu.sample.summary][184938] imu normalized sample acc_z=-4.852642mps2 gyro_z=-0.002161radps valid_streak=5313
[FAIL_SAFE][control.apply.emergency_stop][184940] emergency-stop command applied to keep actuators fail-safe
[INFO][encoder.delta.summary][184947] logical encoder sample left=0 right=0 mean=0 diff=0
[INFO][startup.low_voltage.raw][185507] low-voltage raw check path=/sys/bus/iio/devices/iio:device0/in_voltage7_raw raw=2419 threshold=400
[INFO][imu.sample.summary][185938] imu normalized sample acc_z=-4.845821mps2 gyro_z=0.001031radps valid_streak=5450
[FAIL_SAFE][control.apply.emergency_stop][185940] emergency-stop command applied to keep actuators fail-safe
[INFO][encoder.delta.summary][185947] logical encoder sample left=0 right=0 mean=0 diff=0
[INFO][startup.low_voltage.raw][186508] low-voltage raw check path=/sys/bus/iio/devices/iio:device0/in_voltage7_raw raw=2430 threshold=400
[INFO][imu.sample.summary][186944] imu normalized sample acc_z=-4.853865mps2 gyro_z=-0.000033radps valid_streak=5588
[FAIL_SAFE][control.apply.emergency_stop][186946] emergency-stop command applied to keep actuators fail-safe
[INFO][encoder.delta.summary][186953] logical encoder sample left=0 right=0 mean=0 diff=0
[INFO][startup.low_voltage.raw][187508] low-voltage raw check path=/sys/bus/iio/devices/iio:device0/in_voltage7_raw raw=2431 threshold=400
[INFO][imu.sample.summary][187951] imu normalized sample acc_z=-4.838646mps2 gyro_z=0.001031radps valid_streak=5726
[FAIL_SAFE][control.apply.emergency_stop][187953] emergency-stop command applied to keep actuators fail-safe
[INFO][encoder.delta.summary][187960] logical encoder sample left=0 right=0 mean=0 diff=0
[INFO][startup.low_voltage.raw][188511] low-voltage raw check path=/sys/bus/iio/devices/iio:device0/in_voltage7_raw raw=2430 threshold=400
[INFO][imu.sample.summary][188956] imu normalized sample acc_z=-4.847907mps2 gyro_z=-0.001097radps valid_streak=5864
[FAIL_SAFE][control.apply.emergency_stop][188958] emergency-stop command applied to keep actuators fail-safe
[INFO][encoder.delta.summary][188965] logical encoder sample left=0 right=0 mean=0 diff=0
[INFO][startup.low_voltage.raw][189515] low-voltage raw check path=/sys/bus/iio/devices/iio:device0/in_voltage7_raw raw=2441 threshold=400
[INFO][imu.sample.summary][189961] imu normalized sample acc_z=-4.848935mps2 gyro_z=-0.001097radps valid_streak=6002
[FAIL_SAFE][control.apply.emergency_stop][189963] emergency-stop command applied to keep actuators fail-safe
[INFO][encoder.delta.summary][189971] logical encoder sample left=0 right=0 mean=0 diff=0
[INFO][startup.low_voltage.raw][190515] low-voltage raw check path=/sys/bus/iio/devices/iio:device0/in_voltage7_raw raw=2432 threshold=400
[INFO][imu.sample.summary][190967] imu normalized sample acc_z=-4.848936mps2 gyro_z=-0.000033radps valid_streak=6140
[INFO][encoder.delta.summary][190973] logical encoder sample left=0 right=0 mean=0 diff=0
[FAIL_SAFE][control.apply.emergency_stop][190973] emergency-stop command applied to keep actuators fail-safe
[INFO][startup.low_voltage.raw][191518] low-voltage raw check path=/sys/bus/iio/devices/iio:device0/in_voltage7_raw raw=2426 threshold=400
[INFO][imu.sample.summary][191971] imu normalized sample acc_z=-4.847019mps2 gyro_z=0.001031radps valid_streak=6277
[INFO][encoder.delta.summary][191973] logical encoder sample left=0 right=0 mean=0 diff=0
[FAIL_SAFE][control.apply.emergency_stop][191973] emergency-stop command applied to keep actuators fail-safe
[INFO][startup.low_voltage.raw][192523] low-voltage raw check path=/sys/bus/iio/devices/iio:device0/in_voltage7_raw raw=2419 threshold=400
[INFO][imu.sample.summary][192976] imu normalized sample acc_z=-4.844305mps2 gyro_z=0.001031radps valid_streak=6415
[INFO][encoder.delta.summary][192978] logical encoder sample left=0 right=0 mean=0 diff=0
[FAIL_SAFE][control.apply.emergency_stop][192978] emergency-stop command applied to keep actuators fail-safe
[INFO][startup.low_voltage.raw][193530] low-voltage raw check path=/sys/bus/iio/devices/iio:device0/in_voltage7_raw raw=2422 threshold=400
[INFO][imu.sample.summary][193981] imu normalized sample acc_z=-4.851809mps2 gyro_z=-0.000033radps valid_streak=6553
[INFO][encoder.delta.summary][193983] logical encoder sample left=0 right=0 mean=0 diff=0
[FAIL_SAFE][control.apply.emergency_stop][193983] emergency-stop command applied to keep actuators fail-safe
[FAIL_SAFE][control.veto][194264] vetoing actuator update due to perception_stale
[FAIL_SAFE][control.veto.perception_stale][194264] dominant control veto reason: perception_stale
[WARN][control.unveto.interval.closed][194264] previous non-veto interval closed after 9923 ms (reason=none)
[INFO][control.veto.interval.closed][194283] previous veto interval closed after 19 ms (reason=perception_stale)
[INFO][motion.failsafe.reset_ready][194283] fail-safe latch hold completed; explicit reset intent may now re-arm the runtime
[INFO][control.unveto.sustained][194484] control remained non-veto for 201 ms; actuator path stayed eligible for lifecycle evaluation
[INFO][startup.low_voltage.raw][194532] low-voltage raw check path=/sys/bus/iio/devices/iio:device0/in_voltage7_raw raw=2431 threshold=400
[WARN][control.unveto.interval.closed][194971] previous non-veto interval closed after 688 ms (reason=none)
[INFO][imu.sample.summary][194985] imu normalized sample acc_z=-4.851456mps2 gyro_z=0.001031radps valid_streak=6670
[INFO][encoder.delta.summary][194986] logical encoder sample left=0 right=0 mean=0 diff=0
[INFO][control.veto.interval.closed][194986] previous veto interval closed after 15 ms (reason=perception_stale)
[INFO][motion.failsafe.reset_ready][194986] fail-safe latch hold completed; explicit reset intent may now re-arm the runtime
[FAIL_SAFE][control.apply.emergency_stop][194986] emergency-stop command applied to keep actuators fail-safe
[INFO][control.unveto.sustained][195192] control remained non-veto for 206 ms; actuator path stayed eligible for lifecycle evaluation
[INFO][startup.low_voltage.raw][195532] low-voltage raw check path=/sys/bus/iio/devices/iio:device0/in_voltage7_raw raw=2438 threshold=400
[INFO][encoder.delta.summary][195986] logical encoder sample left=0 right=0 mean=0 diff=0
[FAIL_SAFE][control.apply.emergency_stop][195990] emergency-stop command applied to keep actuators fail-safe
[INFO][imu.sample.summary][195996] imu normalized sample acc_z=-4.854196mps2 gyro_z=0.002095radps valid_streak=6808
[INFO][startup.low_voltage.raw][196534] low-voltage raw check path=/sys/bus/iio/devices/iio:device0/in_voltage7_raw raw=2428 threshold=400
[INFO][encoder.delta.summary][196987] logical encoder sample left=0 right=0 mean=0 diff=0
[FAIL_SAFE][control.apply.emergency_stop][196995] emergency-stop command applied to keep actuators fail-safe
[INFO][imu.sample.summary][197001] imu normalized sample acc_z=-4.846710mps2 gyro_z=0.003159radps valid_streak=6946
[INFO][startup.low_voltage.raw][197537] low-voltage raw check path=/sys/bus/iio/devices/iio:device0/in_voltage7_raw raw=2425 threshold=400
[INFO][encoder.delta.summary][197993] logical encoder sample left=0 right=0 mean=0 diff=0
[FAIL_SAFE][control.apply.emergency_stop][198001] emergency-stop command applied to keep actuators fail-safe
[INFO][imu.sample.summary][198007] imu normalized sample acc_z=-4.849294mps2 gyro_z=0.002095radps valid_streak=7084
[INFO][startup.low_voltage.raw][198538] low-voltage raw check path=/sys/bus/iio/devices/iio:device0/in_voltage7_raw raw=2425 threshold=400
[INFO][encoder.delta.summary][198998] logical encoder sample left=0 right=0 mean=0 diff=0
[FAIL_SAFE][control.apply.emergency_stop][199005] emergency-stop command applied to keep actuators fail-safe
[INFO][imu.sample.summary][199011] imu normalized sample acc_z=-4.846698mps2 gyro_z=0.001031radps valid_streak=7222
[INFO][startup.low_voltage.raw][199544] low-voltage raw check path=/sys/bus/iio/devices/iio:device0/in_voltage7_raw raw=2433 threshold=400
[INFO][encoder.delta.summary][199998] logical encoder sample left=0 right=0 mean=0 diff=0
[FAIL_SAFE][control.apply.emergency_stop][200006] emergency-stop command applied to keep actuators fail-safe
[INFO][imu.sample.summary][200011] imu normalized sample acc_z=-4.847857mps2 gyro_z=-0.000033radps valid_streak=7359
[INFO][startup.low_voltage.raw][200545] low-voltage raw check path=/sys/bus/iio/devices/iio:device0/in_voltage7_raw raw=2424 threshold=400
[INFO][encoder.delta.summary][201005] logical encoder sample left=0 right=0 mean=0 diff=0
[FAIL_SAFE][control.apply.emergency_stop][201009] emergency-stop command applied to keep actuators fail-safe
[INFO][imu.sample.summary][201015] imu normalized sample acc_z=-4.853247mps2 gyro_z=-0.001097radps valid_streak=7496
[INFO][startup.low_voltage.raw][201546] low-voltage raw check path=/sys/bus/iio/devices/iio:device0/in_voltage7_raw raw=2424 threshold=400
[INFO][encoder.delta.summary][202007] logical encoder sample left=0 right=0 mean=0 diff=0
[FAIL_SAFE][control.apply.emergency_stop][202015] emergency-stop command applied to keep actuators fail-safe
[INFO][imu.sample.summary][202020] imu normalized sample acc_z=-4.845513mps2 gyro_z=0.002095radps valid_streak=7634
[INFO][startup.low_voltage.raw][202552] low-voltage raw check path=/sys/bus/iio/devices/iio:device0/in_voltage7_raw raw=2436 threshold=400
[INFO][encoder.delta.summary][203007] logical encoder sample left=0 right=0 mean=0 diff=0
[INFO][imu.sample.summary][203020] imu normalized sample acc_z=-4.851447mps2 gyro_z=-0.000033radps valid_streak=7771
[FAIL_SAFE][control.apply.emergency_stop][203022] emergency-stop command applied to keep actuators fail-safe
[INFO][startup.low_voltage.raw][203552] low-voltage raw check path=/sys/bus/iio/devices/iio:device0/in_voltage7_raw raw=2430 threshold=400
[INFO][encoder.delta.summary][204007] logical encoder sample left=0 right=0 mean=0 diff=0
[INFO][imu.sample.summary][204020] imu normalized sample acc_z=-4.849533mps2 gyro_z=0.001031radps valid_streak=7908
[FAIL_SAFE][control.apply.emergency_stop][204022] emergency-stop command applied to keep actuators fail-safe
[INFO][startup.low_voltage.raw][204559] low-voltage raw check path=/sys/bus/iio/devices/iio:device0/in_voltage7_raw raw=2431 threshold=400
[INFO][encoder.delta.summary][205012] logical encoder sample left=0 right=0 mean=0 diff=0
[INFO][imu.sample.summary][205026] imu normalized sample acc_z=-4.853781mps2 gyro_z=-0.001097radps valid_streak=8046
[FAIL_SAFE][control.apply.emergency_stop][205028] emergency-stop command applied to keep actuators fail-safe
[INFO][startup.low_voltage.raw][205560] low-voltage raw check path=/sys/bus/iio/devices/iio:device0/in_voltage7_raw raw=2423 threshold=400
[INFO][encoder.delta.summary][206019] logical encoder sample left=0 right=0 mean=0 diff=0
[INFO][imu.sample.summary][206029] imu normalized sample acc_z=-4.847391mps2 gyro_z=-0.002161radps valid_streak=8183
[FAIL_SAFE][control.apply.emergency_stop][206030] emergency-stop command applied to keep actuators fail-safe
[INFO][startup.low_voltage.raw][206561] low-voltage raw check path=/sys/bus/iio/devices/iio:device0/in_voltage7_raw raw=2439 threshold=400
[INFO][encoder.delta.summary][207022] logical encoder sample left=0 right=0 mean=0 diff=0
[INFO][imu.sample.summary][207035] imu normalized sample acc_z=-4.844257mps2 gyro_z=-0.000033radps valid_streak=8321
[FAIL_SAFE][control.apply.emergency_stop][207037] emergency-stop command applied to keep actuators fail-safe
[INFO][startup.low_voltage.raw][207567] low-voltage raw check path=/sys/bus/iio/devices/iio:device0/in_voltage7_raw raw=2422 threshold=400
[INFO][encoder.delta.summary][208029] logical encoder sample left=0 right=0 mean=0 diff=0
[INFO][imu.sample.summary][208042] imu normalized sample acc_z=-4.846423mps2 gyro_z=-0.000033radps valid_streak=8459
[FAIL_SAFE][control.apply.emergency_stop][208044] emergency-stop command applied to keep actuators fail-safe
[INFO][startup.low_voltage.raw][208567] low-voltage raw check path=/sys/bus/iio/devices/iio:device0/in_voltage7_raw raw=2420 threshold=400
[INFO][encoder.delta.summary][209035] logical encoder sample left=0 right=0 mean=0 diff=0
[INFO][imu.sample.summary][209049] imu normalized sample acc_z=-4.850216mps2 gyro_z=0.003159radps valid_streak=8597
[FAIL_SAFE][control.apply.emergency_stop][209050] emergency-stop command applied to keep actuators fail-safe
[INFO][startup.low_voltage.raw][209568] low-voltage raw check path=/sys/bus/iio/devices/iio:device0/in_voltage7_raw raw=2424 threshold=400
[INFO][encoder.delta.summary][210035] logical encoder sample left=0 right=0 mean=0 diff=0
[FAIL_SAFE][control.apply.emergency_stop][210050] emergency-stop command applied to keep actuators fail-safe
[INFO][imu.sample.summary][210055] imu normalized sample acc_z=-4.848457mps2 gyro_z=0.001031radps valid_streak=8735
[INFO][startup.low_voltage.raw][210568] low-voltage raw check path=/sys/bus/iio/devices/iio:device0/in_voltage7_raw raw=2425 threshold=400
[INFO][encoder.delta.summary][211042] logical encoder sample left=0 right=0 mean=0 diff=0
[FAIL_SAFE][control.apply.emergency_stop][211053] emergency-stop command applied to keep actuators fail-safe
[INFO][imu.sample.summary][211059] imu normalized sample acc_z=-4.851400mps2 gyro_z=0.001031radps valid_streak=8872
[INFO][startup.low_voltage.raw][211570] low-voltage raw check path=/sys/bus/iio/devices/iio:device0/in_voltage7_raw raw=2430 threshold=400
[INFO][encoder.delta.summary][212046] logical encoder sample left=0 right=0 mean=0 diff=0
[FAIL_SAFE][control.apply.emergency_stop][212053] emergency-stop command applied to keep actuators fail-safe
[INFO][imu.sample.summary][212059] imu normalized sample acc_z=-4.845468mps2 gyro_z=-0.001097radps valid_streak=9009
[INFO][startup.low_voltage.raw][212573] low-voltage raw check path=/sys/bus/iio/devices/iio:device0/in_voltage7_raw raw=2426 threshold=400
[INFO][encoder.delta.summary][213052] logical encoder sample left=0 right=0 mean=0 diff=0
[FAIL_SAFE][control.apply.emergency_stop][213060] emergency-stop command applied to keep actuators fail-safe
[INFO][imu.sample.summary][213066] imu normalized sample acc_z=-4.841877mps2 gyro_z=-0.000033radps valid_streak=9147
[INFO][startup.low_voltage.raw][213574] low-voltage raw check path=/sys/bus/iio/devices/iio:device0/in_voltage7_raw raw=2432 threshold=400
[INFO][encoder.delta.summary][214058] logical encoder sample left=0 right=0 mean=0 diff=0
[FAIL_SAFE][control.apply.emergency_stop][214066] emergency-stop command applied to keep actuators fail-safe
[INFO][imu.sample.summary][214072] imu normalized sample acc_z=-4.849061mps2 gyro_z=-0.001097radps valid_streak=9285
[INFO][startup.low_voltage.raw][214578] low-voltage raw check path=/sys/bus/iio/devices/iio:device0/in_voltage7_raw raw=2432 threshold=400
[FAIL_SAFE][control.veto][214582] vetoing actuator update due to perception_stale
[FAIL_SAFE][control.veto.perception_stale][214582] dominant control veto reason: perception_stale
[WARN][control.unveto.interval.closed][214582] previous non-veto interval closed after 19596 ms (reason=none)
[INFO][control.veto.interval.closed][214590] previous veto interval closed after 8 ms (reason=perception_stale)
[INFO][motion.failsafe.reset_ready][214590] fail-safe latch hold completed; explicit reset intent may now re-arm the runtime
[INFO][control.unveto.sustained][214795] control remained non-veto for 205 ms; actuator path stayed eligible for lifecycle evaluation
[INFO][encoder.delta.summary][215058] logical encoder sample left=0 right=0 mean=0 diff=0
[FAIL_SAFE][control.apply.emergency_stop][215073] emergency-stop command applied to keep actuators fail-safe
[INFO][imu.sample.summary][215078] imu normalized sample acc_z=-4.847871mps2 gyro_z=-0.002161radps valid_streak=9421
[INFO][startup.low_voltage.raw][215581] low-voltage raw check path=/sys/bus/iio/devices/iio:device0/in_voltage7_raw raw=2425 threshold=400
[FAIL_SAFE][control.veto][215772] vetoing actuator update due to perception_stale
[FAIL_SAFE][control.veto.perception_stale][215772] dominant control veto reason: perception_stale
[WARN][control.unveto.interval.closed][215772] previous non-veto interval closed after 1182 ms (reason=none)
[INFO][control.veto.interval.closed][215791] previous veto interval closed after 19 ms (reason=perception_stale)
[INFO][motion.failsafe.reset_ready][215791] fail-safe latch hold completed; explicit reset intent may now re-arm the runtime
[WARN][control.unveto.interval.closed][215810] previous non-veto interval closed after 19 ms (reason=none)
[INFO][control.veto.interval.closed][215822] previous veto interval closed after 12 ms (reason=perception_stale)
[INFO][motion.failsafe.reset_ready][215822] fail-safe latch hold completed; explicit reset intent may now re-arm the runtime
[INFO][control.unveto.sustained][216036] control remained non-veto for 214 ms; actuator path stayed eligible for lifecycle evaluation
[INFO][encoder.delta.summary][216065] logical encoder sample left=0 right=0 mean=0 diff=0
[FAIL_SAFE][control.apply.emergency_stop][216077] emergency-stop command applied to keep actuators fail-safe
[INFO][imu.sample.summary][216083] imu normalized sample acc_z=-4.855001mps2 gyro_z=0.001031radps valid_streak=9537
[WARN][main.exit.forced][216338] forced shutdown requested by SIGTERM; exiting without waiting for DISARMED
[INFO][timer.stop][216341] timer bridge stopped
[INFO][camera.shutdown][216341] camera adapter shutdown complete
[INFO][imu.shutdown][216341] imu adapter shutdown complete
[INFO][encoder.shutdown][216341] encoder adapter shutdown complete
[INFO][motor.shutdown][216342] motor adapter shutdown complete
[INFO][shutdown.complete][216342] actuators disabled and resources released
[INFO][main.exit][216342] runtime exit complete
