== runtime smoke 2026-04-19T06:57:26Z ==
board=root@10.100.170.226
binary=/home/root/new
params_source=/home/madejuele/projects/2K0300/new/verification/params/assistant-local-smoke.json
profile_source=/home/madejuele/projects/2K0300/new/user/../config/hardware_profile.json
smoke_enable_motor=0
true_vendor_root=/home/madejuele/projects/2K0300/true_LS2K0300_Library/Seekfree_LS2K0300_Opensource_Library
harness_context_begin
LS2K_AUTO_START=1
LS2K_AUTO_START_DELAY_MS=200
LS2K_AUTO_STOP_AFTER_MS=0
LS2K_AUTO_RESET_FAULT=0
SMOKE_MAX_FRAMES=80
LS2K_FAULT_INJECT_DROP_FRAME_EVERY_N=0
LS2K_FAULT_INJECT_IMU_INVALID_EVERY_N=0
LS2K_FAULT_INJECT_ENCODER_INVALID_EVERY_N=0
LS2K_FORCE_LOW_VOLTAGE=unset
harness_context_end
[INFO][main.start][554257] starting ls2k migration runtime
[INFO][profile.loaded][554258] hardware profile loaded from /home/root/hardware_profile.smoke.json
[INFO][params.loaded][554260] runtime parameters loaded from /home/root/default_params.smoke.json
[INFO][profile.camera][554260] direct-match:phase1-160x120-to-160x128-no-exp-light-control
[INFO][profile.imu][554260] direct-match:imu-core-device-detect
[INFO][profile.encoder][554260] direct-match:absolute-count-delta-baseline
[INFO][profile.motor][554260] disabled:smoke-motor-disabled
[INFO][profile.timer][554260] direct-match:pit-timer-bridge
[WARN][startup.mode.degraded][554260] degraded startup mode enabled: non-direct-match profiles may pass startup for diagnostics only
[WARN][startup.profile.motor.degraded][554260] motor profile is disabled:smoke-motor-disabled (allowed only in degraded startup mode)
[INFO][params.critical.apply][554260] applied startup-critical fields P_Mode and exp_light before adapter bring-up
[INFO][power.init][554260] power monitor initialized with true_ls2k0300 adc bridge path=/sys/bus/iio/devices/iio:device0/in_voltage7_raw
[INFO][startup.low_voltage.raw][554260] low-voltage raw check path=/sys/bus/iio/devices/iio:device0/in_voltage7_raw raw=2566 threshold=400
[INFO][startup.low_voltage.clear][554261] startup low-voltage check is clear
find uvc camera Successfully.
get uvc width = 160.000000.
get uvc height = 120.000000.
get uvc fps = 120.000000.
[INFO][camera.init][554537] camera initialized through true_ls2k0300 bridge: /dev/video0
[INFO][imu.init][554539] imu initialized through true_ls2k0300 bridge: resolved IMU resource at /sys/bus/iio/devices/iio:device1
[INFO][imu.detect][554539] imu detection path selected: imu660ra source=/sys/bus/iio/devices/iio:device1/name
[INFO][imu.calibration.ready][554588] imu gyro zero-bias calibrated from 32 startup sample(s)
[INFO][encoder.init][554589] encoder initialized through true_ls2k0300 bridge: left=/dev/zf_encoder_1, right=/dev/zf_encoder_2
[INFO][encoder.normalization][554589] encoder direct-match normalization keeps logical left=raw_left and logical right=-raw_right for direct speed samples
[INFO][motor.disabled][554589] motor subsystem disabled by hardware profile
[WARN][startup.motor.disabled.degraded][554589] motor is disabled by profile and degraded startup mode is enabled
[INFO][startup.complete][554589] startup validated required adapters and applied critical params
[WARN][control.start.degraded.motor_disabled][554589] degraded startup keeps control loop running with motor disabled; actuators stay disarmed
[INFO][timer.start.pit][554589] timer started with true_ls2k0300 pit bridge
[FAIL_SAFE][control.arm.motor_disabled][554589] motor profile is disabled; control loop stays diagnostics-only with actuators disarmed
[INFO][control.start][554589] control loop started with gate -> motion supervisor -> shaping/apply sequencing
[INFO][assistant.configured][554589] assistant sidecar configured for TCP endpoint 10.100.170.115:8888
[INFO][main.harness_context][554589] automation_context auto_start=true auto_start_delay_ms=200 auto_stop_after_ms=0 auto_reset_fault=false emit_frame_progress=true
[INFO][imu.sample.summary][554595] imu normalized sample acc_z=-4.851448mps2 gyro_z=0.000200radps valid_streak=1
[INFO][encoder.delta.summary][554597] logical encoder sample left=0 right=0 mean=0 diff=0
[FAIL_SAFE][control.veto][554597] vetoing actuator update due to perception_stale
[FAIL_SAFE][control.veto.perception_stale][554597] dominant control veto reason: perception_stale
[WARN][control.apply.suppressed][554597] drive command suppressed because the active motor profile is diagnostics-only
[WARN][control.snapshot][554597] phase=DISARMED veto=true reason=perception_stale effective_speed_target=0 left_target=0 right_target=0 left_measured=0 right_measured=0 turn_pwm=0 left_pwm=0 right_pwm=0 emergency_stop=true
[WARN][control.snapshot][554698] phase=DISARMED veto=true reason=perception_stale effective_speed_target=0 left_target=0 right_target=0 left_measured=0 right_measured=0 turn_pwm=0 left_pwm=0 right_pwm=0 emergency_stop=true
[WARN][control.veto.sustained][554803] control remained vetoed for 206 ms with dominant reason=perception_stale
[WARN][control.snapshot][554803] phase=DISARMED veto=true reason=perception_stale effective_speed_target=0 left_target=0 right_target=0 left_measured=0 right_measured=0 turn_pwm=0 left_pwm=0 right_pwm=0 emergency_stop=true
[INFO][imu.continuity.ready][554817] imu sample stream stayed valid for 32 consecutive reads after bridge normalization
[INFO][assistant.connecting][554892] assistant TCP connecting to 10.100.170.115:8888
[INFO][main.frame.processed][554589] processed_frames=1
[INFO][motion.start.requested][554893] motion start requested by LS2K_AUTO_START
[INFO][motion.phase.transition][554899] motion phase transitioned from DISARMED to START_REQUESTED
[WARN][motion.start.blocked][554899] start request remains blocked while gate reason=perception_stale
[WARN][control.snapshot][554907] phase=START_REQUESTED veto=true reason=perception_stale effective_speed_target=0 left_target=0 right_target=0 left_measured=0 right_measured=0 turn_pwm=0 left_pwm=0 right_pwm=0 emergency_stop=true
[INFO][assistant.connected][554908] assistant TCP connected to 10.100.170.115:8888
[INFO][main.frame.processed][554893] processed_frames=2
[INFO][control.veto.interval.closed][554914] previous veto interval closed after 317 ms (reason=perception_stale)
[INFO][main.frame.processed][554912] processed_frames=3
[INFO][motion.phase.transition][554933] motion phase transitioned from START_REQUESTED to SPINUP
[INFO][motion.spinup.enter][554933] motion start request cleared the gate-confirmation boundary and entered spinup
[INFO][control.command.requested_nonzero][554933] non-zero differential-drive command requested
[INFO][main.frame.processed][554925] processed_frames=4
[INFO][main.frame.processed][554942] processed_frames=5
[INFO][main.frame.processed][554951] processed_frames=6
[INFO][main.frame.processed][554960] processed_frames=7
[INFO][main.frame.processed][554970] processed_frames=8
[INFO][main.frame.processed][554978] processed_frames=9
[INFO][main.frame.processed][554985] processed_frames=10
[INFO][main.frame.processed][554997] processed_frames=11
[INFO][control.snapshot][555009] phase=SPINUP veto=false reason=none effective_speed_target=9.75333 left_target=22.0033 right_target=0 left_measured=0 right_measured=0 turn_pwm=-1050 left_pwm=280 right_pwm=0 emergency_stop=false
[INFO][main.frame.processed][555011] processed_frames=12
[INFO][main.frame.processed][555024] processed_frames=13
[INFO][main.frame.processed][555039] processed_frames=14
[INFO][main.frame.processed][555053] processed_frames=15
[INFO][main.frame.processed][555062] processed_frames=16
[INFO][main.frame.processed][555072] processed_frames=17
[INFO][main.frame.processed][555082] processed_frames=18
[INFO][main.frame.processed][555090] processed_frames=19
[INFO][control.snapshot][555109] phase=SPINUP veto=false reason=none effective_speed_target=22.5867 left_target=34.8367 right_target=10.3367 left_measured=0 right_measured=0 turn_pwm=-1050 left_pwm=280 right_pwm=280 emergency_stop=false
[INFO][control.unveto.sustained][555117] control remained non-veto for 203 ms; actuator path stayed eligible for lifecycle evaluation
[INFO][main.frame.processed][555103] processed_frames=20
[INFO][main.frame.processed][555118] processed_frames=21
[INFO][main.frame.processed][555132] processed_frames=22
[INFO][main.frame.processed][555147] processed_frames=23
[INFO][main.frame.processed][555159] processed_frames=24
[INFO][main.frame.processed][555169] processed_frames=25
[INFO][main.frame.processed][555178] processed_frames=26
[INFO][main.frame.processed][555187] processed_frames=27
[INFO][main.frame.processed][555195] processed_frames=28
[INFO][control.snapshot][555213] phase=SPINUP veto=false reason=none effective_speed_target=35.9333 left_target=48.1833 right_target=23.6833 left_measured=0 right_measured=0 turn_pwm=-1050 left_pwm=280 right_pwm=280 emergency_stop=false
[INFO][main.frame.processed][555206] processed_frames=29
[INFO][main.frame.processed][555223] processed_frames=30
[INFO][main.frame.processed][555236] processed_frames=31
[INFO][startup.low_voltage.raw][555262] low-voltage raw check path=/sys/bus/iio/devices/iio:device0/in_voltage7_raw raw=2571 threshold=400
[INFO][main.frame.processed][555257] processed_frames=32
[INFO][main.frame.processed][555268] processed_frames=33
[INFO][main.frame.processed][555278] processed_frames=34
[INFO][main.frame.processed][555288] processed_frames=35
[INFO][main.frame.processed][555297] processed_frames=36
[INFO][main.frame.processed][555305] processed_frames=37
[INFO][control.snapshot][555317] phase=SPINUP veto=false reason=none effective_speed_target=49.28 left_target=61.53 right_target=37.03 left_measured=0 right_measured=0 turn_pwm=-1050 left_pwm=280 right_pwm=280 emergency_stop=false
[INFO][main.frame.processed][555318] processed_frames=38
[INFO][main.frame.processed][555330] processed_frames=39
[INFO][main.frame.processed][555351] processed_frames=40
[INFO][main.frame.processed][555364] processed_frames=41
[INFO][main.frame.processed][555373] processed_frames=42
[INFO][main.frame.processed][555382] processed_frames=43
[INFO][main.frame.processed][555392] processed_frames=44
[INFO][main.frame.processed][555399] processed_frames=45
[INFO][main.frame.processed][555407] processed_frames=46
[INFO][control.snapshot][555422] phase=SPINUP veto=false reason=none effective_speed_target=62.755 left_target=75.005 right_target=50.505 left_measured=0 right_measured=0 turn_pwm=-1050 left_pwm=280 right_pwm=280 emergency_stop=false
[INFO][main.frame.processed][555416] processed_frames=47
[INFO][main.frame.processed][555430] processed_frames=48
[INFO][main.frame.processed][555447] processed_frames=49
[INFO][main.frame.processed][555463] processed_frames=50
[INFO][main.frame.processed][555476] processed_frames=51
[INFO][main.frame.processed][555484] processed_frames=52
[INFO][main.frame.processed][555493] processed_frames=53
[INFO][main.frame.processed][555503] processed_frames=54
[INFO][main.frame.processed][555511] processed_frames=55
[INFO][control.snapshot][555525] phase=SPINUP veto=false reason=none effective_speed_target=75.9733 left_target=88.2233 right_target=63.7233 left_measured=0 right_measured=0 turn_pwm=-1050 left_pwm=280 right_pwm=280 emergency_stop=false
[INFO][main.frame.processed][555521] processed_frames=56
[INFO][motion.phase.transition][555540] motion phase transitioned from SPINUP to RUNNING
[INFO][motion.spinup.complete][555540] spinup timer completed and running authority is now released
[INFO][main.frame.processed][555541] processed_frames=57
[INFO][main.frame.processed][555556] processed_frames=58
[INFO][main.frame.processed][555570] processed_frames=59
[INFO][main.frame.processed][555582] processed_frames=60
[INFO][main.frame.processed][555590] processed_frames=61
[INFO][imu.sample.summary][555598] imu normalized sample acc_z=-4.859751mps2 gyro_z=-0.001929radps valid_streak=134
[INFO][encoder.delta.summary][555600] logical encoder sample left=0 right=0 mean=0 diff=0
[WARN][control.apply.suppressed][555600] drive command suppressed because the active motor profile is diagnostics-only
[INFO][main.frame.processed][555600] processed_frames=62
[INFO][main.frame.processed][555609] processed_frames=63
[INFO][control.snapshot][555629] phase=RUNNING veto=false reason=none effective_speed_target=77 left_target=91.0233 right_target=62.9767 left_measured=0 right_measured=0 turn_pwm=-1202 left_pwm=3000 right_pwm=3000 emergency_stop=false
[INFO][main.frame.processed][555618] processed_frames=64
[INFO][main.frame.processed][555631] processed_frames=65
[INFO][main.frame.processed][555646] processed_frames=66
[INFO][main.frame.processed][555659] processed_frames=67
[INFO][main.frame.processed][555676] processed_frames=68
[INFO][main.frame.processed][555685] processed_frames=69
[INFO][main.frame.processed][555695] processed_frames=70
[INFO][main.frame.processed][555705] processed_frames=71
[INFO][main.frame.processed][555713] processed_frames=72
[INFO][main.frame.processed][555724] processed_frames=73
[INFO][control.snapshot][555731] phase=RUNNING veto=false reason=none effective_speed_target=77 left_target=91.7117 right_target=62.2883 left_measured=0 right_measured=0 turn_pwm=-1261 left_pwm=3000 right_pwm=3000 emergency_stop=false
[INFO][main.frame.processed][555732] processed_frames=74
[INFO][main.frame.processed][555749] processed_frames=75
[INFO][main.frame.processed][555762] processed_frames=76
[INFO][main.frame.processed][555774] processed_frames=77
[INFO][main.frame.processed][555794] processed_frames=78
[INFO][main.frame.processed][555802] processed_frames=79
[INFO][main.frame.processed][555811] processed_frames=80
[INFO][main.frame.processed][555821] processed_frames=81
[INFO][main.frame.processed][555829] processed_frames=82
[INFO][control.snapshot][555836] phase=RUNNING veto=false reason=none effective_speed_target=77 left_target=91.2917 right_target=62.7083 left_measured=0 right_measured=0 turn_pwm=-1225 left_pwm=3000 right_pwm=3000 emergency_stop=false
[INFO][main.frame.processed][555837] processed_frames=83
[INFO][main.frame.processed][555853] processed_frames=84
[INFO][main.frame.processed][555866] processed_frames=85
[INFO][motion.stop.requested][555886] controlled stop requested by signal
[INFO][main.frame.processed][555886] processed_frames=86
[INFO][main.frame.processed][555898] processed_frames=87
[INFO][main.frame.processed][555908] processed_frames=88
[INFO][main.frame.processed][555916] processed_frames=89
[INFO][main.frame.processed][555924] processed_frames=90
[INFO][main.frame.processed][555933] processed_frames=91
[INFO][control.snapshot][555942] phase=STOPPING veto=false reason=none effective_speed_target=63.91 left_target=63.91 right_target=63.91 left_measured=0 right_measured=0 turn_pwm=0 left_pwm=0 right_pwm=0 emergency_stop=false
[INFO][main.frame.processed][555945] processed_frames=92
[INFO][main.frame.processed][555959] processed_frames=93
[INFO][main.frame.processed][555975] processed_frames=94
[INFO][main.frame.processed][555984] processed_frames=95
[INFO][main.frame.processed][555994] processed_frames=96
[INFO][main.frame.processed][556002] processed_frames=97
[INFO][main.frame.processed][556009] processed_frames=98
[INFO][main.frame.processed][556018] processed_frames=99
[INFO][main.frame.processed][556035] processed_frames=100
[INFO][control.snapshot][556049] phase=STOPPING veto=false reason=none effective_speed_target=36.4467 left_target=36.4467 right_target=36.4467 left_measured=0 right_measured=0 turn_pwm=0 left_pwm=0 right_pwm=0 emergency_stop=false
[INFO][main.frame.processed][556045] processed_frames=101
[INFO][main.frame.processed][556058] processed_frames=102
[INFO][main.frame.processed][556066] processed_frames=103
[INFO][main.frame.processed][556075] processed_frames=104
[INFO][main.frame.processed][556086] processed_frames=105
[INFO][main.frame.processed][556095] processed_frames=106
[INFO][main.frame.processed][556110] processed_frames=107
[INFO][main.frame.processed][556126] processed_frames=108
[INFO][main.frame.processed][556138] processed_frames=109
[INFO][control.snapshot][556152] phase=STOPPING veto=false reason=none effective_speed_target=10.01 left_target=10.01 right_target=10.01 left_measured=0 right_measured=0 turn_pwm=0 left_pwm=0 right_pwm=0 emergency_stop=false
[INFO][main.frame.processed][556146] processed_frames=110
[INFO][main.frame.processed][556155] processed_frames=111
[INFO][main.frame.processed][556164] processed_frames=112
[INFO][main.frame.processed][556174] processed_frames=113
[INFO][motion.phase.transition][556197] motion phase transitioned from STOPPING to DISARMED
[INFO][motion.stop.complete][556197] controlled stop completed and runtime returned to DISARMED
[INFO][main.frame.processed][556190] processed_frames=114
[INFO][main.exit.ready][556201] controlled stop reached DISARMED; process may now exit
[INFO][timer.stop][556203] timer bridge stopped
[INFO][camera.shutdown][556203] camera adapter shutdown complete
[INFO][imu.shutdown][556203] imu adapter shutdown complete
[INFO][encoder.shutdown][556203] encoder adapter shutdown complete
[INFO][motor.shutdown][556203] motor adapter shutdown complete
[INFO][shutdown.complete][556203] actuators disabled and resources released
[INFO][main.exit][556203] runtime exit complete
remote_runtime_exit=0
remote_log_copy_exit=0
remote_runtime_invoked=1
